# JRE version: OpenJDK Runtime Environment Temurin-17.0.8.1+1 (17.0.8.1+1) (build 17.0.8.1+1)
# Java VM: OpenJDK 64-Bit Server VM Temurin-17.0.8.1+1 (17.0.8.1+1, mixed mode, tiered, compressed oops, compressed class ptrs, parallel gc, windows-amd64)
GC Precious Log:
 CPUs: 16 total, 16 available
 Memory: 7421M
 Large Page Support: Disabled
 NUMA Support: Disabled
 Compressed Oops: Enabled (32-bit)
 Alignments: Space 512K, Generation 512K, Heap 2M
 Heap Min Capacity: 100M
 Heap Initial Capacity: 100M
 Heap Max Capacity: 1G
 Pre-touch: Disabled
 Parallel Workers: 13
Heap:
 PSYoungGen      total 4608K, used 2159K [0x00000000eab00000, 0x00000000eb680000, 0x0000000100000000)
  eden space 2560K, 4% used [0x00000000eab00000,0x00000000eab1cd10,0x00000000ead80000)
  from space 2048K, 99% used [0x00000000eae00000,0x00000000eafff200,0x00000000eb000000)
  to   space 4608K, 0% used [0x00000000eb200000,0x00000000eb200000,0x00000000eb680000)
 ParOldGen       total 152576K, used 126478K [0x00000000c0000000, 0x00000000c9500000, 0x00000000eab00000)
  object space 152576K, 82% used [0x00000000c0000000,0x00000000c7b83ae8,0x00000000c9500000)
 Metaspace       used 78765K, committed 79936K, reserved 1179648K
  class space    used 8385K, committed 8896K, reserved 1048576K
GC Heap History (20 events):
Event: 67.662 GC heap before
{Heap before GC invocations=809 (full 18):
 PSYoungGen      total 3584K, used 3008K [0x00000000eab00000, 0x00000000eb000000, 0x0000000100000000)
  eden space 2048K, 100% used [0x00000000eab00000,0x00000000ead00000,0x00000000ead00000)
  from space 1536K, 62% used [0x00000000ead80000,0x00000000eae70000,0x00000000eaf00000)
  to   space 1024K, 0% used [0x00000000eaf00000,0x00000000eaf00000,0x00000000eb000000)
 ParOldGen       total 152576K, used 112249K [0x00000000c0000000, 0x00000000c9500000, 0x00000000eab00000)
  object space 152576K, 73% used [0x00000000c0000000,0x00000000c6d9e6d8,0x00000000c9500000)
 Metaspace       used 78764K, committed 79936K, reserved 1179648K
  class space    used 8385K, committed 8896K, reserved 1048576K
}
Event: 67.664 GC heap after
{Heap after GC invocations=809 (full 18):
 PSYoungGen      total 3072K, used 1024K [0x00000000eab00000, 0x00000000eb180000, 0x0000000100000000)
  eden space 2048K, 0% used [0x00000000eab00000,0x00000000eab00000,0x00000000ead00000)
  from space 1024K, 100% used [0x00000000eaf00000,0x00000000eb000000,0x00000000eb000000)
  to   space 2048K, 0% used [0x00000000ead00000,0x00000000ead00000,0x00000000eaf00000)
 ParOldGen       total 152576K, used 113101K [0x00000000c0000000, 0x00000000c9500000, 0x00000000eab00000)
  object space 152576K, 74% used [0x00000000c0000000,0x00000000c6e736e8,0x00000000c9500000)
 Metaspace       used 78764K, committed 79936K, reserved 1179648K
  class space    used 8385K, committed 8896K, reserved 1048576K
}
Event: 67.676 GC heap before
{Heap before GC invocations=810 (full 18):
 PSYoungGen      total 3072K, used 3072K [0x00000000eab00000, 0x00000000eb180000, 0x0000000100000000)
  eden space 2048K, 100% used [0x00000000eab00000,0x00000000ead00000,0x00000000ead00000)
  from space 1024K, 100% used [0x00000000eaf00000,0x00000000eb000000,0x00000000eb000000)
  to   space 2048K, 0% used [0x00000000ead00000,0x00000000ead00000,0x00000000eaf00000)
 ParOldGen       total 152576K, used 113101K [0x00000000c0000000, 0x00000000c9500000, 0x00000000eab00000)
  object space 152576K, 74% used [0x00000000c0000000,0x00000000c6e736e8,0x00000000c9500000)
 Metaspace       used 78764K, committed 79936K, reserved 1179648K
  class space    used 8385K, committed 8896K, reserved 1048576K
}
Event: 67.678 GC heap after
{Heap after GC invocations=810 (full 18):
 PSYoungGen      total 4096K, used 896K [0x00000000eab00000, 0x00000000eb080000, 0x0000000100000000)
  eden space 2048K, 0% used [0x00000000eab00000,0x00000000eab00000,0x00000000ead00000)
  from space 2048K, 43% used [0x00000000ead00000,0x00000000eade0000,0x00000000eaf00000)
  to   space 1536K, 0% used [0x00000000eaf00000,0x00000000eaf00000,0x00000000eb080000)
 ParOldGen       total 152576K, used 114053K [0x00000000c0000000, 0x00000000c9500000, 0x00000000eab00000)
  object space 152576K, 74% used [0x00000000c0000000,0x00000000c6f616e8,0x00000000c9500000)
 Metaspace       used 78764K, committed 79936K, reserved 1179648K
  class space    used 8385K, committed 8896K, reserved 1048576K
}
Event: 67.718 GC heap before
{Heap before GC invocations=811 (full 18):
 PSYoungGen      total 4096K, used 2944K [0x00000000eab00000, 0x00000000eb080000, 0x0000000100000000)
  eden space 2048K, 100% used [0x00000000eab00000,0x00000000ead00000,0x00000000ead00000)
  from space 2048K, 43% used [0x00000000ead00000,0x00000000eade0000,0x00000000eaf00000)
  to   space 1536K, 0% used [0x00000000eaf00000,0x00000000eaf00000,0x00000000eb080000)
 ParOldGen       total 152576K, used 114053K [0x00000000c0000000, 0x00000000c9500000, 0x00000000eab00000)
  object space 152576K, 74% used [0x00000000c0000000,0x00000000c6f616e8,0x00000000c9500000)
 Metaspace       used 78764K, committed 79936K, reserved 1179648K
  class space    used 8385K, committed 8896K, reserved 1048576K
}
Event: 67.720 GC heap after
{Heap after GC invocations=811 (full 18):
 PSYoungGen      total 3584K, used 1536K [0x00000000eab00000, 0x00000000eb180000, 0x0000000100000000)
  eden space 2048K, 0% used [0x00000000eab00000,0x00000000eab00000,0x00000000ead00000)
  from space 1536K, 100% used [0x00000000eaf00000,0x00000000eb080000,0x00000000eb080000)
  to   space 2048K, 0% used [0x00000000ead00000,0x00000000ead00000,0x00000000eaf00000)
 ParOldGen       total 152576K, used 114733K [0x00000000c0000000, 0x00000000c9500000, 0x00000000eab00000)
  object space 152576K, 75% used [0x00000000c0000000,0x00000000c700b6e8,0x00000000c9500000)
 Metaspace       used 78764K, committed 79936K, reserved 1179648K
  class space    used 8385K, committed 8896K, reserved 1048576K
}
Event: 67.730 GC heap before
{Heap before GC invocations=812 (full 18):
 PSYoungGen      total 3584K, used 3584K [0x00000000eab00000, 0x00000000eb180000, 0x0000000100000000)
  eden space 2048K, 100% used [0x00000000eab00000,0x00000000ead00000,0x00000000ead00000)
  from space 1536K, 100% used [0x00000000eaf00000,0x00000000eb080000,0x00000000eb080000)
  to   space 2048K, 0% used [0x00000000ead00000,0x00000000ead00000,0x00000000eaf00000)
 ParOldGen       total 152576K, used 114733K [0x00000000c0000000, 0x00000000c9500000, 0x00000000eab00000)
  object space 152576K, 75% used [0x00000000c0000000,0x00000000c700b6e8,0x00000000c9500000)
 Metaspace       used 78765K, committed 79936K, reserved 1179648K
  class space    used 8385K, committed 8896K, reserved 1048576K
}
Event: 67.732 GC heap after
{Heap after GC invocations=812 (full 18):
 PSYoungGen      total 4096K, used 992K [0x00000000eab00000, 0x00000000eb080000, 0x0000000100000000)
  eden space 2048K, 0% used [0x00000000eab00000,0x00000000eab00000,0x00000000ead00000)
  from space 2048K, 48% used [0x00000000ead00000,0x00000000eadf8000,0x00000000eaf00000)
  to   space 1536K, 0% used [0x00000000eaf00000,0x00000000eaf00000,0x00000000eb080000)
 ParOldGen       total 152576K, used 116037K [0x00000000c0000000, 0x00000000c9500000, 0x00000000eab00000)
  object space 152576K, 76% used [0x00000000c0000000,0x00000000c71516e8,0x00000000c9500000)
 Metaspace       used 78765K, committed 79936K, reserved 1179648K
  class space    used 8385K, committed 8896K, reserved 1048576K
}
Event: 67.760 GC heap before
{Heap before GC invocations=813 (full 18):
 PSYoungGen      total 4096K, used 3039K [0x00000000eab00000, 0x00000000eb080000, 0x0000000100000000)
  eden space 2048K, 99% used [0x00000000eab00000,0x00000000eacfffb8,0x00000000ead00000)
  from space 2048K, 48% used [0x00000000ead00000,0x00000000eadf8000,0x00000000eaf00000)
  to   space 1536K, 0% used [0x00000000eaf00000,0x00000000eaf00000,0x00000000eb080000)
 ParOldGen       total 152576K, used 116037K [0x00000000c0000000, 0x00000000c9500000, 0x00000000eab00000)
  object space 152576K, 76% used [0x00000000c0000000,0x00000000c71516e8,0x00000000c9500000)
 Metaspace       used 78765K, committed 79936K, reserved 1179648K
  class space    used 8385K, committed 8896K, reserved 1048576K
}
Event: 67.762 GC heap after
{Heap after GC invocations=813 (full 18):
 PSYoungGen      total 4096K, used 1184K [0x00000000eab00000, 0x00000000eb080000, 0x0000000100000000)
  eden space 2560K, 0% used [0x00000000eab00000,0x00000000eab00000,0x00000000ead80000)
  from space 1536K, 77% used [0x00000000eaf00000,0x00000000eb028000,0x00000000eb080000)
  to   space 1536K, 0% used [0x00000000ead80000,0x00000000ead80000,0x00000000eaf00000)
 ParOldGen       total 152576K, used 116861K [0x00000000c0000000, 0x00000000c9500000, 0x00000000eab00000)
  object space 152576K, 76% used [0x00000000c0000000,0x00000000c721f6e8,0x00000000c9500000)
 Metaspace       used 78765K, committed 79936K, reserved 1179648K
  class space    used 8385K, committed 8896K, reserved 1048576K
}
Event: 67.817 GC heap before
{Heap before GC invocations=814 (full 18):
 PSYoungGen      total 4096K, used 3744K [0x00000000eab00000, 0x00000000eb080000, 0x0000000100000000)
  eden space 2560K, 100% used [0x00000000eab00000,0x00000000ead80000,0x00000000ead80000)
  from space 1536K, 77% used [0x00000000eaf00000,0x00000000eb028000,0x00000000eb080000)
  to   space 1536K, 0% used [0x00000000ead80000,0x00000000ead80000,0x00000000eaf00000)
 ParOldGen       total 152576K, used 116861K [0x00000000c0000000, 0x00000000c9500000, 0x00000000eab00000)
  object space 152576K, 76% used [0x00000000c0000000,0x00000000c721f6e8,0x00000000c9500000)
 Metaspace       used 78765K, committed 79936K, reserved 1179648K
  class space    used 8385K, committed 8896K, reserved 1048576K
}
Event: 67.820 GC heap after
{Heap after GC invocations=814 (full 18):
 PSYoungGen      total 4096K, used 1536K [0x00000000eab00000, 0x00000000eb580000, 0x0000000100000000)
  eden space 2560K, 0% used [0x00000000eab00000,0x00000000eab00000,0x00000000ead80000)
  from space 1536K, 100% used [0x00000000ead80000,0x00000000eaf00000,0x00000000eaf00000)
  to   space 4096K, 0% used [0x00000000eb180000,0x00000000eb180000,0x00000000eb580000)
 ParOldGen       total 152576K, used 118853K [0x00000000c0000000, 0x00000000c9500000, 0x00000000eab00000)
  object space 152576K, 77% used [0x00000000c0000000,0x00000000c74116e8,0x00000000c9500000)
 Metaspace       used 78765K, committed 79936K, reserved 1179648K
  class space    used 8385K, committed 8896K, reserved 1048576K
}
Event: 67.881 GC heap before
{Heap before GC invocations=815 (full 18):
 PSYoungGen      total 4096K, used 4073K [0x00000000eab00000, 0x00000000eb580000, 0x0000000100000000)
  eden space 2560K, 99% used [0x00000000eab00000,0x00000000ead7a690,0x00000000ead80000)
  from space 1536K, 100% used [0x00000000ead80000,0x00000000eaf00000,0x00000000eaf00000)
  to   space 4096K, 0% used [0x00000000eb180000,0x00000000eb180000,0x00000000eb580000)
 ParOldGen       total 152576K, used 118853K [0x00000000c0000000, 0x00000000c9500000, 0x00000000eab00000)
  object space 152576K, 77% used [0x00000000c0000000,0x00000000c74116e8,0x00000000c9500000)
 Metaspace       used 78765K, committed 79936K, reserved 1179648K
  class space    used 8385K, committed 8896K, reserved 1048576K
}
Event: 67.884 GC heap after
{Heap after GC invocations=815 (full 18):
 PSYoungGen      total 5120K, used 2510K [0x00000000eab00000, 0x00000000eb400000, 0x0000000100000000)
  eden space 2560K, 0% used [0x00000000eab00000,0x00000000eab00000,0x00000000ead80000)
  from space 2560K, 98% used [0x00000000eb180000,0x00000000eb3f3900,0x00000000eb400000)
  to   space 3072K, 0% used [0x00000000eae00000,0x00000000eae00000,0x00000000eb100000)
 ParOldGen       total 152576K, used 120445K [0x00000000c0000000, 0x00000000c9500000, 0x00000000eab00000)
  object space 152576K, 78% used [0x00000000c0000000,0x00000000c759f6e8,0x00000000c9500000)
 Metaspace       used 78765K, committed 79936K, reserved 1179648K
  class space    used 8385K, committed 8896K, reserved 1048576K
}
Event: 67.975 GC heap before
{Heap before GC invocations=816 (full 18):
 PSYoungGen      total 5120K, used 5070K [0x00000000eab00000, 0x00000000eb400000, 0x0000000100000000)
  eden space 2560K, 100% used [0x00000000eab00000,0x00000000ead80000,0x00000000ead80000)
  from space 2560K, 98% used [0x00000000eb180000,0x00000000eb3f3900,0x00000000eb400000)
  to   space 3072K, 0% used [0x00000000eae00000,0x00000000eae00000,0x00000000eb100000)
 ParOldGen       total 152576K, used 120445K [0x00000000c0000000, 0x00000000c9500000, 0x00000000eab00000)
  object space 152576K, 78% used [0x00000000c0000000,0x00000000c759f6e8,0x00000000c9500000)
 Metaspace       used 78765K, committed 79936K, reserved 1179648K
  class space    used 8385K, committed 8896K, reserved 1048576K
}
Event: 67.979 GC heap after
{Heap after GC invocations=816 (full 18):
 PSYoungGen      total 5120K, used 2460K [0x00000000eab00000, 0x00000000eb280000, 0x0000000100000000)
  eden space 2560K, 0% used [0x00000000eab00000,0x00000000eab00000,0x00000000ead80000)
  from space 2560K, 96% used [0x00000000eae00000,0x00000000eb067200,0x00000000eb080000)
  to   space 2048K, 0% used [0x00000000eb080000,0x00000000eb080000,0x00000000eb280000)
 ParOldGen       total 152576K, used 122197K [0x00000000c0000000, 0x00000000c9500000, 0x00000000eab00000)
  object space 152576K, 80% used [0x00000000c0000000,0x00000000c77556e8,0x00000000c9500000)
 Metaspace       used 78765K, committed 79936K, reserved 1179648K
  class space    used 8385K, committed 8896K, reserved 1048576K
}
Event: 67.990 GC heap before
{Heap before GC invocations=817 (full 18):
 PSYoungGen      total 5120K, used 3958K [0x00000000eab00000, 0x00000000eb280000, 0x0000000100000000)
  eden space 2560K, 58% used [0x00000000eab00000,0x00000000eac76660,0x00000000ead80000)
  from space 2560K, 96% used [0x00000000eae00000,0x00000000eb067200,0x00000000eb080000)
  to   space 2048K, 0% used [0x00000000eb080000,0x00000000eb080000,0x00000000eb280000)
 ParOldGen       total 152576K, used 122197K [0x00000000c0000000, 0x00000000c9500000, 0x00000000eab00000)
  object space 152576K, 80% used [0x00000000c0000000,0x00000000c77556e8,0x00000000c9500000)
 Metaspace       used 78765K, committed 79936K, reserved 1179648K
  class space    used 8385K, committed 8896K, reserved 1048576K
}
Event: 67.993 GC heap after
{Heap after GC invocations=817 (full 18):
 PSYoungGen      total 4096K, used 1532K [0x00000000eab00000, 0x00000000eb200000, 0x0000000100000000)
  eden space 2560K, 0% used [0x00000000eab00000,0x00000000eab00000,0x00000000ead80000)
  from space 1536K, 99% used [0x00000000eb080000,0x00000000eb1ff200,0x00000000eb200000)
  to   space 2048K, 0% used [0x00000000eae00000,0x00000000eae00000,0x00000000eb000000)
 ParOldGen       total 152576K, used 124490K [0x00000000c0000000, 0x00000000c9500000, 0x00000000eab00000)
  object space 152576K, 81% used [0x00000000c0000000,0x00000000c79928e8,0x00000000c9500000)
 Metaspace       used 78765K, committed 79936K, reserved 1179648K
  class space    used 8385K, committed 8896K, reserved 1048576K
}
Event: 68.331 GC heap before
{Heap before GC invocations=818 (full 18):
 PSYoungGen      total 4096K, used 4092K [0x00000000eab00000, 0x00000000eb200000, 0x0000000100000000)
  eden space 2560K, 100% used [0x00000000eab00000,0x00000000ead80000,0x00000000ead80000)
  from space 1536K, 99% used [0x00000000eb080000,0x00000000eb1ff200,0x00000000eb200000)
  to   space 2048K, 0% used [0x00000000eae00000,0x00000000eae00000,0x00000000eb000000)
 ParOldGen       total 152576K, used 124490K [0x00000000c0000000, 0x00000000c9500000, 0x00000000eab00000)
  object space 152576K, 81% used [0x00000000c0000000,0x00000000c79928e8,0x00000000c9500000)
 Metaspace       used 78765K, committed 79936K, reserved 1179648K
  class space    used 8385K, committed 8896K, reserved 1048576K
}
Event: 68.334 GC heap after
{Heap after GC invocations=818 (full 18):
 PSYoungGen      total 4608K, used 2044K [0x00000000eab00000, 0x00000000eb680000, 0x0000000100000000)
  eden space 2560K, 0% used [0x00000000eab00000,0x00000000eab00000,0x00000000ead80000)
  from space 2048K, 99% used [0x00000000eae00000,0x00000000eafff200,0x00000000eb000000)
  to   space 4608K, 0% used [0x00000000eb200000,0x00000000eb200000,0x00000000eb680000)
 ParOldGen       total 152576K, used 126478K [0x00000000c0000000, 0x00000000c9500000, 0x00000000eab00000)
  object space 152576K, 82% used [0x00000000c0000000,0x00000000c7b83ae8,0x00000000c9500000)
 Metaspace       used 78765K, committed 79936K, reserved 1179648K
  class space    used 8385K, committed 8896K, reserved 1048576K
}

