# JRE version: OpenJDK Runtime Environment Temurin-17.0.8.1+1 (17.0.8.1+1) (build 17.0.8.1+1)
# Java VM: OpenJDK 64-Bit Server VM Temurin-17.0.8.1+1 (17.0.8.1+1, mixed mode, tiered, compressed oops, compressed class ptrs, parallel gc, windows-amd64)
GC Precious Log:
 CPUs: 16 total, 16 available
 Memory: 7421M
 Large Page Support: Disabled
 NUMA Support: Disabled
 Compressed Oops: Enabled (32-bit)
 Alignments: Space 512K, Generation 512K, Heap 2M
 Heap Min Capacity: 100M
 Heap Initial Capacity: 100M
 Heap Max Capacity: 1G
 Pre-touch: Disabled
 Parallel Workers: 13
Heap:
 PSYoungGen      total 2048K, used 700K [0x00000000eab00000, 0x00000000eae00000, 0x0000000100000000)
  eden space 1024K, 21% used [0x00000000eab00000,0x00000000eab37160,0x00000000eac00000)
  from space 1024K, 46% used [0x00000000ead00000,0x00000000ead78000,0x00000000eae00000)
  to   space 1024K, 0% used [0x00000000eac00000,0x00000000eac00000,0x00000000ead00000)
 ParOldGen       total 155136K, used 154734K [0x00000000c0000000, 0x00000000c9780000, 0x00000000eab00000)
  object space 155136K, 99% used [0x00000000c0000000,0x00000000c971ba88,0x00000000c9780000)
 Metaspace       used 82381K, committed 83456K, reserved 1179648K
  class space    used 8878K, committed 9344K, reserved 1048576K
GC Heap History (20 events):
Event: 184.044 GC heap before
{Heap before GC invocations=380 (full 9):
 PSYoungGen      total 2048K, used 1468K [0x00000000eab00000, 0x00000000eae00000, 0x0000000100000000)
  eden space 1024K, 99% used [0x00000000eab00000,0x00000000eabff3a8,0x00000000eac00000)
  from space 1024K, 43% used [0x00000000ead00000,0x00000000ead70000,0x00000000eae00000)
  to   space 1024K, 0% used [0x00000000eac00000,0x00000000eac00000,0x00000000ead00000)
 ParOldGen       total 155136K, used 152054K [0x00000000c0000000, 0x00000000c9780000, 0x00000000eab00000)
  object space 155136K, 98% used [0x00000000c0000000,0x00000000c947d968,0x00000000c9780000)
 Metaspace       used 82370K, committed 83456K, reserved 1179648K
  class space    used 8877K, committed 9344K, reserved 1048576K
}
Event: 184.045 GC heap after
{Heap after GC invocations=380 (full 9):
 PSYoungGen      total 2048K, used 553K [0x00000000eab00000, 0x00000000eae00000, 0x0000000100000000)
  eden space 1024K, 0% used [0x00000000eab00000,0x00000000eab00000,0x00000000eac00000)
  from space 1024K, 54% used [0x00000000eac00000,0x00000000eac8a5d8,0x00000000ead00000)
  to   space 1024K, 0% used [0x00000000ead00000,0x00000000ead00000,0x00000000eae00000)
 ParOldGen       total 155136K, used 152342K [0x00000000c0000000, 0x00000000c9780000, 0x00000000eab00000)
  object space 155136K, 98% used [0x00000000c0000000,0x00000000c94c5988,0x00000000c9780000)
 Metaspace       used 82370K, committed 83456K, reserved 1179648K
  class space    used 8877K, committed 9344K, reserved 1048576K
}
Event: 184.120 GC heap before
{Heap before GC invocations=381 (full 9):
 PSYoungGen      total 2048K, used 1577K [0x00000000eab00000, 0x00000000eae00000, 0x0000000100000000)
  eden space 1024K, 99% used [0x00000000eab00000,0x00000000eabffff0,0x00000000eac00000)
  from space 1024K, 54% used [0x00000000eac00000,0x00000000eac8a5d8,0x00000000ead00000)
  to   space 1024K, 0% used [0x00000000ead00000,0x00000000ead00000,0x00000000eae00000)
 ParOldGen       total 155136K, used 152342K [0x00000000c0000000, 0x00000000c9780000, 0x00000000eab00000)
  object space 155136K, 98% used [0x00000000c0000000,0x00000000c94c5988,0x00000000c9780000)
 Metaspace       used 82370K, committed 83456K, reserved 1179648K
  class space    used 8877K, committed 9344K, reserved 1048576K
}
Event: 184.121 GC heap after
{Heap after GC invocations=381 (full 9):
 PSYoungGen      total 1536K, used 480K [0x00000000eab00000, 0x00000000ead80000, 0x0000000100000000)
  eden space 1024K, 0% used [0x00000000eab00000,0x00000000eab00000,0x00000000eac00000)
  from space 512K, 93% used [0x00000000ead00000,0x00000000ead78000,0x00000000ead80000)
  to   space 512K, 0% used [0x00000000eac80000,0x00000000eac80000,0x00000000ead00000)
 ParOldGen       total 155136K, used 152747K [0x00000000c0000000, 0x00000000c9780000, 0x00000000eab00000)
  object space 155136K, 98% used [0x00000000c0000000,0x00000000c952af00,0x00000000c9780000)
 Metaspace       used 82370K, committed 83456K, reserved 1179648K
  class space    used 8877K, committed 9344K, reserved 1048576K
}
Event: 184.133 GC heap before
{Heap before GC invocations=382 (full 9):
 PSYoungGen      total 1536K, used 1503K [0x00000000eab00000, 0x00000000ead80000, 0x0000000100000000)
  eden space 1024K, 99% used [0x00000000eab00000,0x00000000eabffff8,0x00000000eac00000)
  from space 512K, 93% used [0x00000000ead00000,0x00000000ead78000,0x00000000ead80000)
  to   space 512K, 0% used [0x00000000eac80000,0x00000000eac80000,0x00000000ead00000)
 ParOldGen       total 155136K, used 152747K [0x00000000c0000000, 0x00000000c9780000, 0x00000000eab00000)
  object space 155136K, 98% used [0x00000000c0000000,0x00000000c952af00,0x00000000c9780000)
 Metaspace       used 82370K, committed 83456K, reserved 1179648K
  class space    used 8877K, committed 9344K, reserved 1048576K
}
Event: 184.134 GC heap after
{Heap after GC invocations=382 (full 9):
 PSYoungGen      total 1536K, used 502K [0x00000000eab00000, 0x00000000eae00000, 0x0000000100000000)
  eden space 1024K, 0% used [0x00000000eab00000,0x00000000eab00000,0x00000000eac00000)
  from space 512K, 98% used [0x00000000eac80000,0x00000000eacfd840,0x00000000ead00000)
  to   space 1024K, 0% used [0x00000000ead00000,0x00000000ead00000,0x00000000eae00000)
 ParOldGen       total 155136K, used 153068K [0x00000000c0000000, 0x00000000c9780000, 0x00000000eab00000)
  object space 155136K, 98% used [0x00000000c0000000,0x00000000c957b2a8,0x00000000c9780000)
 Metaspace       used 82370K, committed 83456K, reserved 1179648K
  class space    used 8877K, committed 9344K, reserved 1048576K
}
Event: 184.149 GC heap before
{Heap before GC invocations=383 (full 9):
 PSYoungGen      total 1536K, used 1526K [0x00000000eab00000, 0x00000000eae00000, 0x0000000100000000)
  eden space 1024K, 100% used [0x00000000eab00000,0x00000000eac00000,0x00000000eac00000)
  from space 512K, 98% used [0x00000000eac80000,0x00000000eacfd840,0x00000000ead00000)
  to   space 1024K, 0% used [0x00000000ead00000,0x00000000ead00000,0x00000000eae00000)
 ParOldGen       total 155136K, used 153068K [0x00000000c0000000, 0x00000000c9780000, 0x00000000eab00000)
  object space 155136K, 98% used [0x00000000c0000000,0x00000000c957b2a8,0x00000000c9780000)
 Metaspace       used 82370K, committed 83456K, reserved 1179648K
  class space    used 8877K, committed 9344K, reserved 1048576K
}
Event: 184.150 GC heap after
{Heap after GC invocations=383 (full 9):
 PSYoungGen      total 2048K, used 512K [0x00000000eab00000, 0x00000000eae00000, 0x0000000100000000)
  eden space 1024K, 0% used [0x00000000eab00000,0x00000000eab00000,0x00000000eac00000)
  from space 1024K, 50% used [0x00000000ead00000,0x00000000ead80000,0x00000000eae00000)
  to   space 1024K, 0% used [0x00000000eac00000,0x00000000eac00000,0x00000000ead00000)
 ParOldGen       total 155136K, used 153321K [0x00000000c0000000, 0x00000000c9780000, 0x00000000eab00000)
  object space 155136K, 98% used [0x00000000c0000000,0x00000000c95ba588,0x00000000c9780000)
 Metaspace       used 82370K, committed 83456K, reserved 1179648K
  class space    used 8877K, committed 9344K, reserved 1048576K
}
Event: 184.408 GC heap before
{Heap before GC invocations=384 (full 9):
 PSYoungGen      total 2048K, used 1534K [0x00000000eab00000, 0x00000000eae00000, 0x0000000100000000)
  eden space 1024K, 99% used [0x00000000eab00000,0x00000000eabffbb0,0x00000000eac00000)
  from space 1024K, 50% used [0x00000000ead00000,0x00000000ead80000,0x00000000eae00000)
  to   space 1024K, 0% used [0x00000000eac00000,0x00000000eac00000,0x00000000ead00000)
 ParOldGen       total 155136K, used 153321K [0x00000000c0000000, 0x00000000c9780000, 0x00000000eab00000)
  object space 155136K, 98% used [0x00000000c0000000,0x00000000c95ba588,0x00000000c9780000)
 Metaspace       used 82376K, committed 83456K, reserved 1179648K
  class space    used 8878K, committed 9344K, reserved 1048576K
}
Event: 184.409 GC heap after
{Heap after GC invocations=384 (full 9):
 PSYoungGen      total 2048K, used 256K [0x00000000eab00000, 0x00000000ead80000, 0x0000000100000000)
  eden space 1024K, 0% used [0x00000000eab00000,0x00000000eab00000,0x00000000eac00000)
  from space 1024K, 25% used [0x00000000eac00000,0x00000000eac40000,0x00000000ead00000)
  to   space 512K, 0% used [0x00000000ead00000,0x00000000ead00000,0x00000000ead80000)
 ParOldGen       total 155136K, used 153635K [0x00000000c0000000, 0x00000000c9780000, 0x00000000eab00000)
  object space 155136K, 99% used [0x00000000c0000000,0x00000000c9608ea8,0x00000000c9780000)
 Metaspace       used 82376K, committed 83456K, reserved 1179648K
  class space    used 8878K, committed 9344K, reserved 1048576K
}
Event: 184.762 GC heap before
{Heap before GC invocations=385 (full 9):
 PSYoungGen      total 2048K, used 1280K [0x00000000eab00000, 0x00000000ead80000, 0x0000000100000000)
  eden space 1024K, 100% used [0x00000000eab00000,0x00000000eac00000,0x00000000eac00000)
  from space 1024K, 25% used [0x00000000eac00000,0x00000000eac40000,0x00000000ead00000)
  to   space 512K, 0% used [0x00000000ead00000,0x00000000ead00000,0x00000000ead80000)
 ParOldGen       total 155136K, used 153635K [0x00000000c0000000, 0x00000000c9780000, 0x00000000eab00000)
  object space 155136K, 99% used [0x00000000c0000000,0x00000000c9608ea8,0x00000000c9780000)
 Metaspace       used 82376K, committed 83456K, reserved 1179648K
  class space    used 8878K, committed 9344K, reserved 1048576K
}
Event: 184.763 GC heap after
{Heap after GC invocations=385 (full 9):
 PSYoungGen      total 1536K, used 320K [0x00000000eab00000, 0x00000000ead80000, 0x0000000100000000)
  eden space 1024K, 0% used [0x00000000eab00000,0x00000000eab00000,0x00000000eac00000)
  from space 512K, 62% used [0x00000000ead00000,0x00000000ead50000,0x00000000ead80000)
  to   space 512K, 0% used [0x00000000eac80000,0x00000000eac80000,0x00000000ead00000)
 ParOldGen       total 155136K, used 153768K [0x00000000c0000000, 0x00000000c9780000, 0x00000000eab00000)
  object space 155136K, 99% used [0x00000000c0000000,0x00000000c962a010,0x00000000c9780000)
 Metaspace       used 82376K, committed 83456K, reserved 1179648K
  class space    used 8878K, committed 9344K, reserved 1048576K
}
Event: 184.773 GC heap before
{Heap before GC invocations=386 (full 9):
 PSYoungGen      total 1536K, used 1344K [0x00000000eab00000, 0x00000000ead80000, 0x0000000100000000)
  eden space 1024K, 100% used [0x00000000eab00000,0x00000000eac00000,0x00000000eac00000)
  from space 512K, 62% used [0x00000000ead00000,0x00000000ead50000,0x00000000ead80000)
  to   space 512K, 0% used [0x00000000eac80000,0x00000000eac80000,0x00000000ead00000)
 ParOldGen       total 155136K, used 153768K [0x00000000c0000000, 0x00000000c9780000, 0x00000000eab00000)
  object space 155136K, 99% used [0x00000000c0000000,0x00000000c962a010,0x00000000c9780000)
 Metaspace       used 82376K, committed 83456K, reserved 1179648K
  class space    used 8878K, committed 9344K, reserved 1048576K
}
Event: 184.773 GC heap after
{Heap after GC invocations=386 (full 9):
 PSYoungGen      total 1536K, used 448K [0x00000000eab00000, 0x00000000ead80000, 0x0000000100000000)
  eden space 1024K, 0% used [0x00000000eab00000,0x00000000eab00000,0x00000000eac00000)
  from space 512K, 87% used [0x00000000eac80000,0x00000000eacf0000,0x00000000ead00000)
  to   space 512K, 0% used [0x00000000ead00000,0x00000000ead00000,0x00000000ead80000)
 ParOldGen       total 155136K, used 153892K [0x00000000c0000000, 0x00000000c9780000, 0x00000000eab00000)
  object space 155136K, 99% used [0x00000000c0000000,0x00000000c96492c0,0x00000000c9780000)
 Metaspace       used 82376K, committed 83456K, reserved 1179648K
  class space    used 8878K, committed 9344K, reserved 1048576K
}
Event: 184.784 GC heap before
{Heap before GC invocations=387 (full 9):
 PSYoungGen      total 1536K, used 1470K [0x00000000eab00000, 0x00000000ead80000, 0x0000000100000000)
  eden space 1024K, 99% used [0x00000000eab00000,0x00000000eabffae8,0x00000000eac00000)
  from space 512K, 87% used [0x00000000eac80000,0x00000000eacf0000,0x00000000ead00000)
  to   space 512K, 0% used [0x00000000ead00000,0x00000000ead00000,0x00000000ead80000)
 ParOldGen       total 155136K, used 153892K [0x00000000c0000000, 0x00000000c9780000, 0x00000000eab00000)
  object space 155136K, 99% used [0x00000000c0000000,0x00000000c96492c0,0x00000000c9780000)
 Metaspace       used 82377K, committed 83456K, reserved 1179648K
  class space    used 8878K, committed 9344K, reserved 1048576K
}
Event: 184.785 GC heap after
{Heap after GC invocations=387 (full 9):
 PSYoungGen      total 1536K, used 448K [0x00000000eab00000, 0x00000000ead80000, 0x0000000100000000)
  eden space 1024K, 0% used [0x00000000eab00000,0x00000000eab00000,0x00000000eac00000)
  from space 512K, 87% used [0x00000000ead00000,0x00000000ead70000,0x00000000ead80000)
  to   space 512K, 0% used [0x00000000eac80000,0x00000000eac80000,0x00000000ead00000)
 ParOldGen       total 155136K, used 154133K [0x00000000c0000000, 0x00000000c9780000, 0x00000000eab00000)
  object space 155136K, 99% used [0x00000000c0000000,0x00000000c9685600,0x00000000c9780000)
 Metaspace       used 82377K, committed 83456K, reserved 1179648K
  class space    used 8878K, committed 9344K, reserved 1048576K
}
Event: 184.797 GC heap before
{Heap before GC invocations=388 (full 9):
 PSYoungGen      total 1536K, used 1471K [0x00000000eab00000, 0x00000000ead80000, 0x0000000100000000)
  eden space 1024K, 99% used [0x00000000eab00000,0x00000000eabffff8,0x00000000eac00000)
  from space 512K, 87% used [0x00000000ead00000,0x00000000ead70000,0x00000000ead80000)
  to   space 512K, 0% used [0x00000000eac80000,0x00000000eac80000,0x00000000ead00000)
 ParOldGen       total 155136K, used 154133K [0x00000000c0000000, 0x00000000c9780000, 0x00000000eab00000)
  object space 155136K, 99% used [0x00000000c0000000,0x00000000c9685600,0x00000000c9780000)
 Metaspace       used 82381K, committed 83456K, reserved 1179648K
  class space    used 8878K, committed 9344K, reserved 1048576K
}
Event: 184.798 GC heap after
{Heap after GC invocations=388 (full 9):
 PSYoungGen      total 1536K, used 512K [0x00000000eab00000, 0x00000000eae00000, 0x0000000100000000)
  eden space 1024K, 0% used [0x00000000eab00000,0x00000000eab00000,0x00000000eac00000)
  from space 512K, 100% used [0x00000000eac80000,0x00000000ead00000,0x00000000ead00000)
  to   space 1024K, 0% used [0x00000000ead00000,0x00000000ead00000,0x00000000eae00000)
 ParOldGen       total 155136K, used 154437K [0x00000000c0000000, 0x00000000c9780000, 0x00000000eab00000)
  object space 155136K, 99% used [0x00000000c0000000,0x00000000c96d15c8,0x00000000c9780000)
 Metaspace       used 82381K, committed 83456K, reserved 1179648K
  class space    used 8878K, committed 9344K, reserved 1048576K
}
Event: 184.863 GC heap before
{Heap before GC invocations=389 (full 9):
 PSYoungGen      total 1536K, used 1536K [0x00000000eab00000, 0x00000000eae00000, 0x0000000100000000)
  eden space 1024K, 100% used [0x00000000eab00000,0x00000000eac00000,0x00000000eac00000)
  from space 512K, 100% used [0x00000000eac80000,0x00000000ead00000,0x00000000ead00000)
  to   space 1024K, 0% used [0x00000000ead00000,0x00000000ead00000,0x00000000eae00000)
 ParOldGen       total 155136K, used 154437K [0x00000000c0000000, 0x00000000c9780000, 0x00000000eab00000)
  object space 155136K, 99% used [0x00000000c0000000,0x00000000c96d15c8,0x00000000c9780000)
 Metaspace       used 82381K, committed 83456K, reserved 1179648K
  class space    used 8878K, committed 9344K, reserved 1048576K
}
Event: 184.864 GC heap after
{Heap after GC invocations=389 (full 9):
 PSYoungGen      total 2048K, used 480K [0x00000000eab00000, 0x00000000eae00000, 0x0000000100000000)
  eden space 1024K, 0% used [0x00000000eab00000,0x00000000eab00000,0x00000000eac00000)
  from space 1024K, 46% used [0x00000000ead00000,0x00000000ead78000,0x00000000eae00000)
  to   space 1024K, 0% used [0x00000000eac00000,0x00000000eac00000,0x00000000ead00000)
 ParOldGen       total 155136K, used 154734K [0x00000000c0000000, 0x00000000c9780000, 0x00000000eab00000)
  object space 155136K, 99% used [0x00000000c0000000,0x00000000c971ba88,0x00000000c9780000)
 Metaspace       used 82381K, committed 83456K, reserved 1179648K
  class space    used 8878K, committed 9344K, reserved 1048576K
}

