# JRE version: OpenJDK Runtime Environment Microsoft-8035250 (11.0.20+8) (build 11.0.20+8-LTS)
# Java VM: OpenJDK 64-Bit Server VM Microsoft-8035250 (11.0.20+8-LTS, mixed mode, tiered, compressed oops, g1 gc, windows-amd64)
Heap:
 garbage-first heap   total 528384K, used 190888K [0x0000000080000000, 0x0000000100000000)
  region size 1024K, 3 young (3072K), 3 survivors (3072K)
 Metaspace       used 113703K, capacity 118816K, committed 118992K, reserved 618496K
  class space    used 14916K, capacity 16839K, committed 16928K, reserved 516096K
GC Heap History (20 events):
Event: 21.246 GC heap after
{Heap after GC invocations=55 (full 0):
 garbage-first heap   total 206848K, used 130577K [0x0000000080000000, 0x0000000100000000)
  region size 1024K, 5 young (5120K), 5 survivors (5120K)
 Metaspace       used 105627K, capacity 109816K, committed 109904K, reserved 612352K
  class space    used 13905K, capacity 15512K, committed 15520K, reserved 516096K
}
Event: 21.384 GC heap before
{Heap before GC invocations=55 (full 0):
 garbage-first heap   total 206848K, used 163345K [0x0000000080000000, 0x0000000100000000)
  region size 1024K, 37 young (37888K), 5 survivors (5120K)
 Metaspace       used 105791K, capacity 109956K, committed 110160K, reserved 612352K
  class space    used 13921K, capacity 15514K, committed 15520K, reserved 516096K
}
Event: 21.394 GC heap after
{Heap after GC invocations=56 (full 0):
 garbage-first heap   total 248832K, used 135149K [0x0000000080000000, 0x0000000100000000)
  region size 1024K, 5 young (5120K), 5 survivors (5120K)
 Metaspace       used 105791K, capacity 109956K, committed 110160K, reserved 612352K
  class space    used 13921K, capacity 15514K, committed 15520K, reserved 516096K
}
Event: 21.643 GC heap before
{Heap before GC invocations=57 (full 0):
 garbage-first heap   total 248832K, used 180205K [0x0000000080000000, 0x0000000100000000)
  region size 1024K, 49 young (50176K), 5 survivors (5120K)
 Metaspace       used 105829K, capacity 110020K, committed 110160K, reserved 612352K
  class space    used 13923K, capacity 15514K, committed 15520K, reserved 516096K
}
Event: 21.650 GC heap after
{Heap after GC invocations=58 (full 0):
 garbage-first heap   total 248832K, used 141755K [0x0000000080000000, 0x0000000100000000)
  region size 1024K, 7 young (7168K), 7 survivors (7168K)
 Metaspace       used 105829K, capacity 110020K, committed 110160K, reserved 612352K
  class space    used 13923K, capacity 15514K, committed 15520K, reserved 516096K
}
Event: 21.835 GC heap before
{Heap before GC invocations=58 (full 0):
 garbage-first heap   total 248832K, used 166331K [0x0000000080000000, 0x0000000100000000)
  region size 1024K, 32 young (32768K), 7 survivors (7168K)
 Metaspace       used 105987K, capacity 110235K, committed 110544K, reserved 612352K
  class space    used 13940K, capacity 15535K, committed 15648K, reserved 516096K
}
Event: 21.843 GC heap after
{Heap after GC invocations=59 (full 0):
 garbage-first heap   total 248832K, used 144558K [0x0000000080000000, 0x0000000100000000)
  region size 1024K, 3 young (3072K), 3 survivors (3072K)
 Metaspace       used 105987K, capacity 110235K, committed 110544K, reserved 612352K
  class space    used 13940K, capacity 15535K, committed 15648K, reserved 516096K
}
Event: 22.231 GC heap before
{Heap before GC invocations=60 (full 0):
 garbage-first heap   total 248832K, used 195758K [0x0000000080000000, 0x0000000100000000)
  region size 1024K, 48 young (49152K), 3 survivors (3072K)
 Metaspace       used 107858K, capacity 112174K, committed 112336K, reserved 614400K
  class space    used 14178K, capacity 15816K, committed 15904K, reserved 516096K
}
Event: 22.239 GC heap after
{Heap after GC invocations=61 (full 0):
 garbage-first heap   total 248832K, used 152573K [0x0000000080000000, 0x0000000100000000)
  region size 1024K, 6 young (6144K), 6 survivors (6144K)
 Metaspace       used 107858K, capacity 112174K, committed 112336K, reserved 614400K
  class space    used 14178K, capacity 15816K, committed 15904K, reserved 516096K
}
Event: 22.421 GC heap before
{Heap before GC invocations=61 (full 0):
 garbage-first heap   total 248832K, used 171005K [0x0000000080000000, 0x0000000100000000)
  region size 1024K, 25 young (25600K), 6 survivors (6144K)
 Metaspace       used 108255K, capacity 112777K, committed 112976K, reserved 614400K
  class space    used 14230K, capacity 15925K, committed 16032K, reserved 516096K
}
Event: 22.443 GC heap after
{Heap after GC invocations=62 (full 0):
 garbage-first heap   total 338944K, used 155148K [0x0000000080000000, 0x0000000100000000)
  region size 1024K, 3 young (3072K), 3 survivors (3072K)
 Metaspace       used 108255K, capacity 112777K, committed 112976K, reserved 614400K
  class space    used 14230K, capacity 15925K, committed 16032K, reserved 516096K
}
Event: 23.163 GC heap before
{Heap before GC invocations=63 (full 0):
 garbage-first heap   total 338944K, used 226828K [0x0000000080000000, 0x0000000100000000)
  region size 1024K, 70 young (71680K), 3 survivors (3072K)
 Metaspace       used 110620K, capacity 115436K, committed 115664K, reserved 616448K
  class space    used 14533K, capacity 16368K, committed 16416K, reserved 516096K
}
Event: 23.179 GC heap after
{Heap after GC invocations=64 (full 0):
 garbage-first heap   total 338944K, used 169282K [0x0000000080000000, 0x0000000100000000)
  region size 1024K, 9 young (9216K), 9 survivors (9216K)
 Metaspace       used 110620K, capacity 115436K, committed 115664K, reserved 616448K
  class space    used 14533K, capacity 16368K, committed 16416K, reserved 516096K
}
Event: 23.305 GC heap before
{Heap before GC invocations=64 (full 0):
 garbage-first heap   total 338944K, used 188738K [0x0000000080000000, 0x0000000100000000)
  region size 1024K, 29 young (29696K), 9 survivors (9216K)
 Metaspace       used 110684K, capacity 115532K, committed 115664K, reserved 616448K
  class space    used 14539K, capacity 16376K, committed 16416K, reserved 516096K
}
Event: 23.322 GC heap after
{Heap after GC invocations=65 (full 0):
 garbage-first heap   total 338944K, used 170885K [0x0000000080000000, 0x0000000100000000)
  region size 1024K, 2 young (2048K), 2 survivors (2048K)
 Metaspace       used 110684K, capacity 115532K, committed 115664K, reserved 616448K
  class space    used 14539K, capacity 16376K, committed 16416K, reserved 516096K
}
Event: 23.545 GC heap before
{Heap before GC invocations=66 (full 0):
 garbage-first heap   total 338944K, used 193413K [0x0000000080000000, 0x0000000100000000)
  region size 1024K, 24 young (24576K), 2 survivors (2048K)
 Metaspace       used 110800K, capacity 115778K, committed 116048K, reserved 616448K
  class space    used 14558K, capacity 16455K, committed 16544K, reserved 516096K
}
Event: 23.551 GC heap after
{Heap after GC invocations=67 (full 0):
 garbage-first heap   total 338944K, used 177487K [0x0000000080000000, 0x0000000100000000)
  region size 1024K, 7 young (7168K), 7 survivors (7168K)
 Metaspace       used 110800K, capacity 115778K, committed 116048K, reserved 616448K
  class space    used 14558K, capacity 16455K, committed 16544K, reserved 516096K
}
Event: 24.049 GC heap before
{Heap before GC invocations=68 (full 0):
 garbage-first heap   total 338944K, used 237903K [0x0000000080000000, 0x0000000100000000)
  region size 1024K, 62 young (63488K), 7 survivors (7168K)
 Metaspace       used 113043K, capacity 118047K, committed 118096K, reserved 618496K
  class space    used 14840K, capacity 16782K, committed 16800K, reserved 516096K
}
Event: 24.064 GC heap after
{Heap after GC invocations=69 (full 0):
 garbage-first heap   total 338944K, used 188072K [0x0000000080000000, 0x0000000100000000)
  region size 1024K, 7 young (7168K), 7 survivors (7168K)
 Metaspace       used 113043K, capacity 118047K, committed 118096K, reserved 618496K
  class space    used 14840K, capacity 16782K, committed 16800K, reserved 516096K
}
Event: 24.796 GC heap before
{Heap before GC invocations=69 (full 0):
 garbage-first heap   total 338944K, used 244392K [0x0000000080000000, 0x0000000100000000)
  region size 1024K, 62 young (63488K), 7 survivors (7168K)
 Metaspace       used 113703K, capacity 118816K, committed 118992K, reserved 618496K
  class space    used 14916K, capacity 16839K, committed 16928K, reserved 516096K
}

