# JRE version: OpenJDK Runtime Environment Temurin-17.0.8.1+1 (17.0.8.1+1) (build 17.0.8.1+1)
# Java VM: OpenJDK 64-Bit Server VM Temurin-17.0.8.1+1 (17.0.8.1+1, mixed mode, tiered, compressed oops, compressed class ptrs, parallel gc, windows-amd64)
GC Precious Log:
 CPUs: 16 total, 16 available
 Memory: 7421M
 Large Page Support: Disabled
 NUMA Support: Disabled
 Compressed Oops: Enabled (32-bit)
 Alignments: Space 512K, Generation 512K, Heap 2M
 Heap Min Capacity: 100M
 Heap Initial Capacity: 100M
 Heap Max Capacity: 1G
 Pre-touch: Disabled
 Parallel Workers: 13
Heap:
 PSYoungGen      total 24576K, used 23953K [0x00000000eab00000, 0x00000000ec580000, 0x0000000100000000)
  eden space 22016K, 99% used [0x00000000eab00000,0x00000000ec05c5e0,0x00000000ec080000)
  from space 2560K, 81% used [0x00000000ec300000,0x00000000ec508010,0x00000000ec580000)
  to   space 2560K, 0% used [0x00000000ec080000,0x00000000ec080000,0x00000000ec300000)
 ParOldGen       total 68608K, used 18633K [0x00000000c0000000, 0x00000000c4300000, 0x00000000eab00000)
  object space 68608K, 27% used [0x00000000c0000000,0x00000000c12325f8,0x00000000c4300000)
 Metaspace       used 41117K, committed 42048K, reserved 1114112K
  class space    used 4155K, committed 4608K, reserved 1048576K
GC Heap History (20 events):
Event: 3.529 GC heap before
{Heap before GC invocations=9 (full 1):
 PSYoungGen      total 27648K, used 27628K [0x00000000eab00000, 0x00000000eca00000, 0x0000000100000000)
  eden space 24576K, 100% used [0x00000000eab00000,0x00000000ec300000,0x00000000ec300000)
  from space 3072K, 99% used [0x00000000ec480000,0x00000000ec77b128,0x00000000ec780000)
  to   space 2560K, 0% used [0x00000000ec780000,0x00000000ec780000,0x00000000eca00000)
 ParOldGen       total 68608K, used 10523K [0x00000000c0000000, 0x00000000c4300000, 0x00000000eab00000)
  object space 68608K, 15% used [0x00000000c0000000,0x00000000c0a46d58,0x00000000c4300000)
 Metaspace       used 29995K, committed 30656K, reserved 1114112K
  class space    used 2925K, committed 3200K, reserved 1048576K
}
Event: 3.530 GC heap after
{Heap after GC invocations=9 (full 1):
 PSYoungGen      total 26624K, used 2533K [0x00000000eab00000, 0x00000000eca00000, 0x0000000100000000)
  eden space 24064K, 0% used [0x00000000eab00000,0x00000000eab00000,0x00000000ec280000)
  from space 2560K, 98% used [0x00000000ec780000,0x00000000ec9f9408,0x00000000eca00000)
  to   space 3584K, 0% used [0x00000000ec300000,0x00000000ec300000,0x00000000ec680000)
 ParOldGen       total 68608K, used 11042K [0x00000000c0000000, 0x00000000c4300000, 0x00000000eab00000)
  object space 68608K, 16% used [0x00000000c0000000,0x00000000c0ac8918,0x00000000c4300000)
 Metaspace       used 29995K, committed 30656K, reserved 1114112K
  class space    used 2925K, committed 3200K, reserved 1048576K
}
Event: 3.731 GC heap before
{Heap before GC invocations=10 (full 1):
 PSYoungGen      total 26624K, used 26597K [0x00000000eab00000, 0x00000000eca00000, 0x0000000100000000)
  eden space 24064K, 100% used [0x00000000eab00000,0x00000000ec280000,0x00000000ec280000)
  from space 2560K, 98% used [0x00000000ec780000,0x00000000ec9f9408,0x00000000eca00000)
  to   space 3584K, 0% used [0x00000000ec300000,0x00000000ec300000,0x00000000ec680000)
 ParOldGen       total 68608K, used 11042K [0x00000000c0000000, 0x00000000c4300000, 0x00000000eab00000)
  object space 68608K, 16% used [0x00000000c0000000,0x00000000c0ac8918,0x00000000c4300000)
 Metaspace       used 32279K, committed 32960K, reserved 1114112K
  class space    used 3097K, committed 3392K, reserved 1048576K
}
Event: 3.733 GC heap after
{Heap after GC invocations=10 (full 1):
 PSYoungGen      total 26112K, used 2143K [0x00000000eab00000, 0x00000000ec800000, 0x0000000100000000)
  eden space 23552K, 0% used [0x00000000eab00000,0x00000000eab00000,0x00000000ec200000)
  from space 2560K, 83% used [0x00000000ec300000,0x00000000ec517d90,0x00000000ec580000)
  to   space 2560K, 0% used [0x00000000ec580000,0x00000000ec580000,0x00000000ec800000)
 ParOldGen       total 68608K, used 11943K [0x00000000c0000000, 0x00000000c4300000, 0x00000000eab00000)
  object space 68608K, 17% used [0x00000000c0000000,0x00000000c0ba9e18,0x00000000c4300000)
 Metaspace       used 32279K, committed 32960K, reserved 1114112K
  class space    used 3097K, committed 3392K, reserved 1048576K
}
Event: 3.988 GC heap before
{Heap before GC invocations=11 (full 1):
 PSYoungGen      total 26112K, used 25688K [0x00000000eab00000, 0x00000000ec800000, 0x0000000100000000)
  eden space 23552K, 99% used [0x00000000eab00000,0x00000000ec1fe5d0,0x00000000ec200000)
  from space 2560K, 83% used [0x00000000ec300000,0x00000000ec517d90,0x00000000ec580000)
  to   space 2560K, 0% used [0x00000000ec580000,0x00000000ec580000,0x00000000ec800000)
 ParOldGen       total 68608K, used 11943K [0x00000000c0000000, 0x00000000c4300000, 0x00000000eab00000)
  object space 68608K, 17% used [0x00000000c0000000,0x00000000c0ba9e18,0x00000000c4300000)
 Metaspace       used 34589K, committed 35328K, reserved 1114112K
  class space    used 3344K, committed 3712K, reserved 1048576K
}
Event: 3.991 GC heap after
{Heap after GC invocations=11 (full 1):
 PSYoungGen      total 25088K, used 1663K [0x00000000eab00000, 0x00000000ec780000, 0x0000000100000000)
  eden space 23040K, 0% used [0x00000000eab00000,0x00000000eab00000,0x00000000ec180000)
  from space 2048K, 81% used [0x00000000ec580000,0x00000000ec71fc98,0x00000000ec780000)
  to   space 2048K, 0% used [0x00000000ec380000,0x00000000ec380000,0x00000000ec580000)
 ParOldGen       total 68608K, used 13638K [0x00000000c0000000, 0x00000000c4300000, 0x00000000eab00000)
  object space 68608K, 19% used [0x00000000c0000000,0x00000000c0d51be0,0x00000000c4300000)
 Metaspace       used 34589K, committed 35328K, reserved 1114112K
  class space    used 3344K, committed 3712K, reserved 1048576K
}
Event: 4.030 GC heap before
{Heap before GC invocations=12 (full 1):
 PSYoungGen      total 25088K, used 4570K [0x00000000eab00000, 0x00000000ec780000, 0x0000000100000000)
  eden space 23040K, 12% used [0x00000000eab00000,0x00000000eadd6d18,0x00000000ec180000)
  from space 2048K, 81% used [0x00000000ec580000,0x00000000ec71fc98,0x00000000ec780000)
  to   space 2048K, 0% used [0x00000000ec380000,0x00000000ec380000,0x00000000ec580000)
 ParOldGen       total 68608K, used 13638K [0x00000000c0000000, 0x00000000c4300000, 0x00000000eab00000)
  object space 68608K, 19% used [0x00000000c0000000,0x00000000c0d51be0,0x00000000c4300000)
 Metaspace       used 35115K, committed 35904K, reserved 1114112K
  class space    used 3401K, committed 3776K, reserved 1048576K
}
Event: 4.032 GC heap after
{Heap after GC invocations=12 (full 1):
 PSYoungGen      total 23552K, used 416K [0x00000000eab00000, 0x00000000ec600000, 0x0000000100000000)
  eden space 23040K, 0% used [0x00000000eab00000,0x00000000eab00000,0x00000000ec180000)
  from space 512K, 81% used [0x00000000ec380000,0x00000000ec3e8000,0x00000000ec400000)
  to   space 1024K, 0% used [0x00000000ec500000,0x00000000ec500000,0x00000000ec600000)
 ParOldGen       total 68608K, used 15110K [0x00000000c0000000, 0x00000000c4300000, 0x00000000eab00000)
  object space 68608K, 22% used [0x00000000c0000000,0x00000000c0ec1b00,0x00000000c4300000)
 Metaspace       used 35115K, committed 35904K, reserved 1114112K
  class space    used 3401K, committed 3776K, reserved 1048576K
}
Event: 4.042 GC heap before
{Heap before GC invocations=13 (full 1):
 PSYoungGen      total 23552K, used 1556K [0x00000000eab00000, 0x00000000ec600000, 0x0000000100000000)
  eden space 23040K, 4% used [0x00000000eab00000,0x00000000eac1d3d8,0x00000000ec180000)
  from space 512K, 81% used [0x00000000ec380000,0x00000000ec3e8000,0x00000000ec400000)
  to   space 1024K, 0% used [0x00000000ec500000,0x00000000ec500000,0x00000000ec600000)
 ParOldGen       total 68608K, used 15110K [0x00000000c0000000, 0x00000000c4300000, 0x00000000eab00000)
  object space 68608K, 22% used [0x00000000c0000000,0x00000000c0ec1b00,0x00000000c4300000)
 Metaspace       used 35375K, committed 36160K, reserved 1114112K
  class space    used 3426K, committed 3776K, reserved 1048576K
}
Event: 4.043 GC heap after
{Heap after GC invocations=13 (full 1):
 PSYoungGen      total 23552K, used 352K [0x00000000eab00000, 0x00000000ec580000, 0x0000000100000000)
  eden space 23040K, 0% used [0x00000000eab00000,0x00000000eab00000,0x00000000ec180000)
  from space 512K, 68% used [0x00000000ec500000,0x00000000ec558000,0x00000000ec580000)
  to   space 512K, 0% used [0x00000000ec380000,0x00000000ec380000,0x00000000ec400000)
 ParOldGen       total 68608K, used 15294K [0x00000000c0000000, 0x00000000c4300000, 0x00000000eab00000)
  object space 68608K, 22% used [0x00000000c0000000,0x00000000c0eefb00,0x00000000c4300000)
 Metaspace       used 35375K, committed 36160K, reserved 1114112K
  class space    used 3426K, committed 3776K, reserved 1048576K
}
Event: 4.043 GC heap before
{Heap before GC invocations=14 (full 2):
 PSYoungGen      total 23552K, used 352K [0x00000000eab00000, 0x00000000ec580000, 0x0000000100000000)
  eden space 23040K, 0% used [0x00000000eab00000,0x00000000eab00000,0x00000000ec180000)
  from space 512K, 68% used [0x00000000ec500000,0x00000000ec558000,0x00000000ec580000)
  to   space 512K, 0% used [0x00000000ec380000,0x00000000ec380000,0x00000000ec400000)
 ParOldGen       total 68608K, used 15294K [0x00000000c0000000, 0x00000000c4300000, 0x00000000eab00000)
  object space 68608K, 22% used [0x00000000c0000000,0x00000000c0eefb00,0x00000000c4300000)
 Metaspace       used 35375K, committed 36160K, reserved 1114112K
  class space    used 3426K, committed 3776K, reserved 1048576K
}
Event: 4.081 GC heap after
{Heap after GC invocations=14 (full 2):
 PSYoungGen      total 23552K, used 0K [0x00000000eab00000, 0x00000000ec580000, 0x0000000100000000)
  eden space 23040K, 0% used [0x00000000eab00000,0x00000000eab00000,0x00000000ec180000)
  from space 512K, 0% used [0x00000000ec500000,0x00000000ec500000,0x00000000ec580000)
  to   space 512K, 0% used [0x00000000ec380000,0x00000000ec380000,0x00000000ec400000)
 ParOldGen       total 68608K, used 13553K [0x00000000c0000000, 0x00000000c4300000, 0x00000000eab00000)
  object space 68608K, 19% used [0x00000000c0000000,0x00000000c0d3c500,0x00000000c4300000)
 Metaspace       used 35362K, committed 36160K, reserved 1114112K
  class space    used 3422K, committed 3776K, reserved 1048576K
}
Event: 4.328 GC heap before
{Heap before GC invocations=15 (full 2):
 PSYoungGen      total 23552K, used 23040K [0x00000000eab00000, 0x00000000ec580000, 0x0000000100000000)
  eden space 23040K, 100% used [0x00000000eab00000,0x00000000ec180000,0x00000000ec180000)
  from space 512K, 0% used [0x00000000ec500000,0x00000000ec500000,0x00000000ec580000)
  to   space 512K, 0% used [0x00000000ec380000,0x00000000ec380000,0x00000000ec400000)
 ParOldGen       total 68608K, used 13553K [0x00000000c0000000, 0x00000000c4300000, 0x00000000eab00000)
  object space 68608K, 19% used [0x00000000c0000000,0x00000000c0d3c500,0x00000000c4300000)
 Metaspace       used 37816K, committed 38656K, reserved 1114112K
  class space    used 3707K, committed 4096K, reserved 1048576K
}
Event: 4.330 GC heap after
{Heap after GC invocations=15 (full 2):
 PSYoungGen      total 23040K, used 480K [0x00000000eab00000, 0x00000000ec580000, 0x0000000100000000)
  eden space 22528K, 0% used [0x00000000eab00000,0x00000000eab00000,0x00000000ec100000)
  from space 512K, 93% used [0x00000000ec380000,0x00000000ec3f8010,0x00000000ec400000)
  to   space 1536K, 0% used [0x00000000ec400000,0x00000000ec400000,0x00000000ec580000)
 ParOldGen       total 68608K, used 14655K [0x00000000c0000000, 0x00000000c4300000, 0x00000000eab00000)
  object space 68608K, 21% used [0x00000000c0000000,0x00000000c0e4fc88,0x00000000c4300000)
 Metaspace       used 37816K, committed 38656K, reserved 1114112K
  class space    used 3707K, committed 4096K, reserved 1048576K
}
Event: 4.432 GC heap before
{Heap before GC invocations=16 (full 2):
 PSYoungGen      total 23040K, used 23008K [0x00000000eab00000, 0x00000000ec580000, 0x0000000100000000)
  eden space 22528K, 100% used [0x00000000eab00000,0x00000000ec100000,0x00000000ec100000)
  from space 512K, 93% used [0x00000000ec380000,0x00000000ec3f8010,0x00000000ec400000)
  to   space 1536K, 0% used [0x00000000ec400000,0x00000000ec400000,0x00000000ec580000)
 ParOldGen       total 68608K, used 14655K [0x00000000c0000000, 0x00000000c4300000, 0x00000000eab00000)
  object space 68608K, 21% used [0x00000000c0000000,0x00000000c0e4fc88,0x00000000c4300000)
 Metaspace       used 38812K, committed 39680K, reserved 1114112K
  class space    used 3833K, committed 4224K, reserved 1048576K
}
Event: 4.434 GC heap after
{Heap after GC invocations=16 (full 2):
 PSYoungGen      total 23552K, used 1506K [0x00000000eab00000, 0x00000000ec580000, 0x0000000100000000)
  eden space 22016K, 0% used [0x00000000eab00000,0x00000000eab00000,0x00000000ec080000)
  from space 1536K, 98% used [0x00000000ec400000,0x00000000ec578818,0x00000000ec580000)
  to   space 2560K, 0% used [0x00000000ec080000,0x00000000ec080000,0x00000000ec300000)
 ParOldGen       total 68608K, used 15406K [0x00000000c0000000, 0x00000000c4300000, 0x00000000eab00000)
  object space 68608K, 22% used [0x00000000c0000000,0x00000000c0f0ba48,0x00000000c4300000)
 Metaspace       used 38812K, committed 39680K, reserved 1114112K
  class space    used 3833K, committed 4224K, reserved 1048576K
}
Event: 4.532 GC heap before
{Heap before GC invocations=17 (full 2):
 PSYoungGen      total 23552K, used 23522K [0x00000000eab00000, 0x00000000ec580000, 0x0000000100000000)
  eden space 22016K, 100% used [0x00000000eab00000,0x00000000ec080000,0x00000000ec080000)
  from space 1536K, 98% used [0x00000000ec400000,0x00000000ec578818,0x00000000ec580000)
  to   space 2560K, 0% used [0x00000000ec080000,0x00000000ec080000,0x00000000ec300000)
 ParOldGen       total 68608K, used 15406K [0x00000000c0000000, 0x00000000c4300000, 0x00000000eab00000)
  object space 68608K, 22% used [0x00000000c0000000,0x00000000c0f0ba48,0x00000000c4300000)
 Metaspace       used 39342K, committed 40192K, reserved 1114112K
  class space    used 3886K, committed 4288K, reserved 1048576K
}
Event: 4.535 GC heap after
{Heap after GC invocations=17 (full 2):
 PSYoungGen      total 24576K, used 1952K [0x00000000eab00000, 0x00000000ec580000, 0x0000000100000000)
  eden space 22016K, 0% used [0x00000000eab00000,0x00000000eab00000,0x00000000ec080000)
  from space 2560K, 76% used [0x00000000ec080000,0x00000000ec268000,0x00000000ec300000)
  to   space 2560K, 0% used [0x00000000ec300000,0x00000000ec300000,0x00000000ec580000)
 ParOldGen       total 68608K, used 16865K [0x00000000c0000000, 0x00000000c4300000, 0x00000000eab00000)
  object space 68608K, 24% used [0x00000000c0000000,0x00000000c10785f8,0x00000000c4300000)
 Metaspace       used 39342K, committed 40192K, reserved 1114112K
  class space    used 3886K, committed 4288K, reserved 1048576K
}
Event: 4.610 GC heap before
{Heap before GC invocations=18 (full 2):
 PSYoungGen      total 24576K, used 23968K [0x00000000eab00000, 0x00000000ec580000, 0x0000000100000000)
  eden space 22016K, 100% used [0x00000000eab00000,0x00000000ec080000,0x00000000ec080000)
  from space 2560K, 76% used [0x00000000ec080000,0x00000000ec268000,0x00000000ec300000)
  to   space 2560K, 0% used [0x00000000ec300000,0x00000000ec300000,0x00000000ec580000)
 ParOldGen       total 68608K, used 16865K [0x00000000c0000000, 0x00000000c4300000, 0x00000000eab00000)
  object space 68608K, 24% used [0x00000000c0000000,0x00000000c10785f8,0x00000000c4300000)
 Metaspace       used 39999K, committed 40832K, reserved 1114112K
  class space    used 3983K, committed 4352K, reserved 1048576K
}
Event: 4.613 GC heap after
{Heap after GC invocations=18 (full 2):
 PSYoungGen      total 24576K, used 2080K [0x00000000eab00000, 0x00000000ec580000, 0x0000000100000000)
  eden space 22016K, 0% used [0x00000000eab00000,0x00000000eab00000,0x00000000ec080000)
  from space 2560K, 81% used [0x00000000ec300000,0x00000000ec508010,0x00000000ec580000)
  to   space 2560K, 0% used [0x00000000ec080000,0x00000000ec080000,0x00000000ec300000)
 ParOldGen       total 68608K, used 18633K [0x00000000c0000000, 0x00000000c4300000, 0x00000000eab00000)
  object space 68608K, 27% used [0x00000000c0000000,0x00000000c12325f8,0x00000000c4300000)
 Metaspace       used 39999K, committed 40832K, reserved 1114112K
  class space    used 3983K, committed 4352K, reserved 1048576K
}

