# JRE version: OpenJDK Runtime Environment Temurin-17.0.8.1+1 (17.0.8.1+1) (build 17.0.8.1+1)
# Java VM: OpenJDK 64-Bit Server VM Temurin-17.0.8.1+1 (17.0.8.1+1, mixed mode, tiered, compressed oops, compressed class ptrs, parallel gc, windows-amd64)
GC Precious Log:
 CPUs: 16 total, 16 available
 Memory: 7421M
 Large Page Support: Disabled
 NUMA Support: Disabled
 Compressed Oops: Enabled (32-bit)
 Alignments: Space 512K, Generation 512K, Heap 2M
 Heap Min Capacity: 100M
 Heap Initial Capacity: 100M
 Heap Max Capacity: 1G
 Pre-touch: Disabled
 Parallel Workers: 13
Heap:
 PSYoungGen      total 17920K, used 9623K [0x00000000eab00000, 0x00000000ec000000, 0x0000000100000000)
  eden space 15360K, 47% used [0x00000000eab00000,0x00000000eb220638,0x00000000eba00000)
  from space 2560K, 90% used [0x00000000ebd80000,0x00000000ebfc57d8,0x00000000ec000000)
  to   space 3072K, 0% used [0x00000000eba00000,0x00000000eba00000,0x00000000ebd00000)
 ParOldGen       total 256512K, used 240457K [0x00000000c0000000, 0x00000000cfa80000, 0x00000000eab00000)
  object space 256512K, 93% used [0x00000000c0000000,0x00000000cead2698,0x00000000cfa80000)
 Metaspace       used 81919K, committed 83200K, reserved 1179648K
  class space    used 9648K, committed 10240K, reserved 1048576K
GC Heap History (20 events):
Event: 476.797 GC heap before
{Heap before GC invocations=1221 (full 29):
 PSYoungGen      total 15872K, used 15552K [0x00000000eab00000, 0x00000000ec000000, 0x0000000100000000)
  eden space 15360K, 100% used [0x00000000eab00000,0x00000000eba00000,0x00000000eba00000)
  from space 512K, 37% used [0x00000000ebf80000,0x00000000ebfb0000,0x00000000ec000000)
  to   space 1024K, 0% used [0x00000000ebe00000,0x00000000ebe00000,0x00000000ebf00000)
 ParOldGen       total 256512K, used 237536K [0x00000000c0000000, 0x00000000cfa80000, 0x00000000eab00000)
  object space 256512K, 92% used [0x00000000c0000000,0x00000000ce7f80f8,0x00000000cfa80000)
 Metaspace       used 78077K, committed 79424K, reserved 1179648K
  class space    used 9293K, committed 9920K, reserved 1048576K
}
Event: 476.798 GC heap after
{Heap after GC invocations=1221 (full 29):
 PSYoungGen      total 16384K, used 306K [0x00000000eab00000, 0x00000000ec000000, 0x0000000100000000)
  eden space 15360K, 0% used [0x00000000eab00000,0x00000000eab00000,0x00000000eba00000)
  from space 1024K, 29% used [0x00000000ebe00000,0x00000000ebe4c8c8,0x00000000ebf00000)
  to   space 512K, 0% used [0x00000000ebf80000,0x00000000ebf80000,0x00000000ec000000)
 ParOldGen       total 256512K, used 237544K [0x00000000c0000000, 0x00000000cfa80000, 0x00000000eab00000)
  object space 256512K, 92% used [0x00000000c0000000,0x00000000ce7fa0f8,0x00000000cfa80000)
 Metaspace       used 78077K, committed 79424K, reserved 1179648K
  class space    used 9293K, committed 9920K, reserved 1048576K
}
Event: 477.035 GC heap before
{Heap before GC invocations=1222 (full 29):
 PSYoungGen      total 16384K, used 15666K [0x00000000eab00000, 0x00000000ec000000, 0x0000000100000000)
  eden space 15360K, 100% used [0x00000000eab00000,0x00000000eba00000,0x00000000eba00000)
  from space 1024K, 29% used [0x00000000ebe00000,0x00000000ebe4c8c8,0x00000000ebf00000)
  to   space 512K, 0% used [0x00000000ebf80000,0x00000000ebf80000,0x00000000ec000000)
 ParOldGen       total 256512K, used 237544K [0x00000000c0000000, 0x00000000cfa80000, 0x00000000eab00000)
  object space 256512K, 92% used [0x00000000c0000000,0x00000000ce7fa0f8,0x00000000cfa80000)
 Metaspace       used 78077K, committed 79424K, reserved 1179648K
  class space    used 9293K, committed 9920K, reserved 1048576K
}
Event: 477.035 GC heap after
{Heap after GC invocations=1222 (full 29):
 PSYoungGen      total 15872K, used 306K [0x00000000eab00000, 0x00000000ec000000, 0x0000000100000000)
  eden space 15360K, 0% used [0x00000000eab00000,0x00000000eab00000,0x00000000eba00000)
  from space 512K, 59% used [0x00000000ebf80000,0x00000000ebfcc8c8,0x00000000ec000000)
  to   space 512K, 0% used [0x00000000ebf00000,0x00000000ebf00000,0x00000000ebf80000)
 ParOldGen       total 256512K, used 237544K [0x00000000c0000000, 0x00000000cfa80000, 0x00000000eab00000)
  object space 256512K, 92% used [0x00000000c0000000,0x00000000ce7fa0f8,0x00000000cfa80000)
 Metaspace       used 78077K, committed 79424K, reserved 1179648K
  class space    used 9293K, committed 9920K, reserved 1048576K
}
Event: 477.275 GC heap before
{Heap before GC invocations=1223 (full 29):
 PSYoungGen      total 15872K, used 15666K [0x00000000eab00000, 0x00000000ec000000, 0x0000000100000000)
  eden space 15360K, 100% used [0x00000000eab00000,0x00000000eba00000,0x00000000eba00000)
  from space 512K, 59% used [0x00000000ebf80000,0x00000000ebfcc8c8,0x00000000ec000000)
  to   space 512K, 0% used [0x00000000ebf00000,0x00000000ebf00000,0x00000000ebf80000)
 ParOldGen       total 256512K, used 237544K [0x00000000c0000000, 0x00000000cfa80000, 0x00000000eab00000)
  object space 256512K, 92% used [0x00000000c0000000,0x00000000ce7fa0f8,0x00000000cfa80000)
 Metaspace       used 78077K, committed 79424K, reserved 1179648K
  class space    used 9293K, committed 9920K, reserved 1048576K
}
Event: 477.278 GC heap after
{Heap after GC invocations=1223 (full 29):
 PSYoungGen      total 15872K, used 306K [0x00000000eab00000, 0x00000000ec000000, 0x0000000100000000)
  eden space 15360K, 0% used [0x00000000eab00000,0x00000000eab00000,0x00000000eba00000)
  from space 512K, 59% used [0x00000000ebf00000,0x00000000ebf4c8c8,0x00000000ebf80000)
  to   space 512K, 0% used [0x00000000ebf80000,0x00000000ebf80000,0x00000000ec000000)
 ParOldGen       total 256512K, used 237544K [0x00000000c0000000, 0x00000000cfa80000, 0x00000000eab00000)
  object space 256512K, 92% used [0x00000000c0000000,0x00000000ce7fa0f8,0x00000000cfa80000)
 Metaspace       used 78077K, committed 79424K, reserved 1179648K
  class space    used 9293K, committed 9920K, reserved 1048576K
}
Event: 477.499 GC heap before
{Heap before GC invocations=1224 (full 29):
 PSYoungGen      total 15872K, used 15666K [0x00000000eab00000, 0x00000000ec000000, 0x0000000100000000)
  eden space 15360K, 100% used [0x00000000eab00000,0x00000000eba00000,0x00000000eba00000)
  from space 512K, 59% used [0x00000000ebf00000,0x00000000ebf4c8c8,0x00000000ebf80000)
  to   space 512K, 0% used [0x00000000ebf80000,0x00000000ebf80000,0x00000000ec000000)
 ParOldGen       total 256512K, used 237544K [0x00000000c0000000, 0x00000000cfa80000, 0x00000000eab00000)
  object space 256512K, 92% used [0x00000000c0000000,0x00000000ce7fa0f8,0x00000000cfa80000)
 Metaspace       used 78077K, committed 79424K, reserved 1179648K
  class space    used 9293K, committed 9920K, reserved 1048576K
}
Event: 477.501 GC heap after
{Heap after GC invocations=1224 (full 29):
 PSYoungGen      total 15872K, used 338K [0x00000000eab00000, 0x00000000ec000000, 0x0000000100000000)
  eden space 15360K, 0% used [0x00000000eab00000,0x00000000eab00000,0x00000000eba00000)
  from space 512K, 66% used [0x00000000ebf80000,0x00000000ebfd48c8,0x00000000ec000000)
  to   space 512K, 0% used [0x00000000ebf00000,0x00000000ebf00000,0x00000000ebf80000)
 ParOldGen       total 256512K, used 237544K [0x00000000c0000000, 0x00000000cfa80000, 0x00000000eab00000)
  object space 256512K, 92% used [0x00000000c0000000,0x00000000ce7fa0f8,0x00000000cfa80000)
 Metaspace       used 78077K, committed 79424K, reserved 1179648K
  class space    used 9293K, committed 9920K, reserved 1048576K
}
Event: 516.881 GC heap before
{Heap before GC invocations=1225 (full 29):
 PSYoungGen      total 15872K, used 15698K [0x00000000eab00000, 0x00000000ec000000, 0x0000000100000000)
  eden space 15360K, 100% used [0x00000000eab00000,0x00000000eba00000,0x00000000eba00000)
  from space 512K, 66% used [0x00000000ebf80000,0x00000000ebfd48c8,0x00000000ec000000)
  to   space 512K, 0% used [0x00000000ebf00000,0x00000000ebf00000,0x00000000ebf80000)
 ParOldGen       total 256512K, used 237544K [0x00000000c0000000, 0x00000000cfa80000, 0x00000000eab00000)
  object space 256512K, 92% used [0x00000000c0000000,0x00000000ce7fa0f8,0x00000000cfa80000)
 Metaspace       used 78755K, committed 80064K, reserved 1179648K
  class space    used 9357K, committed 9984K, reserved 1048576K
}
Event: 516.887 GC heap after
{Heap after GC invocations=1225 (full 29):
 PSYoungGen      total 15872K, used 448K [0x00000000eab00000, 0x00000000ec000000, 0x0000000100000000)
  eden space 15360K, 0% used [0x00000000eab00000,0x00000000eab00000,0x00000000eba00000)
  from space 512K, 87% used [0x00000000ebf00000,0x00000000ebf70010,0x00000000ebf80000)
  to   space 512K, 0% used [0x00000000ebf80000,0x00000000ebf80000,0x00000000ec000000)
 ParOldGen       total 256512K, used 238240K [0x00000000c0000000, 0x00000000cfa80000, 0x00000000eab00000)
  object space 256512K, 92% used [0x00000000c0000000,0x00000000ce8a83c8,0x00000000cfa80000)
 Metaspace       used 78755K, committed 80064K, reserved 1179648K
  class space    used 9357K, committed 9984K, reserved 1048576K
}
Event: 517.265 GC heap before
{Heap before GC invocations=1226 (full 29):
 PSYoungGen      total 15872K, used 15808K [0x00000000eab00000, 0x00000000ec000000, 0x0000000100000000)
  eden space 15360K, 100% used [0x00000000eab00000,0x00000000eba00000,0x00000000eba00000)
  from space 512K, 87% used [0x00000000ebf00000,0x00000000ebf70010,0x00000000ebf80000)
  to   space 512K, 0% used [0x00000000ebf80000,0x00000000ebf80000,0x00000000ec000000)
 ParOldGen       total 256512K, used 238240K [0x00000000c0000000, 0x00000000cfa80000, 0x00000000eab00000)
  object space 256512K, 92% used [0x00000000c0000000,0x00000000ce8a83c8,0x00000000cfa80000)
 Metaspace       used 79139K, committed 80448K, reserved 1179648K
  class space    used 9422K, committed 10048K, reserved 1048576K
}
Event: 517.272 GC heap after
{Heap after GC invocations=1226 (full 29):
 PSYoungGen      total 15872K, used 512K [0x00000000eab00000, 0x00000000ec000000, 0x0000000100000000)
  eden space 15360K, 0% used [0x00000000eab00000,0x00000000eab00000,0x00000000eba00000)
  from space 512K, 100% used [0x00000000ebf80000,0x00000000ec000000,0x00000000ec000000)
  to   space 2048K, 0% used [0x00000000ebc00000,0x00000000ebc00000,0x00000000ebe00000)
 ParOldGen       total 256512K, used 239497K [0x00000000c0000000, 0x00000000cfa80000, 0x00000000eab00000)
  object space 256512K, 93% used [0x00000000c0000000,0x00000000ce9e2698,0x00000000cfa80000)
 Metaspace       used 79139K, committed 80448K, reserved 1179648K
  class space    used 9422K, committed 10048K, reserved 1048576K
}
Event: 517.582 GC heap before
{Heap before GC invocations=1227 (full 29):
 PSYoungGen      total 15872K, used 15838K [0x00000000eab00000, 0x00000000ec000000, 0x0000000100000000)
  eden space 15360K, 99% used [0x00000000eab00000,0x00000000eb9f7850,0x00000000eba00000)
  from space 512K, 100% used [0x00000000ebf80000,0x00000000ec000000,0x00000000ec000000)
  to   space 2048K, 0% used [0x00000000ebc00000,0x00000000ebc00000,0x00000000ebe00000)
 ParOldGen       total 256512K, used 239497K [0x00000000c0000000, 0x00000000cfa80000, 0x00000000eab00000)
  object space 256512K, 93% used [0x00000000c0000000,0x00000000ce9e2698,0x00000000cfa80000)
 Metaspace       used 79834K, committed 81152K, reserved 1179648K
  class space    used 9492K, committed 10112K, reserved 1048576K
}
Event: 517.587 GC heap after
{Heap after GC invocations=1227 (full 29):
 PSYoungGen      total 17408K, used 1734K [0x00000000eab00000, 0x00000000ec000000, 0x0000000100000000)
  eden space 15360K, 0% used [0x00000000eab00000,0x00000000eab00000,0x00000000eba00000)
  from space 2048K, 84% used [0x00000000ebc00000,0x00000000ebdb1910,0x00000000ebe00000)
  to   space 2048K, 0% used [0x00000000ebe00000,0x00000000ebe00000,0x00000000ec000000)
 ParOldGen       total 256512K, used 239513K [0x00000000c0000000, 0x00000000cfa80000, 0x00000000eab00000)
  object space 256512K, 93% used [0x00000000c0000000,0x00000000ce9e6698,0x00000000cfa80000)
 Metaspace       used 79834K, committed 81152K, reserved 1179648K
  class space    used 9492K, committed 10112K, reserved 1048576K
}
Event: 517.834 GC heap before
{Heap before GC invocations=1228 (full 29):
 PSYoungGen      total 17408K, used 17094K [0x00000000eab00000, 0x00000000ec000000, 0x0000000100000000)
  eden space 15360K, 100% used [0x00000000eab00000,0x00000000eba00000,0x00000000eba00000)
  from space 2048K, 84% used [0x00000000ebc00000,0x00000000ebdb1910,0x00000000ebe00000)
  to   space 2048K, 0% used [0x00000000ebe00000,0x00000000ebe00000,0x00000000ec000000)
 ParOldGen       total 256512K, used 239513K [0x00000000c0000000, 0x00000000cfa80000, 0x00000000eab00000)
  object space 256512K, 93% used [0x00000000c0000000,0x00000000ce9e6698,0x00000000cfa80000)
 Metaspace       used 80285K, committed 81600K, reserved 1179648K
  class space    used 9533K, committed 10176K, reserved 1048576K
}
Event: 517.843 GC heap after
{Heap after GC invocations=1228 (full 29):
 PSYoungGen      total 17408K, used 2025K [0x00000000eab00000, 0x00000000ec100000, 0x0000000100000000)
  eden space 15360K, 0% used [0x00000000eab00000,0x00000000eab00000,0x00000000eba00000)
  from space 2048K, 98% used [0x00000000ebe00000,0x00000000ebffa738,0x00000000ec000000)
  to   space 3584K, 0% used [0x00000000eba00000,0x00000000eba00000,0x00000000ebd80000)
 ParOldGen       total 256512K, used 240433K [0x00000000c0000000, 0x00000000cfa80000, 0x00000000eab00000)
  object space 256512K, 93% used [0x00000000c0000000,0x00000000ceacc698,0x00000000cfa80000)
 Metaspace       used 80285K, committed 81600K, reserved 1179648K
  class space    used 9533K, committed 10176K, reserved 1048576K
}
Event: 517.898 GC heap before
{Heap before GC invocations=1229 (full 29):
 PSYoungGen      total 17408K, used 17385K [0x00000000eab00000, 0x00000000ec100000, 0x0000000100000000)
  eden space 15360K, 100% used [0x00000000eab00000,0x00000000eba00000,0x00000000eba00000)
  from space 2048K, 98% used [0x00000000ebe00000,0x00000000ebffa738,0x00000000ec000000)
  to   space 3584K, 0% used [0x00000000eba00000,0x00000000eba00000,0x00000000ebd80000)
 ParOldGen       total 256512K, used 240433K [0x00000000c0000000, 0x00000000cfa80000, 0x00000000eab00000)
  object space 256512K, 93% used [0x00000000c0000000,0x00000000ceacc698,0x00000000cfa80000)
 Metaspace       used 80286K, committed 81600K, reserved 1179648K
  class space    used 9533K, committed 10176K, reserved 1048576K
}
Event: 517.902 GC heap after
{Heap after GC invocations=1229 (full 29):
 PSYoungGen      total 18944K, used 3138K [0x00000000eab00000, 0x00000000ec100000, 0x0000000100000000)
  eden space 15360K, 0% used [0x00000000eab00000,0x00000000eab00000,0x00000000eba00000)
  from space 3584K, 87% used [0x00000000eba00000,0x00000000ebd10ae8,0x00000000ebd80000)
  to   space 3584K, 0% used [0x00000000ebd80000,0x00000000ebd80000,0x00000000ec100000)
 ParOldGen       total 256512K, used 240449K [0x00000000c0000000, 0x00000000cfa80000, 0x00000000eab00000)
  object space 256512K, 93% used [0x00000000c0000000,0x00000000cead0698,0x00000000cfa80000)
 Metaspace       used 80286K, committed 81600K, reserved 1179648K
  class space    used 9533K, committed 10176K, reserved 1048576K
}
Event: 518.495 GC heap before
{Heap before GC invocations=1230 (full 29):
 PSYoungGen      total 18944K, used 18498K [0x00000000eab00000, 0x00000000ec100000, 0x0000000100000000)
  eden space 15360K, 100% used [0x00000000eab00000,0x00000000eba00000,0x00000000eba00000)
  from space 3584K, 87% used [0x00000000eba00000,0x00000000ebd10ae8,0x00000000ebd80000)
  to   space 3584K, 0% used [0x00000000ebd80000,0x00000000ebd80000,0x00000000ec100000)
 ParOldGen       total 256512K, used 240449K [0x00000000c0000000, 0x00000000cfa80000, 0x00000000eab00000)
  object space 256512K, 93% used [0x00000000c0000000,0x00000000cead0698,0x00000000cfa80000)
 Metaspace       used 81840K, committed 83136K, reserved 1179648K
  class space    used 9641K, committed 10240K, reserved 1048576K
}
Event: 518.499 GC heap after
{Heap after GC invocations=1230 (full 29):
 PSYoungGen      total 17920K, used 2325K [0x00000000eab00000, 0x00000000ec000000, 0x0000000100000000)
  eden space 15360K, 0% used [0x00000000eab00000,0x00000000eab00000,0x00000000eba00000)
  from space 2560K, 90% used [0x00000000ebd80000,0x00000000ebfc57d8,0x00000000ec000000)
  to   space 3072K, 0% used [0x00000000eba00000,0x00000000eba00000,0x00000000ebd00000)
 ParOldGen       total 256512K, used 240457K [0x00000000c0000000, 0x00000000cfa80000, 0x00000000eab00000)
  object space 256512K, 93% used [0x00000000c0000000,0x00000000cead2698,0x00000000cfa80000)
 Metaspace       used 81840K, committed 83136K, reserved 1179648K
  class space    used 9641K, committed 10240K, reserved 1048576K
}

