# JRE version: OpenJDK Runtime Environment Temurin-17.0.8.1+1 (17.0.8.1+1) (build 17.0.8.1+1)
# Java VM: OpenJDK 64-Bit Server VM Temurin-17.0.8.1+1 (17.0.8.1+1, mixed mode, tiered, compressed oops, compressed class ptrs, parallel gc, windows-amd64)
GC Precious Log:
 CPUs: 16 total, 16 available
 Memory: 7421M
 Large Page Support: Disabled
 NUMA Support: Disabled
 Compressed Oops: Enabled (32-bit)
 Alignments: Space 512K, Generation 512K, Heap 2M
 Heap Min Capacity: 100M
 Heap Initial Capacity: 100M
 Heap Max Capacity: 1G
 Pre-touch: Disabled
 Parallel Workers: 13
Heap:
 PSYoungGen      total 9216K, used 6984K [0x00000000eab00000, 0x00000000eb700000, 0x0000000100000000)
  eden space 8704K, 76% used [0x00000000eab00000,0x00000000eb17a030,0x00000000eb380000)
  from space 512K, 68% used [0x00000000eb600000,0x00000000eb658000,0x00000000eb680000)
  to   space 512K, 0% used [0x00000000eb680000,0x00000000eb680000,0x00000000eb700000)
 ParOldGen       total 92672K, used 69577K [0x00000000c0000000, 0x00000000c5a80000, 0x00000000eab00000)
  object space 92672K, 75% used [0x00000000c0000000,0x00000000c43f2488,0x00000000c5a80000)
 Metaspace       used 73465K, committed 74560K, reserved 1179648K
  class space    used 8404K, committed 8896K, reserved 1048576K
GC Heap History (20 events):
Event: 25.243 GC heap before
{Heap before GC invocations=91 (full 4):
 PSYoungGen      total 10752K, used 8673K [0x00000000eab00000, 0x00000000eb900000, 0x0000000100000000)
  eden space 8704K, 99% used [0x00000000eab00000,0x00000000eb3787e8,0x00000000eb380000)
  from space 2048K, 0% used [0x00000000eb500000,0x00000000eb500000,0x00000000eb700000)
  to   space 2048K, 0% used [0x00000000eb700000,0x00000000eb700000,0x00000000eb900000)
 ParOldGen       total 92672K, used 66044K [0x00000000c0000000, 0x00000000c5a80000, 0x00000000eab00000)
  object space 92672K, 71% used [0x00000000c0000000,0x00000000c407f2d0,0x00000000c5a80000)
 Metaspace       used 70367K, committed 71488K, reserved 1114112K
  class space    used 8089K, committed 8576K, reserved 1048576K
}
Event: 25.244 GC heap after
{Heap after GC invocations=91 (full 4):
 PSYoungGen      total 9728K, used 645K [0x00000000eab00000, 0x00000000eb800000, 0x0000000100000000)
  eden space 8704K, 0% used [0x00000000eab00000,0x00000000eab00000,0x00000000eb380000)
  from space 1024K, 63% used [0x00000000eb700000,0x00000000eb7a1510,0x00000000eb800000)
  to   space 1024K, 0% used [0x00000000eb600000,0x00000000eb600000,0x00000000eb700000)
 ParOldGen       total 92672K, used 66044K [0x00000000c0000000, 0x00000000c5a80000, 0x00000000eab00000)
  object space 92672K, 71% used [0x00000000c0000000,0x00000000c407f2d0,0x00000000c5a80000)
 Metaspace       used 70367K, committed 71488K, reserved 1114112K
  class space    used 8089K, committed 8576K, reserved 1048576K
}
Event: 25.363 GC heap before
{Heap before GC invocations=92 (full 4):
 PSYoungGen      total 9728K, used 9349K [0x00000000eab00000, 0x00000000eb800000, 0x0000000100000000)
  eden space 8704K, 100% used [0x00000000eab00000,0x00000000eb380000,0x00000000eb380000)
  from space 1024K, 63% used [0x00000000eb700000,0x00000000eb7a1510,0x00000000eb800000)
  to   space 1024K, 0% used [0x00000000eb600000,0x00000000eb600000,0x00000000eb700000)
 ParOldGen       total 92672K, used 66044K [0x00000000c0000000, 0x00000000c5a80000, 0x00000000eab00000)
  object space 92672K, 71% used [0x00000000c0000000,0x00000000c407f2d0,0x00000000c5a80000)
 Metaspace       used 70862K, committed 71936K, reserved 1114112K
  class space    used 8148K, committed 8640K, reserved 1048576K
}
Event: 25.363 GC heap after
{Heap after GC invocations=92 (full 4):
 PSYoungGen      total 9728K, used 819K [0x00000000eab00000, 0x00000000eb780000, 0x0000000100000000)
  eden space 8704K, 0% used [0x00000000eab00000,0x00000000eab00000,0x00000000eb380000)
  from space 1024K, 79% used [0x00000000eb600000,0x00000000eb6cccc8,0x00000000eb700000)
  to   space 512K, 0% used [0x00000000eb700000,0x00000000eb700000,0x00000000eb780000)
 ParOldGen       total 92672K, used 66443K [0x00000000c0000000, 0x00000000c5a80000, 0x00000000eab00000)
  object space 92672K, 71% used [0x00000000c0000000,0x00000000c40e2f58,0x00000000c5a80000)
 Metaspace       used 70862K, committed 71936K, reserved 1114112K
  class space    used 8148K, committed 8640K, reserved 1048576K
}
Event: 25.765 GC heap before
{Heap before GC invocations=93 (full 4):
 PSYoungGen      total 9728K, used 9523K [0x00000000eab00000, 0x00000000eb780000, 0x0000000100000000)
  eden space 8704K, 100% used [0x00000000eab00000,0x00000000eb380000,0x00000000eb380000)
  from space 1024K, 79% used [0x00000000eb600000,0x00000000eb6cccc8,0x00000000eb700000)
  to   space 512K, 0% used [0x00000000eb700000,0x00000000eb700000,0x00000000eb780000)
 ParOldGen       total 92672K, used 66443K [0x00000000c0000000, 0x00000000c5a80000, 0x00000000eab00000)
  object space 92672K, 71% used [0x00000000c0000000,0x00000000c40e2f58,0x00000000c5a80000)
 Metaspace       used 70990K, committed 72064K, reserved 1114112K
  class space    used 8153K, committed 8640K, reserved 1048576K
}
Event: 25.766 GC heap after
{Heap after GC invocations=93 (full 4):
 PSYoungGen      total 9216K, used 416K [0x00000000eab00000, 0x00000000eb780000, 0x0000000100000000)
  eden space 8704K, 0% used [0x00000000eab00000,0x00000000eab00000,0x00000000eb380000)
  from space 512K, 81% used [0x00000000eb700000,0x00000000eb768000,0x00000000eb780000)
  to   space 1024K, 0% used [0x00000000eb580000,0x00000000eb580000,0x00000000eb680000)
 ParOldGen       total 92672K, used 67009K [0x00000000c0000000, 0x00000000c5a80000, 0x00000000eab00000)
  object space 92672K, 72% used [0x00000000c0000000,0x00000000c4170488,0x00000000c5a80000)
 Metaspace       used 70990K, committed 72064K, reserved 1114112K
  class space    used 8153K, committed 8640K, reserved 1048576K
}
Event: 71.164 GC heap before
{Heap before GC invocations=94 (full 4):
 PSYoungGen      total 9216K, used 9119K [0x00000000eab00000, 0x00000000eb780000, 0x0000000100000000)
  eden space 8704K, 99% used [0x00000000eab00000,0x00000000eb37ffa8,0x00000000eb380000)
  from space 512K, 81% used [0x00000000eb700000,0x00000000eb768000,0x00000000eb780000)
  to   space 1024K, 0% used [0x00000000eb580000,0x00000000eb580000,0x00000000eb680000)
 ParOldGen       total 92672K, used 67009K [0x00000000c0000000, 0x00000000c5a80000, 0x00000000eab00000)
  object space 92672K, 72% used [0x00000000c0000000,0x00000000c4170488,0x00000000c5a80000)
 Metaspace       used 71064K, committed 72128K, reserved 1114112K
  class space    used 8157K, committed 8640K, reserved 1048576K
}
Event: 71.189 GC heap after
{Heap after GC invocations=94 (full 4):
 PSYoungGen      total 9728K, used 992K [0x00000000eab00000, 0x00000000eb780000, 0x0000000100000000)
  eden space 8704K, 0% used [0x00000000eab00000,0x00000000eab00000,0x00000000eb380000)
  from space 1024K, 96% used [0x00000000eb580000,0x00000000eb678000,0x00000000eb680000)
  to   space 1024K, 0% used [0x00000000eb680000,0x00000000eb680000,0x00000000eb780000)
 ParOldGen       total 92672K, used 67193K [0x00000000c0000000, 0x00000000c5a80000, 0x00000000eab00000)
  object space 92672K, 72% used [0x00000000c0000000,0x00000000c419e488,0x00000000c5a80000)
 Metaspace       used 71064K, committed 72128K, reserved 1114112K
  class space    used 8157K, committed 8640K, reserved 1048576K
}
Event: 71.725 GC heap before
{Heap before GC invocations=95 (full 4):
 PSYoungGen      total 9728K, used 9696K [0x00000000eab00000, 0x00000000eb780000, 0x0000000100000000)
  eden space 8704K, 100% used [0x00000000eab00000,0x00000000eb380000,0x00000000eb380000)
  from space 1024K, 96% used [0x00000000eb580000,0x00000000eb678000,0x00000000eb680000)
  to   space 1024K, 0% used [0x00000000eb680000,0x00000000eb680000,0x00000000eb780000)
 ParOldGen       total 92672K, used 67193K [0x00000000c0000000, 0x00000000c5a80000, 0x00000000eab00000)
  object space 92672K, 72% used [0x00000000c0000000,0x00000000c419e488,0x00000000c5a80000)
 Metaspace       used 71100K, committed 72192K, reserved 1114112K
  class space    used 8159K, committed 8640K, reserved 1048576K
}
Event: 71.727 GC heap after
{Heap after GC invocations=95 (full 4):
 PSYoungGen      total 9728K, used 736K [0x00000000eab00000, 0x00000000eb780000, 0x0000000100000000)
  eden space 8704K, 0% used [0x00000000eab00000,0x00000000eab00000,0x00000000eb380000)
  from space 1024K, 71% used [0x00000000eb680000,0x00000000eb738000,0x00000000eb780000)
  to   space 1024K, 0% used [0x00000000eb580000,0x00000000eb580000,0x00000000eb680000)
 ParOldGen       total 92672K, used 68017K [0x00000000c0000000, 0x00000000c5a80000, 0x00000000eab00000)
  object space 92672K, 73% used [0x00000000c0000000,0x00000000c426c488,0x00000000c5a80000)
 Metaspace       used 71100K, committed 72192K, reserved 1114112K
  class space    used 8159K, committed 8640K, reserved 1048576K
}
Event: 72.130 GC heap before
{Heap before GC invocations=96 (full 4):
 PSYoungGen      total 9728K, used 9440K [0x00000000eab00000, 0x00000000eb780000, 0x0000000100000000)
  eden space 8704K, 100% used [0x00000000eab00000,0x00000000eb380000,0x00000000eb380000)
  from space 1024K, 71% used [0x00000000eb680000,0x00000000eb738000,0x00000000eb780000)
  to   space 1024K, 0% used [0x00000000eb580000,0x00000000eb580000,0x00000000eb680000)
 ParOldGen       total 92672K, used 68017K [0x00000000c0000000, 0x00000000c5a80000, 0x00000000eab00000)
  object space 92672K, 73% used [0x00000000c0000000,0x00000000c426c488,0x00000000c5a80000)
 Metaspace       used 71195K, committed 72256K, reserved 1114112K
  class space    used 8167K, committed 8640K, reserved 1048576K
}
Event: 72.134 GC heap after
{Heap after GC invocations=96 (full 4):
 PSYoungGen      total 9728K, used 544K [0x00000000eab00000, 0x00000000eb700000, 0x0000000100000000)
  eden space 8704K, 0% used [0x00000000eab00000,0x00000000eab00000,0x00000000eb380000)
  from space 1024K, 53% used [0x00000000eb580000,0x00000000eb608000,0x00000000eb680000)
  to   space 512K, 0% used [0x00000000eb680000,0x00000000eb680000,0x00000000eb700000)
 ParOldGen       total 92672K, used 68665K [0x00000000c0000000, 0x00000000c5a80000, 0x00000000eab00000)
  object space 92672K, 74% used [0x00000000c0000000,0x00000000c430e488,0x00000000c5a80000)
 Metaspace       used 71195K, committed 72256K, reserved 1114112K
  class space    used 8167K, committed 8640K, reserved 1048576K
}
Event: 83.026 GC heap before
{Heap before GC invocations=97 (full 4):
 PSYoungGen      total 9728K, used 9248K [0x00000000eab00000, 0x00000000eb700000, 0x0000000100000000)
  eden space 8704K, 100% used [0x00000000eab00000,0x00000000eb380000,0x00000000eb380000)
  from space 1024K, 53% used [0x00000000eb580000,0x00000000eb608000,0x00000000eb680000)
  to   space 512K, 0% used [0x00000000eb680000,0x00000000eb680000,0x00000000eb700000)
 ParOldGen       total 92672K, used 68665K [0x00000000c0000000, 0x00000000c5a80000, 0x00000000eab00000)
  object space 92672K, 74% used [0x00000000c0000000,0x00000000c430e488,0x00000000c5a80000)
 Metaspace       used 72023K, committed 73024K, reserved 1114112K
  class space    used 8247K, committed 8704K, reserved 1048576K
}
Event: 83.027 GC heap after
{Heap after GC invocations=97 (full 4):
 PSYoungGen      total 9216K, used 320K [0x00000000eab00000, 0x00000000eb700000, 0x0000000100000000)
  eden space 8704K, 0% used [0x00000000eab00000,0x00000000eab00000,0x00000000eb380000)
  from space 512K, 62% used [0x00000000eb680000,0x00000000eb6d0000,0x00000000eb700000)
  to   space 512K, 0% used [0x00000000eb600000,0x00000000eb600000,0x00000000eb680000)
 ParOldGen       total 92672K, used 69097K [0x00000000c0000000, 0x00000000c5a80000, 0x00000000eab00000)
  object space 92672K, 74% used [0x00000000c0000000,0x00000000c437a488,0x00000000c5a80000)
 Metaspace       used 72023K, committed 73024K, reserved 1114112K
  class space    used 8247K, committed 8704K, reserved 1048576K
}
Event: 83.181 GC heap before
{Heap before GC invocations=98 (full 4):
 PSYoungGen      total 9216K, used 9024K [0x00000000eab00000, 0x00000000eb700000, 0x0000000100000000)
  eden space 8704K, 100% used [0x00000000eab00000,0x00000000eb380000,0x00000000eb380000)
  from space 512K, 62% used [0x00000000eb680000,0x00000000eb6d0000,0x00000000eb700000)
  to   space 512K, 0% used [0x00000000eb600000,0x00000000eb600000,0x00000000eb680000)
 ParOldGen       total 92672K, used 69097K [0x00000000c0000000, 0x00000000c5a80000, 0x00000000eab00000)
  object space 92672K, 74% used [0x00000000c0000000,0x00000000c437a488,0x00000000c5a80000)
 Metaspace       used 72211K, committed 73216K, reserved 1114112K
  class space    used 8294K, committed 8768K, reserved 1048576K
}
Event: 83.182 GC heap after
{Heap after GC invocations=98 (full 4):
 PSYoungGen      total 9216K, used 352K [0x00000000eab00000, 0x00000000eb700000, 0x0000000100000000)
  eden space 8704K, 0% used [0x00000000eab00000,0x00000000eab00000,0x00000000eb380000)
  from space 512K, 68% used [0x00000000eb600000,0x00000000eb658000,0x00000000eb680000)
  to   space 512K, 0% used [0x00000000eb680000,0x00000000eb680000,0x00000000eb700000)
 ParOldGen       total 92672K, used 69265K [0x00000000c0000000, 0x00000000c5a80000, 0x00000000eab00000)
  object space 92672K, 74% used [0x00000000c0000000,0x00000000c43a4488,0x00000000c5a80000)
 Metaspace       used 72211K, committed 73216K, reserved 1114112K
  class space    used 8294K, committed 8768K, reserved 1048576K
}
Event: 83.405 GC heap before
{Heap before GC invocations=99 (full 4):
 PSYoungGen      total 9216K, used 9056K [0x00000000eab00000, 0x00000000eb700000, 0x0000000100000000)
  eden space 8704K, 100% used [0x00000000eab00000,0x00000000eb380000,0x00000000eb380000)
  from space 512K, 68% used [0x00000000eb600000,0x00000000eb658000,0x00000000eb680000)
  to   space 512K, 0% used [0x00000000eb680000,0x00000000eb680000,0x00000000eb700000)
 ParOldGen       total 92672K, used 69265K [0x00000000c0000000, 0x00000000c5a80000, 0x00000000eab00000)
  object space 92672K, 74% used [0x00000000c0000000,0x00000000c43a4488,0x00000000c5a80000)
 Metaspace       used 72693K, committed 73728K, reserved 1114112K
  class space    used 8339K, committed 8832K, reserved 1048576K
}
Event: 83.406 GC heap after
{Heap after GC invocations=99 (full 4):
 PSYoungGen      total 9216K, used 384K [0x00000000eab00000, 0x00000000eb700000, 0x0000000100000000)
  eden space 8704K, 0% used [0x00000000eab00000,0x00000000eab00000,0x00000000eb380000)
  from space 512K, 75% used [0x00000000eb680000,0x00000000eb6e0000,0x00000000eb700000)
  to   space 512K, 0% used [0x00000000eb600000,0x00000000eb600000,0x00000000eb680000)
 ParOldGen       total 92672K, used 69369K [0x00000000c0000000, 0x00000000c5a80000, 0x00000000eab00000)
  object space 92672K, 74% used [0x00000000c0000000,0x00000000c43be488,0x00000000c5a80000)
 Metaspace       used 72693K, committed 73728K, reserved 1114112K
  class space    used 8339K, committed 8832K, reserved 1048576K
}
Event: 83.762 GC heap before
{Heap before GC invocations=100 (full 4):
 PSYoungGen      total 9216K, used 9070K [0x00000000eab00000, 0x00000000eb700000, 0x0000000100000000)
  eden space 8704K, 99% used [0x00000000eab00000,0x00000000eb37b8d8,0x00000000eb380000)
  from space 512K, 75% used [0x00000000eb680000,0x00000000eb6e0000,0x00000000eb700000)
  to   space 512K, 0% used [0x00000000eb600000,0x00000000eb600000,0x00000000eb680000)
 ParOldGen       total 92672K, used 69369K [0x00000000c0000000, 0x00000000c5a80000, 0x00000000eab00000)
  object space 92672K, 74% used [0x00000000c0000000,0x00000000c43be488,0x00000000c5a80000)
 Metaspace       used 73186K, committed 74240K, reserved 1114112K
  class space    used 8388K, committed 8832K, reserved 1048576K
}
Event: 83.766 GC heap after
{Heap after GC invocations=100 (full 4):
 PSYoungGen      total 9216K, used 352K [0x00000000eab00000, 0x00000000eb700000, 0x0000000100000000)
  eden space 8704K, 0% used [0x00000000eab00000,0x00000000eab00000,0x00000000eb380000)
  from space 512K, 68% used [0x00000000eb600000,0x00000000eb658000,0x00000000eb680000)
  to   space 512K, 0% used [0x00000000eb680000,0x00000000eb680000,0x00000000eb700000)
 ParOldGen       total 92672K, used 69577K [0x00000000c0000000, 0x00000000c5a80000, 0x00000000eab00000)
  object space 92672K, 75% used [0x00000000c0000000,0x00000000c43f2488,0x00000000c5a80000)
 Metaspace       used 73186K, committed 74240K, reserved 1114112K
  class space    used 8388K, committed 8832K, reserved 1048576K
}

