# JRE version: OpenJDK Runtime Environment Microsoft-8035250 (11.0.20+8) (build 11.0.20+8-LTS)
# Java VM: OpenJDK 64-Bit Server VM Microsoft-8035250 (11.0.20+8-LTS, mixed mode, tiered, compressed oops, g1 gc, windows-amd64)
Heap:
 garbage-first heap   total 248832K, used 162657K [0x0000000080000000, 0x0000000100000000)
  region size 1024K, 27 young (27648K), 5 survivors (5120K)
 Metaspace       used 110507K, capacity 114930K, committed 115024K, reserved 616448K
  class space    used 14572K, capacity 16256K, committed 16288K, reserved 516096K
GC Heap History (20 events):
Event: 33.038 GC heap before
{Heap before GC invocations=45 (full 0):
 garbage-first heap   total 143360K, used 122078K [0x0000000080000000, 0x0000000100000000)
  region size 1024K, 13 young (13312K), 2 survivors (2048K)
 Metaspace       used 103250K, capacity 107366K, committed 107600K, reserved 610304K
  class space    used 13623K, capacity 15201K, committed 15264K, reserved 516096K
}
Event: 33.042 GC heap after
{Heap after GC invocations=46 (full 0):
 garbage-first heap   total 143360K, used 111425K [0x0000000080000000, 0x0000000100000000)
  region size 1024K, 2 young (2048K), 2 survivors (2048K)
 Metaspace       used 103250K, capacity 107366K, committed 107600K, reserved 610304K
  class space    used 13623K, capacity 15201K, committed 15264K, reserved 516096K
}
Event: 33.196 GC heap before
{Heap before GC invocations=47 (full 0):
 garbage-first heap   total 143360K, used 122689K [0x0000000080000000, 0x0000000100000000)
  region size 1024K, 13 young (13312K), 2 survivors (2048K)
 Metaspace       used 103816K, capacity 108025K, committed 108240K, reserved 610304K
  class space    used 13721K, capacity 15309K, committed 15392K, reserved 516096K
}
Event: 33.200 GC heap after
{Heap after GC invocations=48 (full 0):
 garbage-first heap   total 172032K, used 112042K [0x0000000080000000, 0x0000000100000000)
  region size 1024K, 2 young (2048K), 2 survivors (2048K)
 Metaspace       used 103816K, capacity 108025K, committed 108240K, reserved 610304K
  class space    used 13721K, capacity 15309K, committed 15392K, reserved 516096K
}
Event: 33.475 GC heap before
{Heap before GC invocations=48 (full 0):
 garbage-first heap   total 172032K, used 137642K [0x0000000080000000, 0x0000000100000000)
  region size 1024K, 27 young (27648K), 2 survivors (2048K)
 Metaspace       used 105200K, capacity 109410K, committed 109648K, reserved 610304K
  class space    used 13926K, capacity 15520K, committed 15520K, reserved 516096K
}
Event: 33.478 GC heap after
{Heap after GC invocations=49 (full 0):
 garbage-first heap   total 172032K, used 113116K [0x0000000080000000, 0x0000000100000000)
  region size 1024K, 3 young (3072K), 3 survivors (3072K)
 Metaspace       used 105200K, capacity 109410K, committed 109648K, reserved 610304K
  class space    used 13926K, capacity 15520K, committed 15520K, reserved 516096K
}
Event: 33.832 GC heap before
{Heap before GC invocations=50 (full 0):
 garbage-first heap   total 172032K, used 139740K [0x0000000080000000, 0x0000000100000000)
  region size 1024K, 29 young (29696K), 3 survivors (3072K)
 Metaspace       used 106465K, capacity 110701K, committed 110928K, reserved 612352K
  class space    used 14096K, capacity 15690K, committed 15776K, reserved 516096K
}
Event: 33.836 GC heap after
{Heap after GC invocations=51 (full 0):
 garbage-first heap   total 172032K, used 114856K [0x0000000080000000, 0x0000000100000000)
  region size 1024K, 4 young (4096K), 4 survivors (4096K)
 Metaspace       used 106465K, capacity 110701K, committed 110928K, reserved 612352K
  class space    used 14096K, capacity 15690K, committed 15776K, reserved 516096K
}
Event: 34.104 GC heap before
{Heap before GC invocations=51 (full 0):
 garbage-first heap   total 172032K, used 140456K [0x0000000080000000, 0x0000000100000000)
  region size 1024K, 30 young (30720K), 4 survivors (4096K)
 Metaspace       used 107751K, capacity 111965K, committed 112080K, reserved 612352K
  class space    used 14247K, capacity 15847K, committed 15904K, reserved 516096K
}
Event: 34.113 GC heap after
{Heap after GC invocations=52 (full 0):
 garbage-first heap   total 172032K, used 117066K [0x0000000080000000, 0x0000000100000000)
  region size 1024K, 4 young (4096K), 4 survivors (4096K)
 Metaspace       used 107751K, capacity 111965K, committed 112080K, reserved 612352K
  class space    used 14247K, capacity 15847K, committed 15904K, reserved 516096K
}
Event: 34.290 GC heap before
{Heap before GC invocations=53 (full 0):
 garbage-first heap   total 172032K, used 143690K [0x0000000080000000, 0x0000000100000000)
  region size 1024K, 30 young (30720K), 4 survivors (4096K)
 Metaspace       used 107806K, capacity 112067K, committed 112336K, reserved 614400K
  class space    used 14254K, capacity 15880K, committed 15904K, reserved 516096K
}
Event: 34.296 GC heap after
{Heap after GC invocations=54 (full 0):
 garbage-first heap   total 206848K, used 120727K [0x0000000080000000, 0x0000000100000000)
  region size 1024K, 4 young (4096K), 4 survivors (4096K)
 Metaspace       used 107806K, capacity 112067K, committed 112336K, reserved 614400K
  class space    used 14254K, capacity 15880K, committed 15904K, reserved 516096K
}
Event: 34.504 GC heap before
{Heap before GC invocations=54 (full 0):
 garbage-first heap   total 206848K, used 158615K [0x0000000080000000, 0x0000000100000000)
  region size 1024K, 41 young (41984K), 4 survivors (4096K)
 Metaspace       used 107954K, capacity 112143K, committed 112336K, reserved 614400K
  class space    used 14267K, capacity 15882K, committed 15904K, reserved 516096K
}
Event: 34.510 GC heap after
{Heap after GC invocations=55 (full 0):
 garbage-first heap   total 206848K, used 125828K [0x0000000080000000, 0x0000000100000000)
  region size 1024K, 6 young (6144K), 6 survivors (6144K)
 Metaspace       used 107954K, capacity 112143K, committed 112336K, reserved 614400K
  class space    used 14267K, capacity 15882K, committed 15904K, reserved 516096K
}
Event: 34.731 GC heap before
{Heap before GC invocations=56 (full 0):
 garbage-first heap   total 206848K, used 162692K [0x0000000080000000, 0x0000000100000000)
  region size 1024K, 42 young (43008K), 6 survivors (6144K)
 Metaspace       used 107981K, capacity 112207K, committed 112336K, reserved 614400K
  class space    used 14269K, capacity 15882K, committed 15904K, reserved 516096K
}
Event: 34.738 GC heap after
{Heap after GC invocations=57 (full 0):
 garbage-first heap   total 206848K, used 131434K [0x0000000080000000, 0x0000000100000000)
  region size 1024K, 6 young (6144K), 6 survivors (6144K)
 Metaspace       used 107981K, capacity 112207K, committed 112336K, reserved 614400K
  class space    used 14269K, capacity 15882K, committed 15904K, reserved 516096K
}
Event: 35.047 GC heap before
{Heap before GC invocations=57 (full 0):
 garbage-first heap   total 206848K, used 154986K [0x0000000080000000, 0x0000000100000000)
  region size 1024K, 30 young (30720K), 6 survivors (6144K)
 Metaspace       used 108233K, capacity 112486K, committed 112592K, reserved 614400K
  class space    used 14283K, capacity 15897K, committed 15904K, reserved 516096K
}
Event: 35.052 GC heap after
{Heap after GC invocations=58 (full 0):
 garbage-first heap   total 206848K, used 134355K [0x0000000080000000, 0x0000000100000000)
  region size 1024K, 3 young (3072K), 3 survivors (3072K)
 Metaspace       used 108233K, capacity 112486K, committed 112592K, reserved 614400K
  class space    used 14283K, capacity 15897K, committed 15904K, reserved 516096K
}
Event: 35.341 GC heap before
{Heap before GC invocations=59 (full 0):
 garbage-first heap   total 206848K, used 174291K [0x0000000080000000, 0x0000000100000000)
  region size 1024K, 37 young (37888K), 3 survivors (3072K)
 Metaspace       used 109783K, capacity 114178K, committed 114384K, reserved 614400K
  class space    used 14481K, capacity 16139K, committed 16160K, reserved 516096K
}
Event: 35.346 GC heap after
{Heap after GC invocations=60 (full 0):
 garbage-first heap   total 248832K, used 141153K [0x0000000080000000, 0x0000000100000000)
  region size 1024K, 5 young (5120K), 5 survivors (5120K)
 Metaspace       used 109783K, capacity 114178K, committed 114384K, reserved 614400K
  class space    used 14481K, capacity 16139K, committed 16160K, reserved 516096K
}

