# JRE version: OpenJDK Runtime Environment Temurin-17.0.8.1+1 (17.0.8.1+1) (build 17.0.8.1+1)
# Java VM: OpenJDK 64-Bit Server VM Temurin-17.0.8.1+1 (17.0.8.1+1, mixed mode, tiered, compressed oops, compressed class ptrs, parallel gc, windows-amd64)
GC Precious Log:
 CPUs: 16 total, 16 available
 Memory: 7421M
 Large Page Support: Disabled
 NUMA Support: Disabled
 Compressed Oops: Enabled (32-bit)
 Alignments: Space 512K, Generation 512K, Heap 2M
 Heap Min Capacity: 100M
 Heap Initial Capacity: 100M
 Heap Max Capacity: 1G
 Pre-touch: Disabled
 Parallel Workers: 13
Heap:
 PSYoungGen      total 3072K, used 605K [0x00000000eab00000, 0x00000000eaf00000, 0x0000000100000000)
  eden space 2560K, 7% used [0x00000000eab00000,0x00000000eab2f6a0,0x00000000ead80000)
  from space 512K, 81% used [0x00000000eae00000,0x00000000eae68000,0x00000000eae80000)
  to   space 512K, 0% used [0x00000000eae80000,0x00000000eae80000,0x00000000eaf00000)
 ParOldGen       total 156160K, used 144771K [0x00000000c0000000, 0x00000000c9880000, 0x00000000eab00000)
  object space 156160K, 92% used [0x00000000c0000000,0x00000000c8d60e68,0x00000000c9880000)
 Metaspace       used 76989K, committed 78080K, reserved 1179648K
  class space    used 8268K, committed 8768K, reserved 1048576K
GC Heap History (20 events):
Event: 36.480 GC heap before
{Heap before GC invocations=562 (full 10):
 PSYoungGen      total 2560K, used 2368K [0x00000000eab00000, 0x00000000eaf00000, 0x0000000100000000)
  eden space 1536K, 100% used [0x00000000eab00000,0x00000000eac80000,0x00000000eac80000)
  from space 1024K, 81% used [0x00000000eac80000,0x00000000ead50000,0x00000000ead80000)
  to   space 1024K, 0% used [0x00000000eae00000,0x00000000eae00000,0x00000000eaf00000)
 ParOldGen       total 156160K, used 143213K [0x00000000c0000000, 0x00000000c9880000, 0x00000000eab00000)
  object space 156160K, 91% used [0x00000000c0000000,0x00000000c8bdb418,0x00000000c9880000)
 Metaspace       used 76788K, committed 77952K, reserved 1179648K
  class space    used 8253K, committed 8768K, reserved 1048576K
}
Event: 36.481 GC heap after
{Heap after GC invocations=562 (full 10):
 PSYoungGen      total 3072K, used 992K [0x00000000eab00000, 0x00000000eaf00000, 0x0000000100000000)
  eden space 2048K, 0% used [0x00000000eab00000,0x00000000eab00000,0x00000000ead00000)
  from space 1024K, 96% used [0x00000000eae00000,0x00000000eaef8000,0x00000000eaf00000)
  to   space 1024K, 0% used [0x00000000ead00000,0x00000000ead00000,0x00000000eae00000)
 ParOldGen       total 156160K, used 143341K [0x00000000c0000000, 0x00000000c9880000, 0x00000000eab00000)
  object space 156160K, 91% used [0x00000000c0000000,0x00000000c8bfb418,0x00000000c9880000)
 Metaspace       used 76788K, committed 77952K, reserved 1179648K
  class space    used 8253K, committed 8768K, reserved 1048576K
}
Event: 36.492 GC heap before
{Heap before GC invocations=563 (full 10):
 PSYoungGen      total 3072K, used 3040K [0x00000000eab00000, 0x00000000eaf00000, 0x0000000100000000)
  eden space 2048K, 100% used [0x00000000eab00000,0x00000000ead00000,0x00000000ead00000)
  from space 1024K, 96% used [0x00000000eae00000,0x00000000eaef8000,0x00000000eaf00000)
  to   space 1024K, 0% used [0x00000000ead00000,0x00000000ead00000,0x00000000eae00000)
 ParOldGen       total 156160K, used 143341K [0x00000000c0000000, 0x00000000c9880000, 0x00000000eab00000)
  object space 156160K, 91% used [0x00000000c0000000,0x00000000c8bfb418,0x00000000c9880000)
 Metaspace       used 76788K, committed 77952K, reserved 1179648K
  class space    used 8253K, committed 8768K, reserved 1048576K
}
Event: 36.493 GC heap after
{Heap after GC invocations=563 (full 10):
 PSYoungGen      total 3072K, used 1024K [0x00000000eab00000, 0x00000000eb080000, 0x0000000100000000)
  eden space 2048K, 0% used [0x00000000eab00000,0x00000000eab00000,0x00000000ead00000)
  from space 1024K, 100% used [0x00000000ead00000,0x00000000eae00000,0x00000000eae00000)
  to   space 1536K, 0% used [0x00000000eaf00000,0x00000000eaf00000,0x00000000eb080000)
 ParOldGen       total 156160K, used 143611K [0x00000000c0000000, 0x00000000c9880000, 0x00000000eab00000)
  object space 156160K, 91% used [0x00000000c0000000,0x00000000c8c3ee58,0x00000000c9880000)
 Metaspace       used 76788K, committed 77952K, reserved 1179648K
  class space    used 8253K, committed 8768K, reserved 1048576K
}
Event: 36.501 GC heap before
{Heap before GC invocations=564 (full 10):
 PSYoungGen      total 3072K, used 3049K [0x00000000eab00000, 0x00000000eb080000, 0x0000000100000000)
  eden space 2048K, 98% used [0x00000000eab00000,0x00000000eacfa6c8,0x00000000ead00000)
  from space 1024K, 100% used [0x00000000ead00000,0x00000000eae00000,0x00000000eae00000)
  to   space 1536K, 0% used [0x00000000eaf00000,0x00000000eaf00000,0x00000000eb080000)
 ParOldGen       total 156160K, used 143611K [0x00000000c0000000, 0x00000000c9880000, 0x00000000eab00000)
  object space 156160K, 91% used [0x00000000c0000000,0x00000000c8c3ee58,0x00000000c9880000)
 Metaspace       used 76812K, committed 78016K, reserved 1179648K
  class space    used 8253K, committed 8768K, reserved 1048576K
}
Event: 36.502 GC heap after
{Heap after GC invocations=564 (full 10):
 PSYoungGen      total 3584K, used 832K [0x00000000eab00000, 0x00000000eb000000, 0x0000000100000000)
  eden space 2560K, 0% used [0x00000000eab00000,0x00000000eab00000,0x00000000ead80000)
  from space 1024K, 81% used [0x00000000eaf00000,0x00000000eafd0000,0x00000000eb000000)
  to   space 1024K, 0% used [0x00000000eae00000,0x00000000eae00000,0x00000000eaf00000)
 ParOldGen       total 156160K, used 143939K [0x00000000c0000000, 0x00000000c9880000, 0x00000000eab00000)
  object space 156160K, 92% used [0x00000000c0000000,0x00000000c8c90e68,0x00000000c9880000)
 Metaspace       used 76812K, committed 78016K, reserved 1179648K
  class space    used 8253K, committed 8768K, reserved 1048576K
}
Event: 36.515 GC heap before
{Heap before GC invocations=565 (full 10):
 PSYoungGen      total 3584K, used 3392K [0x00000000eab00000, 0x00000000eb000000, 0x0000000100000000)
  eden space 2560K, 100% used [0x00000000eab00000,0x00000000ead80000,0x00000000ead80000)
  from space 1024K, 81% used [0x00000000eaf00000,0x00000000eafd0000,0x00000000eb000000)
  to   space 1024K, 0% used [0x00000000eae00000,0x00000000eae00000,0x00000000eaf00000)
 ParOldGen       total 156160K, used 143939K [0x00000000c0000000, 0x00000000c9880000, 0x00000000eab00000)
  object space 156160K, 92% used [0x00000000c0000000,0x00000000c8c90e68,0x00000000c9880000)
 Metaspace       used 76849K, committed 78016K, reserved 1179648K
  class space    used 8255K, committed 8768K, reserved 1048576K
}
Event: 36.516 GC heap after
{Heap after GC invocations=565 (full 10):
 PSYoungGen      total 3072K, used 416K [0x00000000eab00000, 0x00000000eaf80000, 0x0000000100000000)
  eden space 2560K, 0% used [0x00000000eab00000,0x00000000eab00000,0x00000000ead80000)
  from space 512K, 81% used [0x00000000eae00000,0x00000000eae68000,0x00000000eae80000)
  to   space 1024K, 0% used [0x00000000eae80000,0x00000000eae80000,0x00000000eaf80000)
 ParOldGen       total 156160K, used 144579K [0x00000000c0000000, 0x00000000c9880000, 0x00000000eab00000)
  object space 156160K, 92% used [0x00000000c0000000,0x00000000c8d30e68,0x00000000c9880000)
 Metaspace       used 76849K, committed 78016K, reserved 1179648K
  class space    used 8255K, committed 8768K, reserved 1048576K
}
Event: 36.531 GC heap before
{Heap before GC invocations=566 (full 10):
 PSYoungGen      total 3072K, used 2976K [0x00000000eab00000, 0x00000000eaf80000, 0x0000000100000000)
  eden space 2560K, 100% used [0x00000000eab00000,0x00000000ead80000,0x00000000ead80000)
  from space 512K, 81% used [0x00000000eae00000,0x00000000eae68000,0x00000000eae80000)
  to   space 1024K, 0% used [0x00000000eae80000,0x00000000eae80000,0x00000000eaf80000)
 ParOldGen       total 156160K, used 144579K [0x00000000c0000000, 0x00000000c9880000, 0x00000000eab00000)
  object space 156160K, 92% used [0x00000000c0000000,0x00000000c8d30e68,0x00000000c9880000)
 Metaspace       used 76855K, committed 78016K, reserved 1179648K
  class space    used 8256K, committed 8768K, reserved 1048576K
}
Event: 36.532 GC heap after
{Heap after GC invocations=566 (full 10):
 PSYoungGen      total 3072K, used 352K [0x00000000eab00000, 0x00000000eaf00000, 0x0000000100000000)
  eden space 2560K, 0% used [0x00000000eab00000,0x00000000eab00000,0x00000000ead80000)
  from space 512K, 68% used [0x00000000eae80000,0x00000000eaed8000,0x00000000eaf00000)
  to   space 512K, 0% used [0x00000000eae00000,0x00000000eae00000,0x00000000eae80000)
 ParOldGen       total 156160K, used 144667K [0x00000000c0000000, 0x00000000c9880000, 0x00000000eab00000)
  object space 156160K, 92% used [0x00000000c0000000,0x00000000c8d46e68,0x00000000c9880000)
 Metaspace       used 76855K, committed 78016K, reserved 1179648K
  class space    used 8256K, committed 8768K, reserved 1048576K
}
Event: 36.553 GC heap before
{Heap before GC invocations=567 (full 10):
 PSYoungGen      total 3072K, used 2911K [0x00000000eab00000, 0x00000000eaf00000, 0x0000000100000000)
  eden space 2560K, 99% used [0x00000000eab00000,0x00000000ead7ffe8,0x00000000ead80000)
  from space 512K, 68% used [0x00000000eae80000,0x00000000eaed8000,0x00000000eaf00000)
  to   space 512K, 0% used [0x00000000eae00000,0x00000000eae00000,0x00000000eae80000)
 ParOldGen       total 156160K, used 144667K [0x00000000c0000000, 0x00000000c9880000, 0x00000000eab00000)
  object space 156160K, 92% used [0x00000000c0000000,0x00000000c8d46e68,0x00000000c9880000)
 Metaspace       used 76861K, committed 78016K, reserved 1179648K
  class space    used 8256K, committed 8768K, reserved 1048576K
}
Event: 36.553 GC heap after
{Heap after GC invocations=567 (full 10):
 PSYoungGen      total 3072K, used 416K [0x00000000eab00000, 0x00000000eaf00000, 0x0000000100000000)
  eden space 2560K, 0% used [0x00000000eab00000,0x00000000eab00000,0x00000000ead80000)
  from space 512K, 81% used [0x00000000eae00000,0x00000000eae68000,0x00000000eae80000)
  to   space 512K, 0% used [0x00000000eae80000,0x00000000eae80000,0x00000000eaf00000)
 ParOldGen       total 156160K, used 144763K [0x00000000c0000000, 0x00000000c9880000, 0x00000000eab00000)
  object space 156160K, 92% used [0x00000000c0000000,0x00000000c8d5ee68,0x00000000c9880000)
 Metaspace       used 76861K, committed 78016K, reserved 1179648K
  class space    used 8256K, committed 8768K, reserved 1048576K
}
Event: 47.669 GC heap before
{Heap before GC invocations=568 (full 10):
 PSYoungGen      total 3072K, used 2976K [0x00000000eab00000, 0x00000000eaf00000, 0x0000000100000000)
  eden space 2560K, 100% used [0x00000000eab00000,0x00000000ead80000,0x00000000ead80000)
  from space 512K, 81% used [0x00000000eae00000,0x00000000eae68000,0x00000000eae80000)
  to   space 512K, 0% used [0x00000000eae80000,0x00000000eae80000,0x00000000eaf00000)
 ParOldGen       total 156160K, used 144763K [0x00000000c0000000, 0x00000000c9880000, 0x00000000eab00000)
  object space 156160K, 92% used [0x00000000c0000000,0x00000000c8d5ee68,0x00000000c9880000)
 Metaspace       used 76905K, committed 78080K, reserved 1179648K
  class space    used 8264K, committed 8768K, reserved 1048576K
}
Event: 47.670 GC heap after
{Heap after GC invocations=568 (full 10):
 PSYoungGen      total 3072K, used 384K [0x00000000eab00000, 0x00000000eaf00000, 0x0000000100000000)
  eden space 2560K, 0% used [0x00000000eab00000,0x00000000eab00000,0x00000000ead80000)
  from space 512K, 75% used [0x00000000eae80000,0x00000000eaee0000,0x00000000eaf00000)
  to   space 512K, 0% used [0x00000000eae00000,0x00000000eae00000,0x00000000eae80000)
 ParOldGen       total 156160K, used 144763K [0x00000000c0000000, 0x00000000c9880000, 0x00000000eab00000)
  object space 156160K, 92% used [0x00000000c0000000,0x00000000c8d5ee68,0x00000000c9880000)
 Metaspace       used 76905K, committed 78080K, reserved 1179648K
  class space    used 8264K, committed 8768K, reserved 1048576K
}
Event: 56.068 GC heap before
{Heap before GC invocations=569 (full 10):
 PSYoungGen      total 3072K, used 2944K [0x00000000eab00000, 0x00000000eaf00000, 0x0000000100000000)
  eden space 2560K, 100% used [0x00000000eab00000,0x00000000ead80000,0x00000000ead80000)
  from space 512K, 75% used [0x00000000eae80000,0x00000000eaee0000,0x00000000eaf00000)
  to   space 512K, 0% used [0x00000000eae00000,0x00000000eae00000,0x00000000eae80000)
 ParOldGen       total 156160K, used 144763K [0x00000000c0000000, 0x00000000c9880000, 0x00000000eab00000)
  object space 156160K, 92% used [0x00000000c0000000,0x00000000c8d5ee68,0x00000000c9880000)
 Metaspace       used 76941K, committed 78080K, reserved 1179648K
  class space    used 8268K, committed 8768K, reserved 1048576K
}
Event: 56.069 GC heap after
{Heap after GC invocations=569 (full 10):
 PSYoungGen      total 3072K, used 416K [0x00000000eab00000, 0x00000000eaf00000, 0x0000000100000000)
  eden space 2560K, 0% used [0x00000000eab00000,0x00000000eab00000,0x00000000ead80000)
  from space 512K, 81% used [0x00000000eae00000,0x00000000eae68000,0x00000000eae80000)
  to   space 512K, 0% used [0x00000000eae80000,0x00000000eae80000,0x00000000eaf00000)
 ParOldGen       total 156160K, used 144763K [0x00000000c0000000, 0x00000000c9880000, 0x00000000eab00000)
  object space 156160K, 92% used [0x00000000c0000000,0x00000000c8d5ee68,0x00000000c9880000)
 Metaspace       used 76941K, committed 78080K, reserved 1179648K
  class space    used 8268K, committed 8768K, reserved 1048576K
}
Event: 57.549 GC heap before
{Heap before GC invocations=570 (full 10):
 PSYoungGen      total 3072K, used 2976K [0x00000000eab00000, 0x00000000eaf00000, 0x0000000100000000)
  eden space 2560K, 100% used [0x00000000eab00000,0x00000000ead80000,0x00000000ead80000)
  from space 512K, 81% used [0x00000000eae00000,0x00000000eae68000,0x00000000eae80000)
  to   space 512K, 0% used [0x00000000eae80000,0x00000000eae80000,0x00000000eaf00000)
 ParOldGen       total 156160K, used 144763K [0x00000000c0000000, 0x00000000c9880000, 0x00000000eab00000)
  object space 156160K, 92% used [0x00000000c0000000,0x00000000c8d5ee68,0x00000000c9880000)
 Metaspace       used 76974K, committed 78080K, reserved 1179648K
  class space    used 8268K, committed 8768K, reserved 1048576K
}
Event: 57.550 GC heap after
{Heap after GC invocations=570 (full 10):
 PSYoungGen      total 3072K, used 416K [0x00000000eab00000, 0x00000000eaf00000, 0x0000000100000000)
  eden space 2560K, 0% used [0x00000000eab00000,0x00000000eab00000,0x00000000ead80000)
  from space 512K, 81% used [0x00000000eae80000,0x00000000eaee8000,0x00000000eaf00000)
  to   space 512K, 0% used [0x00000000eae00000,0x00000000eae00000,0x00000000eae80000)
 ParOldGen       total 156160K, used 144771K [0x00000000c0000000, 0x00000000c9880000, 0x00000000eab00000)
  object space 156160K, 92% used [0x00000000c0000000,0x00000000c8d60e68,0x00000000c9880000)
 Metaspace       used 76974K, committed 78080K, reserved 1179648K
  class space    used 8268K, committed 8768K, reserved 1048576K
}
Event: 57.727 GC heap before
{Heap before GC invocations=571 (full 10):
 PSYoungGen      total 3072K, used 2976K [0x00000000eab00000, 0x00000000eaf00000, 0x0000000100000000)
  eden space 2560K, 100% used [0x00000000eab00000,0x00000000ead80000,0x00000000ead80000)
  from space 512K, 81% used [0x00000000eae80000,0x00000000eaee8000,0x00000000eaf00000)
  to   space 512K, 0% used [0x00000000eae00000,0x00000000eae00000,0x00000000eae80000)
 ParOldGen       total 156160K, used 144771K [0x00000000c0000000, 0x00000000c9880000, 0x00000000eab00000)
  object space 156160K, 92% used [0x00000000c0000000,0x00000000c8d60e68,0x00000000c9880000)
 Metaspace       used 76989K, committed 78080K, reserved 1179648K
  class space    used 8268K, committed 8768K, reserved 1048576K
}
Event: 57.728 GC heap after
{Heap after GC invocations=571 (full 10):
 PSYoungGen      total 3072K, used 416K [0x00000000eab00000, 0x00000000eaf00000, 0x0000000100000000)
  eden space 2560K, 0% used [0x00000000eab00000,0x00000000eab00000,0x00000000ead80000)
  from space 512K, 81% used [0x00000000eae00000,0x00000000eae68000,0x00000000eae80000)
  to   space 512K, 0% used [0x00000000eae80000,0x00000000eae80000,0x00000000eaf00000)
 ParOldGen       total 156160K, used 144771K [0x00000000c0000000, 0x00000000c9880000, 0x00000000eab00000)
  object space 156160K, 92% used [0x00000000c0000000,0x00000000c8d60e68,0x00000000c9880000)
 Metaspace       used 76989K, committed 78080K, reserved 1179648K
  class space    used 8268K, committed 8768K, reserved 1048576K
}

