# JRE version: OpenJDK Runtime Environment Temurin-17.0.8.1+1 (17.0.8.1+1) (build 17.0.8.1+1)
# Java VM: OpenJDK 64-Bit Server VM Temurin-17.0.8.1+1 (17.0.8.1+1, mixed mode, tiered, compressed oops, compressed class ptrs, parallel gc, windows-amd64)
GC Precious Log:
 CPUs: 16 total, 16 available
 Memory: 7421M
 Large Page Support: Disabled
 NUMA Support: Disabled
 Compressed Oops: Enabled (32-bit)
 Alignments: Space 512K, Generation 512K, Heap 2M
 Heap Min Capacity: 100M
 Heap Initial Capacity: 100M
 Heap Max Capacity: 1G
 Pre-touch: Disabled
 Parallel Workers: 13
Heap:
 PSYoungGen      total 4096K, used 3479K [0x00000000eab00000, 0x00000000eb180000, 0x0000000100000000)
  eden space 3072K, 90% used [0x00000000eab00000,0x00000000eadb5720,0x00000000eae00000)
  from space 1024K, 68% used [0x00000000eb080000,0x00000000eb130898,0x00000000eb180000)
  to   space 1536K, 0% used [0x00000000eae80000,0x00000000eae80000,0x00000000eb000000)
 ParOldGen       total 173568K, used 168319K [0x00000000c0000000, 0x00000000ca980000, 0x00000000eab00000)
  object space 173568K, 96% used [0x00000000c0000000,0x00000000ca45fff8,0x00000000ca980000)
 Metaspace       used 78497K, committed 79552K, reserved 1179648K
  class space    used 8367K, committed 8832K, reserved 1048576K
GC Heap History (20 events):
Event: 156.494 GC heap before
{Heap before GC invocations=535 (full 12):
 PSYoungGen      total 4096K, used 3904K [0x00000000eab00000, 0x00000000eb000000, 0x0000000100000000)
  eden space 3072K, 100% used [0x00000000eab00000,0x00000000eae00000,0x00000000eae00000)
  from space 1024K, 81% used [0x00000000eaf00000,0x00000000eafd0010,0x00000000eb000000)
  to   space 1024K, 0% used [0x00000000eae00000,0x00000000eae00000,0x00000000eaf00000)
 ParOldGen       total 173568K, used 161834K [0x00000000c0000000, 0x00000000ca980000, 0x00000000eab00000)
  object space 173568K, 93% used [0x00000000c0000000,0x00000000c9e0abe8,0x00000000ca980000)
 Metaspace       used 78446K, committed 79552K, reserved 1179648K
  class space    used 8365K, committed 8832K, reserved 1048576K
}
Event: 156.495 GC heap after
{Heap after GC invocations=535 (full 12):
 PSYoungGen      total 4096K, used 352K [0x00000000eab00000, 0x00000000eb000000, 0x0000000100000000)
  eden space 3072K, 0% used [0x00000000eab00000,0x00000000eab00000,0x00000000eae00000)
  from space 1024K, 34% used [0x00000000eae00000,0x00000000eae58000,0x00000000eaf00000)
  to   space 1024K, 0% used [0x00000000eaf00000,0x00000000eaf00000,0x00000000eb000000)
 ParOldGen       total 173568K, used 161842K [0x00000000c0000000, 0x00000000ca980000, 0x00000000eab00000)
  object space 173568K, 93% used [0x00000000c0000000,0x00000000c9e0cbe8,0x00000000ca980000)
 Metaspace       used 78446K, committed 79552K, reserved 1179648K
  class space    used 8365K, committed 8832K, reserved 1048576K
}
Event: 156.546 GC heap before
{Heap before GC invocations=536 (full 12):
 PSYoungGen      total 4096K, used 3424K [0x00000000eab00000, 0x00000000eb000000, 0x0000000100000000)
  eden space 3072K, 100% used [0x00000000eab00000,0x00000000eae00000,0x00000000eae00000)
  from space 1024K, 34% used [0x00000000eae00000,0x00000000eae58000,0x00000000eaf00000)
  to   space 1024K, 0% used [0x00000000eaf00000,0x00000000eaf00000,0x00000000eb000000)
 ParOldGen       total 173568K, used 161842K [0x00000000c0000000, 0x00000000ca980000, 0x00000000eab00000)
  object space 173568K, 93% used [0x00000000c0000000,0x00000000c9e0cbe8,0x00000000ca980000)
 Metaspace       used 78449K, committed 79552K, reserved 1179648K
  class space    used 8365K, committed 8832K, reserved 1048576K
}
Event: 156.547 GC heap after
{Heap after GC invocations=536 (full 12):
 PSYoungGen      total 4096K, used 896K [0x00000000eab00000, 0x00000000eb000000, 0x0000000100000000)
  eden space 3072K, 0% used [0x00000000eab00000,0x00000000eab00000,0x00000000eae00000)
  from space 1024K, 87% used [0x00000000eaf00000,0x00000000eafe0000,0x00000000eb000000)
  to   space 1024K, 0% used [0x00000000eae00000,0x00000000eae00000,0x00000000eaf00000)
 ParOldGen       total 173568K, used 162034K [0x00000000c0000000, 0x00000000ca980000, 0x00000000eab00000)
  object space 173568K, 93% used [0x00000000c0000000,0x00000000c9e3cbe8,0x00000000ca980000)
 Metaspace       used 78449K, committed 79552K, reserved 1179648K
  class space    used 8365K, committed 8832K, reserved 1048576K
}
Event: 156.584 GC heap before
{Heap before GC invocations=537 (full 12):
 PSYoungGen      total 4096K, used 3968K [0x00000000eab00000, 0x00000000eb000000, 0x0000000100000000)
  eden space 3072K, 100% used [0x00000000eab00000,0x00000000eae00000,0x00000000eae00000)
  from space 1024K, 87% used [0x00000000eaf00000,0x00000000eafe0000,0x00000000eb000000)
  to   space 1024K, 0% used [0x00000000eae00000,0x00000000eae00000,0x00000000eaf00000)
 ParOldGen       total 173568K, used 162034K [0x00000000c0000000, 0x00000000ca980000, 0x00000000eab00000)
  object space 173568K, 93% used [0x00000000c0000000,0x00000000c9e3cbe8,0x00000000ca980000)
 Metaspace       used 78456K, committed 79552K, reserved 1179648K
  class space    used 8365K, committed 8832K, reserved 1048576K
}
Event: 156.586 GC heap after
{Heap after GC invocations=537 (full 12):
 PSYoungGen      total 4096K, used 616K [0x00000000eab00000, 0x00000000eb000000, 0x0000000100000000)
  eden space 3072K, 0% used [0x00000000eab00000,0x00000000eab00000,0x00000000eae00000)
  from space 1024K, 60% used [0x00000000eae00000,0x00000000eae9a098,0x00000000eaf00000)
  to   space 1024K, 0% used [0x00000000eaf00000,0x00000000eaf00000,0x00000000eb000000)
 ParOldGen       total 173568K, used 162830K [0x00000000c0000000, 0x00000000ca980000, 0x00000000eab00000)
  object space 173568K, 93% used [0x00000000c0000000,0x00000000c9f03930,0x00000000ca980000)
 Metaspace       used 78456K, committed 79552K, reserved 1179648K
  class space    used 8365K, committed 8832K, reserved 1048576K
}
Event: 156.590 GC heap before
{Heap before GC invocations=538 (full 12):
 PSYoungGen      total 4096K, used 3688K [0x00000000eab00000, 0x00000000eb000000, 0x0000000100000000)
  eden space 3072K, 100% used [0x00000000eab00000,0x00000000eae00000,0x00000000eae00000)
  from space 1024K, 60% used [0x00000000eae00000,0x00000000eae9a098,0x00000000eaf00000)
  to   space 1024K, 0% used [0x00000000eaf00000,0x00000000eaf00000,0x00000000eb000000)
 ParOldGen       total 173568K, used 162830K [0x00000000c0000000, 0x00000000ca980000, 0x00000000eab00000)
  object space 173568K, 93% used [0x00000000c0000000,0x00000000c9f03930,0x00000000ca980000)
 Metaspace       used 78456K, committed 79552K, reserved 1179648K
  class space    used 8365K, committed 8832K, reserved 1048576K
}
Event: 156.592 GC heap after
{Heap after GC invocations=538 (full 12):
 PSYoungGen      total 4096K, used 480K [0x00000000eab00000, 0x00000000eb000000, 0x0000000100000000)
  eden space 3072K, 0% used [0x00000000eab00000,0x00000000eab00000,0x00000000eae00000)
  from space 1024K, 46% used [0x00000000eaf00000,0x00000000eaf78010,0x00000000eb000000)
  to   space 1024K, 0% used [0x00000000eae00000,0x00000000eae00000,0x00000000eaf00000)
 ParOldGen       total 173568K, used 163182K [0x00000000c0000000, 0x00000000ca980000, 0x00000000eab00000)
  object space 173568K, 94% used [0x00000000c0000000,0x00000000c9f5ba60,0x00000000ca980000)
 Metaspace       used 78456K, committed 79552K, reserved 1179648K
  class space    used 8365K, committed 8832K, reserved 1048576K
}
Event: 156.624 GC heap before
{Heap before GC invocations=539 (full 12):
 PSYoungGen      total 4096K, used 3552K [0x00000000eab00000, 0x00000000eb000000, 0x0000000100000000)
  eden space 3072K, 100% used [0x00000000eab00000,0x00000000eae00000,0x00000000eae00000)
  from space 1024K, 46% used [0x00000000eaf00000,0x00000000eaf78010,0x00000000eb000000)
  to   space 1024K, 0% used [0x00000000eae00000,0x00000000eae00000,0x00000000eaf00000)
 ParOldGen       total 173568K, used 163182K [0x00000000c0000000, 0x00000000ca980000, 0x00000000eab00000)
  object space 173568K, 94% used [0x00000000c0000000,0x00000000c9f5ba60,0x00000000ca980000)
 Metaspace       used 78456K, committed 79552K, reserved 1179648K
  class space    used 8365K, committed 8832K, reserved 1048576K
}
Event: 156.625 GC heap after
{Heap after GC invocations=539 (full 12):
 PSYoungGen      total 4096K, used 1004K [0x00000000eab00000, 0x00000000eb100000, 0x0000000100000000)
  eden space 3072K, 0% used [0x00000000eab00000,0x00000000eab00000,0x00000000eae00000)
  from space 1024K, 98% used [0x00000000eae00000,0x00000000eaefb3d0,0x00000000eaf00000)
  to   space 1536K, 0% used [0x00000000eaf80000,0x00000000eaf80000,0x00000000eb100000)
 ParOldGen       total 173568K, used 163214K [0x00000000c0000000, 0x00000000ca980000, 0x00000000eab00000)
  object space 173568K, 94% used [0x00000000c0000000,0x00000000c9f63a60,0x00000000ca980000)
 Metaspace       used 78456K, committed 79552K, reserved 1179648K
  class space    used 8365K, committed 8832K, reserved 1048576K
}
Event: 156.689 GC heap before
{Heap before GC invocations=540 (full 12):
 PSYoungGen      total 4096K, used 4076K [0x00000000eab00000, 0x00000000eb100000, 0x0000000100000000)
  eden space 3072K, 100% used [0x00000000eab00000,0x00000000eae00000,0x00000000eae00000)
  from space 1024K, 98% used [0x00000000eae00000,0x00000000eaefb3d0,0x00000000eaf00000)
  to   space 1536K, 0% used [0x00000000eaf80000,0x00000000eaf80000,0x00000000eb100000)
 ParOldGen       total 173568K, used 163214K [0x00000000c0000000, 0x00000000ca980000, 0x00000000eab00000)
  object space 173568K, 94% used [0x00000000c0000000,0x00000000c9f63a60,0x00000000ca980000)
 Metaspace       used 78458K, committed 79552K, reserved 1179648K
  class space    used 8365K, committed 8832K, reserved 1048576K
}
Event: 156.693 GC heap after
{Heap after GC invocations=540 (full 12):
 PSYoungGen      total 4096K, used 760K [0x00000000eab00000, 0x00000000eb080000, 0x0000000100000000)
  eden space 3072K, 0% used [0x00000000eab00000,0x00000000eab00000,0x00000000eae00000)
  from space 1024K, 74% used [0x00000000eaf80000,0x00000000eb03e0b0,0x00000000eb080000)
  to   space 1024K, 0% used [0x00000000eae00000,0x00000000eae00000,0x00000000eaf00000)
 ParOldGen       total 173568K, used 164006K [0x00000000c0000000, 0x00000000ca980000, 0x00000000eab00000)
  object space 173568K, 94% used [0x00000000c0000000,0x00000000ca029998,0x00000000ca980000)
 Metaspace       used 78458K, committed 79552K, reserved 1179648K
  class space    used 8365K, committed 8832K, reserved 1048576K
}
Event: 156.748 GC heap before
{Heap before GC invocations=541 (full 12):
 PSYoungGen      total 4096K, used 3832K [0x00000000eab00000, 0x00000000eb080000, 0x0000000100000000)
  eden space 3072K, 100% used [0x00000000eab00000,0x00000000eae00000,0x00000000eae00000)
  from space 1024K, 74% used [0x00000000eaf80000,0x00000000eb03e0b0,0x00000000eb080000)
  to   space 1024K, 0% used [0x00000000eae00000,0x00000000eae00000,0x00000000eaf00000)
 ParOldGen       total 173568K, used 164006K [0x00000000c0000000, 0x00000000ca980000, 0x00000000eab00000)
  object space 173568K, 94% used [0x00000000c0000000,0x00000000ca029998,0x00000000ca980000)
 Metaspace       used 78459K, committed 79552K, reserved 1179648K
  class space    used 8365K, committed 8832K, reserved 1048576K
}
Event: 156.750 GC heap after
{Heap after GC invocations=541 (full 12):
 PSYoungGen      total 4096K, used 1016K [0x00000000eab00000, 0x00000000eb400000, 0x0000000100000000)
  eden space 3072K, 0% used [0x00000000eab00000,0x00000000eab00000,0x00000000eae00000)
  from space 1024K, 99% used [0x00000000eae00000,0x00000000eaefe340,0x00000000eaf00000)
  to   space 3072K, 0% used [0x00000000eb100000,0x00000000eb100000,0x00000000eb400000)
 ParOldGen       total 173568K, used 165388K [0x00000000c0000000, 0x00000000ca980000, 0x00000000eab00000)
  object space 173568K, 95% used [0x00000000c0000000,0x00000000ca183238,0x00000000ca980000)
 Metaspace       used 78459K, committed 79552K, reserved 1179648K
  class space    used 8365K, committed 8832K, reserved 1048576K
}
Event: 156.831 GC heap before
{Heap before GC invocations=542 (full 12):
 PSYoungGen      total 4096K, used 4088K [0x00000000eab00000, 0x00000000eb400000, 0x0000000100000000)
  eden space 3072K, 100% used [0x00000000eab00000,0x00000000eae00000,0x00000000eae00000)
  from space 1024K, 99% used [0x00000000eae00000,0x00000000eaefe340,0x00000000eaf00000)
  to   space 3072K, 0% used [0x00000000eb100000,0x00000000eb100000,0x00000000eb400000)
 ParOldGen       total 173568K, used 165388K [0x00000000c0000000, 0x00000000ca980000, 0x00000000eab00000)
  object space 173568K, 95% used [0x00000000c0000000,0x00000000ca183238,0x00000000ca980000)
 Metaspace       used 78468K, committed 79552K, reserved 1179648K
  class space    used 8365K, committed 8832K, reserved 1048576K
}
Event: 156.833 GC heap after
{Heap after GC invocations=542 (full 12):
 PSYoungGen      total 4608K, used 1325K [0x00000000eab00000, 0x00000000eb280000, 0x0000000100000000)
  eden space 3072K, 0% used [0x00000000eab00000,0x00000000eab00000,0x00000000eae00000)
  from space 1536K, 86% used [0x00000000eb100000,0x00000000eb24b698,0x00000000eb280000)
  to   space 2048K, 0% used [0x00000000eae80000,0x00000000eae80000,0x00000000eb080000)
 ParOldGen       total 173568K, used 165938K [0x00000000c0000000, 0x00000000ca980000, 0x00000000eab00000)
  object space 173568K, 95% used [0x00000000c0000000,0x00000000ca20c9a8,0x00000000ca980000)
 Metaspace       used 78468K, committed 79552K, reserved 1179648K
  class space    used 8365K, committed 8832K, reserved 1048576K
}
Event: 156.873 GC heap before
{Heap before GC invocations=543 (full 12):
 PSYoungGen      total 4608K, used 4397K [0x00000000eab00000, 0x00000000eb280000, 0x0000000100000000)
  eden space 3072K, 99% used [0x00000000eab00000,0x00000000eadffff0,0x00000000eae00000)
  from space 1536K, 86% used [0x00000000eb100000,0x00000000eb24b698,0x00000000eb280000)
  to   space 2048K, 0% used [0x00000000eae80000,0x00000000eae80000,0x00000000eb080000)
 ParOldGen       total 173568K, used 165938K [0x00000000c0000000, 0x00000000ca980000, 0x00000000eab00000)
  object space 173568K, 95% used [0x00000000c0000000,0x00000000ca20c9a8,0x00000000ca980000)
 Metaspace       used 78472K, committed 79552K, reserved 1179648K
  class space    used 8365K, committed 8832K, reserved 1048576K
}
Event: 156.875 GC heap after
{Heap after GC invocations=543 (full 12):
 PSYoungGen      total 5120K, used 1591K [0x00000000eab00000, 0x00000000eb200000, 0x0000000100000000)
  eden space 3072K, 0% used [0x00000000eab00000,0x00000000eab00000,0x00000000eae00000)
  from space 2048K, 77% used [0x00000000eae80000,0x00000000eb00de10,0x00000000eb080000)
  to   space 1536K, 0% used [0x00000000eb080000,0x00000000eb080000,0x00000000eb200000)
 ParOldGen       total 173568K, used 167031K [0x00000000c0000000, 0x00000000ca980000, 0x00000000eab00000)
  object space 173568K, 96% used [0x00000000c0000000,0x00000000ca31dfb8,0x00000000ca980000)
 Metaspace       used 78472K, committed 79552K, reserved 1179648K
  class space    used 8365K, committed 8832K, reserved 1048576K
}
Event: 156.970 GC heap before
{Heap before GC invocations=544 (full 12):
 PSYoungGen      total 5120K, used 4663K [0x00000000eab00000, 0x00000000eb200000, 0x0000000100000000)
  eden space 3072K, 100% used [0x00000000eab00000,0x00000000eae00000,0x00000000eae00000)
  from space 2048K, 77% used [0x00000000eae80000,0x00000000eb00de10,0x00000000eb080000)
  to   space 1536K, 0% used [0x00000000eb080000,0x00000000eb080000,0x00000000eb200000)
 ParOldGen       total 173568K, used 167031K [0x00000000c0000000, 0x00000000ca980000, 0x00000000eab00000)
  object space 173568K, 96% used [0x00000000c0000000,0x00000000ca31dfb8,0x00000000ca980000)
 Metaspace       used 78473K, committed 79552K, reserved 1179648K
  class space    used 8365K, committed 8832K, reserved 1048576K
}
Event: 156.972 GC heap after
{Heap after GC invocations=544 (full 12):
 PSYoungGen      total 4096K, used 706K [0x00000000eab00000, 0x00000000eb180000, 0x0000000100000000)
  eden space 3072K, 0% used [0x00000000eab00000,0x00000000eab00000,0x00000000eae00000)
  from space 1024K, 68% used [0x00000000eb080000,0x00000000eb130898,0x00000000eb180000)
  to   space 1536K, 0% used [0x00000000eae80000,0x00000000eae80000,0x00000000eb000000)
 ParOldGen       total 173568K, used 168319K [0x00000000c0000000, 0x00000000ca980000, 0x00000000eab00000)
  object space 173568K, 96% used [0x00000000c0000000,0x00000000ca45fff8,0x00000000ca980000)
 Metaspace       used 78473K, committed 79552K, reserved 1179648K
  class space    used 8365K, committed 8832K, reserved 1048576K
}

