# JRE version: OpenJDK Runtime Environment Temurin-17.0.8.1+1 (17.0.8.1+1) (build 17.0.8.1+1)
# Java VM: OpenJDK 64-Bit Server VM Temurin-17.0.8.1+1 (17.0.8.1+1, mixed mode, tiered, compressed oops, compressed class ptrs, parallel gc, windows-amd64)
GC Precious Log:
 CPUs: 16 total, 16 available
 Memory: 7421M
 Large Page Support: Disabled
 NUMA Support: Disabled
 Compressed Oops: Enabled (32-bit)
 Alignments: Space 512K, Generation 512K, Heap 2M
 Heap Min Capacity: 100M
 Heap Initial Capacity: 100M
 Heap Max Capacity: 1G
 Pre-touch: Disabled
 Parallel Workers: 13
Heap:
 PSYoungGen      total 3584K, used 1675K [0x00000000eab00000, 0x00000000eb080000, 0x0000000100000000)
  eden space 1536K, 7% used [0x00000000eab00000,0x00000000eab1af60,0x00000000eac80000)
  from space 2048K, 76% used [0x00000000eac80000,0x00000000eae08000,0x00000000eae80000)
  to   space 2048K, 0% used [0x00000000eae80000,0x00000000eae80000,0x00000000eb080000)
 ParOldGen       total 184320K, used 176212K [0x00000000c0000000, 0x00000000cb400000, 0x00000000eab00000)
  object space 184320K, 95% used [0x00000000c0000000,0x00000000cac152a0,0x00000000cb400000)
 Metaspace       used 79571K, committed 80768K, reserved 1179648K
  class space    used 8438K, committed 8960K, reserved 1048576K
GC Heap History (20 events):
Event: 303.202 GC heap before
{Heap before GC invocations=1461 (full 27):
 PSYoungGen      total 2560K, used 2549K [0x00000000eab00000, 0x00000000eaf80000, 0x0000000100000000)
  eden space 1536K, 100% used [0x00000000eab00000,0x00000000eac80000,0x00000000eac80000)
  from space 1024K, 98% used [0x00000000eac80000,0x00000000ead7d678,0x00000000ead80000)
  to   space 1536K, 0% used [0x00000000eae00000,0x00000000eae00000,0x00000000eaf80000)
 ParOldGen       total 184320K, used 174843K [0x00000000c0000000, 0x00000000cb400000, 0x00000000eab00000)
  object space 184320K, 94% used [0x00000000c0000000,0x00000000caabefb0,0x00000000cb400000)
 Metaspace       used 79274K, committed 80384K, reserved 1179648K
  class space    used 8399K, committed 8896K, reserved 1048576K
}
Event: 303.203 GC heap after
{Heap after GC invocations=1461 (full 27):
 PSYoungGen      total 3072K, used 1024K [0x00000000eab00000, 0x00000000eaf80000, 0x0000000100000000)
  eden space 1536K, 0% used [0x00000000eab00000,0x00000000eab00000,0x00000000eac80000)
  from space 1536K, 66% used [0x00000000eae00000,0x00000000eaf00000,0x00000000eaf80000)
  to   space 1536K, 0% used [0x00000000eac80000,0x00000000eac80000,0x00000000eae00000)
 ParOldGen       total 184320K, used 175241K [0x00000000c0000000, 0x00000000cb400000, 0x00000000eab00000)
  object space 184320K, 95% used [0x00000000c0000000,0x00000000cab227f8,0x00000000cb400000)
 Metaspace       used 79274K, committed 80384K, reserved 1179648K
  class space    used 8399K, committed 8896K, reserved 1048576K
}
Event: 303.325 GC heap before
{Heap before GC invocations=1462 (full 27):
 PSYoungGen      total 3072K, used 2560K [0x00000000eab00000, 0x00000000eaf80000, 0x0000000100000000)
  eden space 1536K, 100% used [0x00000000eab00000,0x00000000eac80000,0x00000000eac80000)
  from space 1536K, 66% used [0x00000000eae00000,0x00000000eaf00000,0x00000000eaf80000)
  to   space 1536K, 0% used [0x00000000eac80000,0x00000000eac80000,0x00000000eae00000)
 ParOldGen       total 184320K, used 175241K [0x00000000c0000000, 0x00000000cb400000, 0x00000000eab00000)
  object space 184320K, 95% used [0x00000000c0000000,0x00000000cab227f8,0x00000000cb400000)
 Metaspace       used 79274K, committed 80384K, reserved 1179648K
  class space    used 8399K, committed 8896K, reserved 1048576K
}
Event: 303.325 GC heap after
{Heap after GC invocations=1462 (full 27):
 PSYoungGen      total 3072K, used 1280K [0x00000000eab00000, 0x00000000eaf80000, 0x0000000100000000)
  eden space 1536K, 0% used [0x00000000eab00000,0x00000000eab00000,0x00000000eac80000)
  from space 1536K, 83% used [0x00000000eac80000,0x00000000eadc0000,0x00000000eae00000)
  to   space 1536K, 0% used [0x00000000eae00000,0x00000000eae00000,0x00000000eaf80000)
 ParOldGen       total 184320K, used 175241K [0x00000000c0000000, 0x00000000cb400000, 0x00000000eab00000)
  object space 184320K, 95% used [0x00000000c0000000,0x00000000cab227f8,0x00000000cb400000)
 Metaspace       used 79274K, committed 80384K, reserved 1179648K
  class space    used 8399K, committed 8896K, reserved 1048576K
}
Event: 303.454 GC heap before
{Heap before GC invocations=1463 (full 27):
 PSYoungGen      total 3072K, used 2816K [0x00000000eab00000, 0x00000000eaf80000, 0x0000000100000000)
  eden space 1536K, 100% used [0x00000000eab00000,0x00000000eac80000,0x00000000eac80000)
  from space 1536K, 83% used [0x00000000eac80000,0x00000000eadc0000,0x00000000eae00000)
  to   space 1536K, 0% used [0x00000000eae00000,0x00000000eae00000,0x00000000eaf80000)
 ParOldGen       total 184320K, used 175241K [0x00000000c0000000, 0x00000000cb400000, 0x00000000eab00000)
  object space 184320K, 95% used [0x00000000c0000000,0x00000000cab227f8,0x00000000cb400000)
 Metaspace       used 79274K, committed 80384K, reserved 1179648K
  class space    used 8399K, committed 8896K, reserved 1048576K
}
Event: 303.455 GC heap after
{Heap after GC invocations=1463 (full 27):
 PSYoungGen      total 3072K, used 1472K [0x00000000eab00000, 0x00000000eaf80000, 0x0000000100000000)
  eden space 1536K, 0% used [0x00000000eab00000,0x00000000eab00000,0x00000000eac80000)
  from space 1536K, 95% used [0x00000000eae00000,0x00000000eaf70000,0x00000000eaf80000)
  to   space 1536K, 0% used [0x00000000eac80000,0x00000000eac80000,0x00000000eae00000)
 ParOldGen       total 184320K, used 175241K [0x00000000c0000000, 0x00000000cb400000, 0x00000000eab00000)
  object space 184320K, 95% used [0x00000000c0000000,0x00000000cab227f8,0x00000000cb400000)
 Metaspace       used 79274K, committed 80384K, reserved 1179648K
  class space    used 8399K, committed 8896K, reserved 1048576K
}
Event: 303.586 GC heap before
{Heap before GC invocations=1464 (full 27):
 PSYoungGen      total 3072K, used 3008K [0x00000000eab00000, 0x00000000eaf80000, 0x0000000100000000)
  eden space 1536K, 100% used [0x00000000eab00000,0x00000000eac80000,0x00000000eac80000)
  from space 1536K, 95% used [0x00000000eae00000,0x00000000eaf70000,0x00000000eaf80000)
  to   space 1536K, 0% used [0x00000000eac80000,0x00000000eac80000,0x00000000eae00000)
 ParOldGen       total 184320K, used 175241K [0x00000000c0000000, 0x00000000cb400000, 0x00000000eab00000)
  object space 184320K, 95% used [0x00000000c0000000,0x00000000cab227f8,0x00000000cb400000)
 Metaspace       used 79274K, committed 80384K, reserved 1179648K
  class space    used 8399K, committed 8896K, reserved 1048576K
}
Event: 303.588 GC heap after
{Heap after GC invocations=1464 (full 27):
 PSYoungGen      total 3072K, used 1536K [0x00000000eab00000, 0x00000000eb080000, 0x0000000100000000)
  eden space 1536K, 0% used [0x00000000eab00000,0x00000000eab00000,0x00000000eac80000)
  from space 1536K, 100% used [0x00000000eac80000,0x00000000eae00000,0x00000000eae00000)
  to   space 2048K, 0% used [0x00000000eae80000,0x00000000eae80000,0x00000000eb080000)
 ParOldGen       total 184320K, used 175313K [0x00000000c0000000, 0x00000000cb400000, 0x00000000eab00000)
  object space 184320K, 95% used [0x00000000c0000000,0x00000000cab347f8,0x00000000cb400000)
 Metaspace       used 79274K, committed 80384K, reserved 1179648K
  class space    used 8399K, committed 8896K, reserved 1048576K
}
Event: 313.432 GC heap before
{Heap before GC invocations=1465 (full 27):
 PSYoungGen      total 3072K, used 3072K [0x00000000eab00000, 0x00000000eb080000, 0x0000000100000000)
  eden space 1536K, 100% used [0x00000000eab00000,0x00000000eac80000,0x00000000eac80000)
  from space 1536K, 100% used [0x00000000eac80000,0x00000000eae00000,0x00000000eae00000)
  to   space 2048K, 0% used [0x00000000eae80000,0x00000000eae80000,0x00000000eb080000)
 ParOldGen       total 184320K, used 175313K [0x00000000c0000000, 0x00000000cb400000, 0x00000000eab00000)
  object space 184320K, 95% used [0x00000000c0000000,0x00000000cab347f8,0x00000000cb400000)
 Metaspace       used 79290K, committed 80448K, reserved 1179648K
  class space    used 8400K, committed 8896K, reserved 1048576K
}
Event: 313.435 GC heap after
{Heap after GC invocations=1465 (full 27):
 PSYoungGen      total 3584K, used 1681K [0x00000000eab00000, 0x00000000eb080000, 0x0000000100000000)
  eden space 1536K, 0% used [0x00000000eab00000,0x00000000eab00000,0x00000000eac80000)
  from space 2048K, 82% used [0x00000000eae80000,0x00000000eb024760,0x00000000eb080000)
  to   space 2048K, 0% used [0x00000000eac80000,0x00000000eac80000,0x00000000eae80000)
 ParOldGen       total 184320K, used 175698K [0x00000000c0000000, 0x00000000cb400000, 0x00000000eab00000)
  object space 184320K, 95% used [0x00000000c0000000,0x00000000cab94be8,0x00000000cb400000)
 Metaspace       used 79290K, committed 80448K, reserved 1179648K
  class space    used 8400K, committed 8896K, reserved 1048576K
}
Event: 313.468 GC heap before
{Heap before GC invocations=1466 (full 27):
 PSYoungGen      total 3584K, used 3217K [0x00000000eab00000, 0x00000000eb080000, 0x0000000100000000)
  eden space 1536K, 100% used [0x00000000eab00000,0x00000000eac80000,0x00000000eac80000)
  from space 2048K, 82% used [0x00000000eae80000,0x00000000eb024760,0x00000000eb080000)
  to   space 2048K, 0% used [0x00000000eac80000,0x00000000eac80000,0x00000000eae80000)
 ParOldGen       total 184320K, used 175698K [0x00000000c0000000, 0x00000000cb400000, 0x00000000eab00000)
  object space 184320K, 95% used [0x00000000c0000000,0x00000000cab94be8,0x00000000cb400000)
 Metaspace       used 79290K, committed 80448K, reserved 1179648K
  class space    used 8400K, committed 8896K, reserved 1048576K
}
Event: 313.473 GC heap after
{Heap after GC invocations=1466 (full 27):
 PSYoungGen      total 3584K, used 2016K [0x00000000eab00000, 0x00000000eb180000, 0x0000000100000000)
  eden space 1536K, 0% used [0x00000000eab00000,0x00000000eab00000,0x00000000eac80000)
  from space 2048K, 98% used [0x00000000eac80000,0x00000000eae78010,0x00000000eae80000)
  to   space 2560K, 0% used [0x00000000eaf00000,0x00000000eaf00000,0x00000000eb180000)
 ParOldGen       total 184320K, used 175742K [0x00000000c0000000, 0x00000000cb400000, 0x00000000eab00000)
  object space 184320K, 95% used [0x00000000c0000000,0x00000000cab9fab8,0x00000000cb400000)
 Metaspace       used 79290K, committed 80448K, reserved 1179648K
  class space    used 8400K, committed 8896K, reserved 1048576K
}
Event: 373.540 GC heap before
{Heap before GC invocations=1467 (full 27):
 PSYoungGen      total 3584K, used 3552K [0x00000000eab00000, 0x00000000eb180000, 0x0000000100000000)
  eden space 1536K, 99% used [0x00000000eab00000,0x00000000eac7fff8,0x00000000eac80000)
  from space 2048K, 98% used [0x00000000eac80000,0x00000000eae78010,0x00000000eae80000)
  to   space 2560K, 0% used [0x00000000eaf00000,0x00000000eaf00000,0x00000000eb180000)
 ParOldGen       total 184320K, used 175742K [0x00000000c0000000, 0x00000000cb400000, 0x00000000eab00000)
  object space 184320K, 95% used [0x00000000c0000000,0x00000000cab9fab8,0x00000000cb400000)
 Metaspace       used 79361K, committed 80576K, reserved 1179648K
  class space    used 8409K, committed 8960K, reserved 1048576K
}
Event: 373.591 GC heap after
{Heap after GC invocations=1467 (full 27):
 PSYoungGen      total 3072K, used 1536K [0x00000000eab00000, 0x00000000eb080000, 0x0000000100000000)
  eden space 1536K, 0% used [0x00000000eab00000,0x00000000eab00000,0x00000000eac80000)
  from space 1536K, 100% used [0x00000000eaf00000,0x00000000eb080000,0x00000000eb080000)
  to   space 2048K, 0% used [0x00000000eac80000,0x00000000eac80000,0x00000000eae80000)
 ParOldGen       total 184320K, used 176212K [0x00000000c0000000, 0x00000000cb400000, 0x00000000eab00000)
  object space 184320K, 95% used [0x00000000c0000000,0x00000000cac152a0,0x00000000cb400000)
 Metaspace       used 79361K, committed 80576K, reserved 1179648K
  class space    used 8409K, committed 8960K, reserved 1048576K
}
Event: 373.759 GC heap before
{Heap before GC invocations=1468 (full 27):
 PSYoungGen      total 3072K, used 3072K [0x00000000eab00000, 0x00000000eb080000, 0x0000000100000000)
  eden space 1536K, 100% used [0x00000000eab00000,0x00000000eac80000,0x00000000eac80000)
  from space 1536K, 100% used [0x00000000eaf00000,0x00000000eb080000,0x00000000eb080000)
  to   space 2048K, 0% used [0x00000000eac80000,0x00000000eac80000,0x00000000eae80000)
 ParOldGen       total 184320K, used 176212K [0x00000000c0000000, 0x00000000cb400000, 0x00000000eab00000)
  object space 184320K, 95% used [0x00000000c0000000,0x00000000cac152a0,0x00000000cb400000)
 Metaspace       used 79463K, committed 80640K, reserved 1179648K
  class space    used 8419K, committed 8960K, reserved 1048576K
}
Event: 373.764 GC heap after
{Heap after GC invocations=1468 (full 27):
 PSYoungGen      total 3584K, used 1536K [0x00000000eab00000, 0x00000000eb080000, 0x0000000100000000)
  eden space 1536K, 0% used [0x00000000eab00000,0x00000000eab00000,0x00000000eac80000)
  from space 2048K, 75% used [0x00000000eac80000,0x00000000eae00000,0x00000000eae80000)
  to   space 2048K, 0% used [0x00000000eae80000,0x00000000eae80000,0x00000000eb080000)
 ParOldGen       total 184320K, used 176212K [0x00000000c0000000, 0x00000000cb400000, 0x00000000eab00000)
  object space 184320K, 95% used [0x00000000c0000000,0x00000000cac152a0,0x00000000cb400000)
 Metaspace       used 79463K, committed 80640K, reserved 1179648K
  class space    used 8419K, committed 8960K, reserved 1048576K
}
Event: 373.887 GC heap before
{Heap before GC invocations=1469 (full 27):
 PSYoungGen      total 3584K, used 3072K [0x00000000eab00000, 0x00000000eb080000, 0x0000000100000000)
  eden space 1536K, 100% used [0x00000000eab00000,0x00000000eac80000,0x00000000eac80000)
  from space 2048K, 75% used [0x00000000eac80000,0x00000000eae00000,0x00000000eae80000)
  to   space 2048K, 0% used [0x00000000eae80000,0x00000000eae80000,0x00000000eb080000)
 ParOldGen       total 184320K, used 176212K [0x00000000c0000000, 0x00000000cb400000, 0x00000000eab00000)
  object space 184320K, 95% used [0x00000000c0000000,0x00000000cac152a0,0x00000000cb400000)
 Metaspace       used 79474K, committed 80640K, reserved 1179648K
  class space    used 8420K, committed 8960K, reserved 1048576K
}
Event: 373.893 GC heap after
{Heap after GC invocations=1469 (full 27):
 PSYoungGen      total 3584K, used 1568K [0x00000000eab00000, 0x00000000eb080000, 0x0000000100000000)
  eden space 1536K, 0% used [0x00000000eab00000,0x00000000eab00000,0x00000000eac80000)
  from space 2048K, 76% used [0x00000000eae80000,0x00000000eb008000,0x00000000eb080000)
  to   space 2048K, 0% used [0x00000000eac80000,0x00000000eac80000,0x00000000eae80000)
 ParOldGen       total 184320K, used 176212K [0x00000000c0000000, 0x00000000cb400000, 0x00000000eab00000)
  object space 184320K, 95% used [0x00000000c0000000,0x00000000cac152a0,0x00000000cb400000)
 Metaspace       used 79474K, committed 80640K, reserved 1179648K
  class space    used 8420K, committed 8960K, reserved 1048576K
}
Event: 407.056 GC heap before
{Heap before GC invocations=1470 (full 27):
 PSYoungGen      total 3584K, used 3103K [0x00000000eab00000, 0x00000000eb080000, 0x0000000100000000)
  eden space 1536K, 99% used [0x00000000eab00000,0x00000000eac7ffb8,0x00000000eac80000)
  from space 2048K, 76% used [0x00000000eae80000,0x00000000eb008000,0x00000000eb080000)
  to   space 2048K, 0% used [0x00000000eac80000,0x00000000eac80000,0x00000000eae80000)
 ParOldGen       total 184320K, used 176212K [0x00000000c0000000, 0x00000000cb400000, 0x00000000eab00000)
  object space 184320K, 95% used [0x00000000c0000000,0x00000000cac152a0,0x00000000cb400000)
 Metaspace       used 79558K, committed 80768K, reserved 1179648K
  class space    used 8436K, committed 8960K, reserved 1048576K
}
Event: 407.331 GC heap after
{Heap after GC invocations=1470 (full 27):
 PSYoungGen      total 3584K, used 1568K [0x00000000eab00000, 0x00000000eb080000, 0x0000000100000000)
  eden space 1536K, 0% used [0x00000000eab00000,0x00000000eab00000,0x00000000eac80000)
  from space 2048K, 76% used [0x00000000eac80000,0x00000000eae08000,0x00000000eae80000)
  to   space 2048K, 0% used [0x00000000eae80000,0x00000000eae80000,0x00000000eb080000)
 ParOldGen       total 184320K, used 176212K [0x00000000c0000000, 0x00000000cb400000, 0x00000000eab00000)
  object space 184320K, 95% used [0x00000000c0000000,0x00000000cac152a0,0x00000000cb400000)
 Metaspace       used 79558K, committed 80768K, reserved 1179648K
  class space    used 8436K, committed 8960K, reserved 1048576K
}

