# JRE version: OpenJDK Runtime Environment Temurin-17.0.8.1+1 (17.0.8.1+1) (build 17.0.8.1+1)
# Java VM: OpenJDK 64-Bit Server VM Temurin-17.0.8.1+1 (17.0.8.1+1, mixed mode, tiered, compressed oops, compressed class ptrs, parallel gc, windows-amd64)
GC Precious Log:
 CPUs: 16 total, 16 available
 Memory: 7421M
 Large Page Support: Disabled
 NUMA Support: Disabled
 Compressed Oops: Enabled (32-bit)
 Alignments: Space 512K, Generation 512K, Heap 2M
 Heap Min Capacity: 100M
 Heap Initial Capacity: 100M
 Heap Max Capacity: 1G
 Pre-touch: Disabled
 Parallel Workers: 13
Heap:
 PSYoungGen      total 13824K, used 4733K [0x00000000eab00000, 0x00000000eba80000, 0x0000000100000000)
  eden space 13312K, 33% used [0x00000000eab00000,0x00000000eaf4f4e0,0x00000000eb800000)
  from space 512K, 62% used [0x00000000eba00000,0x00000000eba50000,0x00000000eba80000)
  to   space 1024K, 0% used [0x00000000eb880000,0x00000000eb880000,0x00000000eb980000)
 ParOldGen       total 68608K, used 53193K [0x00000000c0000000, 0x00000000c4300000, 0x00000000eab00000)
  object space 68608K, 77% used [0x00000000c0000000,0x00000000c33f2440,0x00000000c4300000)
 Metaspace       used 66576K, committed 67520K, reserved 1114112K
  class space    used 7659K, committed 8064K, reserved 1048576K
GC Heap History (20 events):
Event: 6.871 GC heap before
{Heap before GC invocations=40 (full 3):
 PSYoungGen      total 16896K, used 16384K [0x00000000eab00000, 0x00000000ebd80000, 0x0000000100000000)
  eden space 14848K, 100% used [0x00000000eab00000,0x00000000eb980000,0x00000000eb980000)
  from space 2048K, 75% used [0x00000000ebb80000,0x00000000ebd00000,0x00000000ebd80000)
  to   space 2048K, 0% used [0x00000000eb980000,0x00000000eb980000,0x00000000ebb80000)
 ParOldGen       total 68608K, used 44636K [0x00000000c0000000, 0x00000000c4300000, 0x00000000eab00000)
  object space 68608K, 65% used [0x00000000c0000000,0x00000000c2b97240,0x00000000c4300000)
 Metaspace       used 60317K, committed 61248K, reserved 1114112K
  class space    used 6941K, committed 7360K, reserved 1048576K
}
Event: 6.874 GC heap after
{Heap after GC invocations=40 (full 3):
 PSYoungGen      total 16384K, used 1344K [0x00000000eab00000, 0x00000000ebc80000, 0x0000000100000000)
  eden space 14848K, 0% used [0x00000000eab00000,0x00000000eab00000,0x00000000eb980000)
  from space 1536K, 87% used [0x00000000eb980000,0x00000000ebad0000,0x00000000ebb00000)
  to   space 1536K, 0% used [0x00000000ebb00000,0x00000000ebb00000,0x00000000ebc80000)
 ParOldGen       total 68608K, used 45956K [0x00000000c0000000, 0x00000000c4300000, 0x00000000eab00000)
  object space 68608K, 66% used [0x00000000c0000000,0x00000000c2ce1240,0x00000000c4300000)
 Metaspace       used 60317K, committed 61248K, reserved 1114112K
  class space    used 6941K, committed 7360K, reserved 1048576K
}
Event: 7.158 GC heap before
{Heap before GC invocations=41 (full 3):
 PSYoungGen      total 16384K, used 16134K [0x00000000eab00000, 0x00000000ebc80000, 0x0000000100000000)
  eden space 14848K, 99% used [0x00000000eab00000,0x00000000eb971a60,0x00000000eb980000)
  from space 1536K, 87% used [0x00000000eb980000,0x00000000ebad0000,0x00000000ebb00000)
  to   space 1536K, 0% used [0x00000000ebb00000,0x00000000ebb00000,0x00000000ebc80000)
 ParOldGen       total 68608K, used 45956K [0x00000000c0000000, 0x00000000c4300000, 0x00000000eab00000)
  object space 68608K, 66% used [0x00000000c0000000,0x00000000c2ce1240,0x00000000c4300000)
 Metaspace       used 60646K, committed 61568K, reserved 1114112K
  class space    used 6962K, committed 7360K, reserved 1048576K
}
Event: 7.161 GC heap after
{Heap after GC invocations=41 (full 3):
 PSYoungGen      total 14848K, used 1504K [0x00000000eab00000, 0x00000000ebf80000, 0x0000000100000000)
  eden space 13312K, 0% used [0x00000000eab00000,0x00000000eab00000,0x00000000eb800000)
  from space 1536K, 97% used [0x00000000ebb00000,0x00000000ebc78110,0x00000000ebc80000)
  to   space 3072K, 0% used [0x00000000eb800000,0x00000000eb800000,0x00000000ebb00000)
 ParOldGen       total 68608K, used 47169K [0x00000000c0000000, 0x00000000c4300000, 0x00000000eab00000)
  object space 68608K, 68% used [0x00000000c0000000,0x00000000c2e10598,0x00000000c4300000)
 Metaspace       used 60646K, committed 61568K, reserved 1114112K
  class space    used 6962K, committed 7360K, reserved 1048576K
}
Event: 7.320 GC heap before
{Heap before GC invocations=42 (full 3):
 PSYoungGen      total 14848K, used 14812K [0x00000000eab00000, 0x00000000ebf80000, 0x0000000100000000)
  eden space 13312K, 99% used [0x00000000eab00000,0x00000000eb7fef48,0x00000000eb800000)
  from space 1536K, 97% used [0x00000000ebb00000,0x00000000ebc78110,0x00000000ebc80000)
  to   space 3072K, 0% used [0x00000000eb800000,0x00000000eb800000,0x00000000ebb00000)
 ParOldGen       total 68608K, used 47169K [0x00000000c0000000, 0x00000000c4300000, 0x00000000eab00000)
  object space 68608K, 68% used [0x00000000c0000000,0x00000000c2e10598,0x00000000c4300000)
 Metaspace       used 61940K, committed 62912K, reserved 1114112K
  class space    used 7107K, committed 7552K, reserved 1048576K
}
Event: 7.322 GC heap after
{Heap after GC invocations=42 (full 3):
 PSYoungGen      total 16384K, used 2551K [0x00000000eab00000, 0x00000000ebe00000, 0x0000000100000000)
  eden space 13312K, 0% used [0x00000000eab00000,0x00000000eab00000,0x00000000eb800000)
  from space 3072K, 83% used [0x00000000eb800000,0x00000000eba7dcb8,0x00000000ebb00000)
  to   space 3072K, 0% used [0x00000000ebb00000,0x00000000ebb00000,0x00000000ebe00000)
 ParOldGen       total 68608K, used 48321K [0x00000000c0000000, 0x00000000c4300000, 0x00000000eab00000)
  object space 68608K, 70% used [0x00000000c0000000,0x00000000c2f305a8,0x00000000c4300000)
 Metaspace       used 61940K, committed 62912K, reserved 1114112K
  class space    used 7107K, committed 7552K, reserved 1048576K
}
Event: 7.631 GC heap before
{Heap before GC invocations=43 (full 3):
 PSYoungGen      total 16384K, used 15854K [0x00000000eab00000, 0x00000000ebe00000, 0x0000000100000000)
  eden space 13312K, 99% used [0x00000000eab00000,0x00000000eb7fdd50,0x00000000eb800000)
  from space 3072K, 83% used [0x00000000eb800000,0x00000000eba7dcb8,0x00000000ebb00000)
  to   space 3072K, 0% used [0x00000000ebb00000,0x00000000ebb00000,0x00000000ebe00000)
 ParOldGen       total 68608K, used 48321K [0x00000000c0000000, 0x00000000c4300000, 0x00000000eab00000)
  object space 68608K, 70% used [0x00000000c0000000,0x00000000c2f305a8,0x00000000c4300000)
 Metaspace       used 64510K, committed 65408K, reserved 1114112K
  class space    used 7444K, committed 7872K, reserved 1048576K
}
Event: 7.635 GC heap after
{Heap after GC invocations=43 (full 3):
 PSYoungGen      total 14336K, used 901K [0x00000000eab00000, 0x00000000ebc00000, 0x0000000100000000)
  eden space 13312K, 0% used [0x00000000eab00000,0x00000000eab00000,0x00000000eb800000)
  from space 1024K, 88% used [0x00000000ebb00000,0x00000000ebbe1688,0x00000000ebc00000)
  to   space 1536K, 0% used [0x00000000eb900000,0x00000000eb900000,0x00000000eba80000)
 ParOldGen       total 68608K, used 50733K [0x00000000c0000000, 0x00000000c4300000, 0x00000000eab00000)
  object space 68608K, 73% used [0x00000000c0000000,0x00000000c318b790,0x00000000c4300000)
 Metaspace       used 64510K, committed 65408K, reserved 1114112K
  class space    used 7444K, committed 7872K, reserved 1048576K
}
Event: 8.246 GC heap before
{Heap before GC invocations=44 (full 3):
 PSYoungGen      total 14336K, used 14213K [0x00000000eab00000, 0x00000000ebc00000, 0x0000000100000000)
  eden space 13312K, 100% used [0x00000000eab00000,0x00000000eb800000,0x00000000eb800000)
  from space 1024K, 88% used [0x00000000ebb00000,0x00000000ebbe1688,0x00000000ebc00000)
  to   space 1536K, 0% used [0x00000000eb900000,0x00000000eb900000,0x00000000eba80000)
 ParOldGen       total 68608K, used 50733K [0x00000000c0000000, 0x00000000c4300000, 0x00000000eab00000)
  object space 68608K, 73% used [0x00000000c0000000,0x00000000c318b790,0x00000000c4300000)
 Metaspace       used 65112K, committed 66048K, reserved 1114112K
  class space    used 7525K, committed 7936K, reserved 1048576K
}
Event: 8.248 GC heap after
{Heap after GC invocations=44 (full 3):
 PSYoungGen      total 14848K, used 448K [0x00000000eab00000, 0x00000000ebb80000, 0x0000000100000000)
  eden space 13312K, 0% used [0x00000000eab00000,0x00000000eab00000,0x00000000eb800000)
  from space 1536K, 29% used [0x00000000eb900000,0x00000000eb970020,0x00000000eba80000)
  to   space 1024K, 0% used [0x00000000eba80000,0x00000000eba80000,0x00000000ebb80000)
 ParOldGen       total 68608K, used 51353K [0x00000000c0000000, 0x00000000c4300000, 0x00000000eab00000)
  object space 68608K, 74% used [0x00000000c0000000,0x00000000c32264f0,0x00000000c4300000)
 Metaspace       used 65112K, committed 66048K, reserved 1114112K
  class space    used 7525K, committed 7936K, reserved 1048576K
}
Event: 8.405 GC heap before
{Heap before GC invocations=45 (full 3):
 PSYoungGen      total 14848K, used 13760K [0x00000000eab00000, 0x00000000ebb80000, 0x0000000100000000)
  eden space 13312K, 100% used [0x00000000eab00000,0x00000000eb800000,0x00000000eb800000)
  from space 1536K, 29% used [0x00000000eb900000,0x00000000eb970020,0x00000000eba80000)
  to   space 1024K, 0% used [0x00000000eba80000,0x00000000eba80000,0x00000000ebb80000)
 ParOldGen       total 68608K, used 51353K [0x00000000c0000000, 0x00000000c4300000, 0x00000000eab00000)
  object space 68608K, 74% used [0x00000000c0000000,0x00000000c32264f0,0x00000000c4300000)
 Metaspace       used 65115K, committed 66048K, reserved 1114112K
  class space    used 7526K, committed 7936K, reserved 1048576K
}
Event: 8.406 GC heap after
{Heap after GC invocations=45 (full 3):
 PSYoungGen      total 13824K, used 160K [0x00000000eab00000, 0x00000000ebb00000, 0x0000000100000000)
  eden space 13312K, 0% used [0x00000000eab00000,0x00000000eab00000,0x00000000eb800000)
  from space 512K, 31% used [0x00000000eba80000,0x00000000ebaa8000,0x00000000ebb00000)
  to   space 512K, 0% used [0x00000000eba00000,0x00000000eba00000,0x00000000eba80000)
 ParOldGen       total 68608K, used 51673K [0x00000000c0000000, 0x00000000c4300000, 0x00000000eab00000)
  object space 68608K, 75% used [0x00000000c0000000,0x00000000c3276580,0x00000000c4300000)
 Metaspace       used 65115K, committed 66048K, reserved 1114112K
  class space    used 7526K, committed 7936K, reserved 1048576K
}
Event: 8.625 GC heap before
{Heap before GC invocations=46 (full 3):
 PSYoungGen      total 13824K, used 13471K [0x00000000eab00000, 0x00000000ebb00000, 0x0000000100000000)
  eden space 13312K, 99% used [0x00000000eab00000,0x00000000eb7fffc0,0x00000000eb800000)
  from space 512K, 31% used [0x00000000eba80000,0x00000000ebaa8000,0x00000000ebb00000)
  to   space 512K, 0% used [0x00000000eba00000,0x00000000eba00000,0x00000000eba80000)
 ParOldGen       total 68608K, used 51673K [0x00000000c0000000, 0x00000000c4300000, 0x00000000eab00000)
  object space 68608K, 75% used [0x00000000c0000000,0x00000000c3276580,0x00000000c4300000)
 Metaspace       used 65800K, committed 66816K, reserved 1114112K
  class space    used 7589K, committed 8000K, reserved 1048576K
}
Event: 8.627 GC heap after
{Heap after GC invocations=46 (full 3):
 PSYoungGen      total 13824K, used 501K [0x00000000eab00000, 0x00000000ebb00000, 0x0000000100000000)
  eden space 13312K, 0% used [0x00000000eab00000,0x00000000eab00000,0x00000000eb800000)
  from space 512K, 97% used [0x00000000eba00000,0x00000000eba7d4c8,0x00000000eba80000)
  to   space 512K, 0% used [0x00000000eba80000,0x00000000eba80000,0x00000000ebb00000)
 ParOldGen       total 68608K, used 51745K [0x00000000c0000000, 0x00000000c4300000, 0x00000000eab00000)
  object space 68608K, 75% used [0x00000000c0000000,0x00000000c3288580,0x00000000c4300000)
 Metaspace       used 65800K, committed 66816K, reserved 1114112K
  class space    used 7589K, committed 8000K, reserved 1048576K
}
Event: 9.158 GC heap before
{Heap before GC invocations=47 (full 3):
 PSYoungGen      total 13824K, used 13813K [0x00000000eab00000, 0x00000000ebb00000, 0x0000000100000000)
  eden space 13312K, 100% used [0x00000000eab00000,0x00000000eb800000,0x00000000eb800000)
  from space 512K, 97% used [0x00000000eba00000,0x00000000eba7d4c8,0x00000000eba80000)
  to   space 512K, 0% used [0x00000000eba80000,0x00000000eba80000,0x00000000ebb00000)
 ParOldGen       total 68608K, used 51745K [0x00000000c0000000, 0x00000000c4300000, 0x00000000eab00000)
  object space 68608K, 75% used [0x00000000c0000000,0x00000000c3288580,0x00000000c4300000)
 Metaspace       used 66252K, committed 67264K, reserved 1114112K
  class space    used 7628K, committed 8064K, reserved 1048576K
}
Event: 9.159 GC heap after
{Heap after GC invocations=47 (full 3):
 PSYoungGen      total 13824K, used 512K [0x00000000eab00000, 0x00000000ebb00000, 0x0000000100000000)
  eden space 13312K, 0% used [0x00000000eab00000,0x00000000eab00000,0x00000000eb800000)
  from space 512K, 100% used [0x00000000eba80000,0x00000000ebb00000,0x00000000ebb00000)
  to   space 1536K, 0% used [0x00000000eb800000,0x00000000eb800000,0x00000000eb980000)
 ParOldGen       total 68608K, used 52227K [0x00000000c0000000, 0x00000000c4300000, 0x00000000eab00000)
  object space 68608K, 76% used [0x00000000c0000000,0x00000000c3300c80,0x00000000c4300000)
 Metaspace       used 66252K, committed 67264K, reserved 1114112K
  class space    used 7628K, committed 8064K, reserved 1048576K
}
Event: 10.192 GC heap before
{Heap before GC invocations=48 (full 3):
 PSYoungGen      total 13824K, used 13824K [0x00000000eab00000, 0x00000000ebb00000, 0x0000000100000000)
  eden space 13312K, 100% used [0x00000000eab00000,0x00000000eb800000,0x00000000eb800000)
  from space 512K, 100% used [0x00000000eba80000,0x00000000ebb00000,0x00000000ebb00000)
  to   space 1536K, 0% used [0x00000000eb800000,0x00000000eb800000,0x00000000eb980000)
 ParOldGen       total 68608K, used 52227K [0x00000000c0000000, 0x00000000c4300000, 0x00000000eab00000)
  object space 68608K, 76% used [0x00000000c0000000,0x00000000c3300c80,0x00000000c4300000)
 Metaspace       used 66444K, committed 67456K, reserved 1114112K
  class space    used 7644K, committed 8064K, reserved 1048576K
}
Event: 10.195 GC heap after
{Heap after GC invocations=48 (full 3):
 PSYoungGen      total 14848K, used 816K [0x00000000eab00000, 0x00000000ebb00000, 0x0000000100000000)
  eden space 13312K, 0% used [0x00000000eab00000,0x00000000eab00000,0x00000000eb800000)
  from space 1536K, 53% used [0x00000000eb800000,0x00000000eb8cc010,0x00000000eb980000)
  to   space 1024K, 0% used [0x00000000eba00000,0x00000000eba00000,0x00000000ebb00000)
 ParOldGen       total 68608K, used 52665K [0x00000000c0000000, 0x00000000c4300000, 0x00000000eab00000)
  object space 68608K, 76% used [0x00000000c0000000,0x00000000c336e420,0x00000000c4300000)
 Metaspace       used 66444K, committed 67456K, reserved 1114112K
  class space    used 7644K, committed 8064K, reserved 1048576K
}
Event: 10.229 GC heap before
{Heap before GC invocations=49 (full 3):
 PSYoungGen      total 14848K, used 14128K [0x00000000eab00000, 0x00000000ebb00000, 0x0000000100000000)
  eden space 13312K, 100% used [0x00000000eab00000,0x00000000eb800000,0x00000000eb800000)
  from space 1536K, 53% used [0x00000000eb800000,0x00000000eb8cc010,0x00000000eb980000)
  to   space 1024K, 0% used [0x00000000eba00000,0x00000000eba00000,0x00000000ebb00000)
 ParOldGen       total 68608K, used 52665K [0x00000000c0000000, 0x00000000c4300000, 0x00000000eab00000)
  object space 68608K, 76% used [0x00000000c0000000,0x00000000c336e420,0x00000000c4300000)
 Metaspace       used 66444K, committed 67456K, reserved 1114112K
  class space    used 7644K, committed 8064K, reserved 1048576K
}
Event: 10.231 GC heap after
{Heap after GC invocations=49 (full 3):
 PSYoungGen      total 13824K, used 320K [0x00000000eab00000, 0x00000000eba80000, 0x0000000100000000)
  eden space 13312K, 0% used [0x00000000eab00000,0x00000000eab00000,0x00000000eb800000)
  from space 512K, 62% used [0x00000000eba00000,0x00000000eba50000,0x00000000eba80000)
  to   space 1024K, 0% used [0x00000000eb880000,0x00000000eb880000,0x00000000eb980000)
 ParOldGen       total 68608K, used 53193K [0x00000000c0000000, 0x00000000c4300000, 0x00000000eab00000)
  object space 68608K, 77% used [0x00000000c0000000,0x00000000c33f2440,0x00000000c4300000)
 Metaspace       used 66444K, committed 67456K, reserved 1114112K
  class space    used 7644K, committed 8064K, reserved 1048576K
}

