# JRE version: OpenJDK Runtime Environment Temurin-17.0.8.1+1 (17.0.8.1+1) (build 17.0.8.1+1)
# Java VM: OpenJDK 64-Bit Server VM Temurin-17.0.8.1+1 (17.0.8.1+1, mixed mode, tiered, compressed oops, compressed class ptrs, parallel gc, windows-amd64)
GC Precious Log:
 CPUs: 16 total, 16 available
 Memory: 7421M
 Large Page Support: Disabled
 NUMA Support: Disabled
 Compressed Oops: Enabled (32-bit)
 Alignments: Space 512K, Generation 512K, Heap 2M
 Heap Min Capacity: 100M
 Heap Initial Capacity: 100M
 Heap Max Capacity: 1G
 Pre-touch: Disabled
 Parallel Workers: 13
Heap:
 PSYoungGen      total 20992K, used 19091K [0x00000000eab00000, 0x00000000ec680000, 0x0000000100000000)
  eden space 19968K, 90% used [0x00000000eab00000,0x00000000ebca4fb8,0x00000000ebe80000)
  from space 1024K, 100% used [0x00000000ec280000,0x00000000ec380000,0x00000000ec380000)
  to   space 4096K, 0% used [0x00000000ebe80000,0x00000000ebe80000,0x00000000ec280000)
 ParOldGen       total 68608K, used 46497K [0x00000000c0000000, 0x00000000c4300000, 0x00000000eab00000)
  object space 68608K, 67% used [0x00000000c0000000,0x00000000c2d68688,0x00000000c4300000)
 Metaspace       used 52887K, committed 53824K, reserved 1114112K
  class space    used 5661K, committed 6080K, reserved 1048576K
GC Heap History (20 events):
Event: 8.712 GC heap before
{Heap before GC invocations=21 (full 2):
 PSYoungGen      total 20480K, used 20480K [0x00000000eab00000, 0x00000000ec500000, 0x0000000100000000)
  eden space 19968K, 100% used [0x00000000eab00000,0x00000000ebe80000,0x00000000ebe80000)
  from space 512K, 100% used [0x00000000ec480000,0x00000000ec500000,0x00000000ec500000)
  to   space 2560K, 0% used [0x00000000ec000000,0x00000000ec000000,0x00000000ec280000)
 ParOldGen       total 68608K, used 30835K [0x00000000c0000000, 0x00000000c4300000, 0x00000000eab00000)
  object space 68608K, 44% used [0x00000000c0000000,0x00000000c1e1cc60,0x00000000c4300000)
 Metaspace       used 49036K, committed 49920K, reserved 1114112K
  class space    used 5217K, committed 5568K, reserved 1048576K
}
Event: 8.714 GC heap after
{Heap after GC invocations=21 (full 2):
 PSYoungGen      total 22528K, used 1588K [0x00000000eab00000, 0x00000000ec500000, 0x0000000100000000)
  eden space 19968K, 0% used [0x00000000eab00000,0x00000000eab00000,0x00000000ebe80000)
  from space 2560K, 62% used [0x00000000ec000000,0x00000000ec18d218,0x00000000ec280000)
  to   space 2048K, 0% used [0x00000000ec300000,0x00000000ec300000,0x00000000ec500000)
 ParOldGen       total 68608K, used 31395K [0x00000000c0000000, 0x00000000c4300000, 0x00000000eab00000)
  object space 68608K, 45% used [0x00000000c0000000,0x00000000c1ea8c60,0x00000000c4300000)
 Metaspace       used 49036K, committed 49920K, reserved 1114112K
  class space    used 5217K, committed 5568K, reserved 1048576K
}
Event: 9.192 GC heap before
{Heap before GC invocations=22 (full 2):
 PSYoungGen      total 22528K, used 21556K [0x00000000eab00000, 0x00000000ec500000, 0x0000000100000000)
  eden space 19968K, 100% used [0x00000000eab00000,0x00000000ebe80000,0x00000000ebe80000)
  from space 2560K, 62% used [0x00000000ec000000,0x00000000ec18d218,0x00000000ec280000)
  to   space 2048K, 0% used [0x00000000ec300000,0x00000000ec300000,0x00000000ec500000)
 ParOldGen       total 68608K, used 31395K [0x00000000c0000000, 0x00000000c4300000, 0x00000000eab00000)
  object space 68608K, 45% used [0x00000000c0000000,0x00000000c1ea8c60,0x00000000c4300000)
 Metaspace       used 50368K, committed 51328K, reserved 1114112K
  class space    used 5380K, committed 5760K, reserved 1048576K
}
Event: 9.194 GC heap after
{Heap after GC invocations=22 (full 2):
 PSYoungGen      total 21504K, used 1296K [0x00000000eab00000, 0x00000000ec480000, 0x0000000100000000)
  eden space 19968K, 0% used [0x00000000eab00000,0x00000000eab00000,0x00000000ebe80000)
  from space 1536K, 84% used [0x00000000ec300000,0x00000000ec444010,0x00000000ec480000)
  to   space 1536K, 0% used [0x00000000ec180000,0x00000000ec180000,0x00000000ec300000)
 ParOldGen       total 68608K, used 32821K [0x00000000c0000000, 0x00000000c4300000, 0x00000000eab00000)
  object space 68608K, 47% used [0x00000000c0000000,0x00000000c200d400,0x00000000c4300000)
 Metaspace       used 50368K, committed 51328K, reserved 1114112K
  class space    used 5380K, committed 5760K, reserved 1048576K
}
Event: 9.777 GC heap before
{Heap before GC invocations=23 (full 2):
 PSYoungGen      total 21504K, used 21264K [0x00000000eab00000, 0x00000000ec480000, 0x0000000100000000)
  eden space 19968K, 100% used [0x00000000eab00000,0x00000000ebe80000,0x00000000ebe80000)
  from space 1536K, 84% used [0x00000000ec300000,0x00000000ec444010,0x00000000ec480000)
  to   space 1536K, 0% used [0x00000000ec180000,0x00000000ec180000,0x00000000ec300000)
 ParOldGen       total 68608K, used 32821K [0x00000000c0000000, 0x00000000c4300000, 0x00000000eab00000)
  object space 68608K, 47% used [0x00000000c0000000,0x00000000c200d400,0x00000000c4300000)
 Metaspace       used 52111K, committed 53184K, reserved 1114112K
  class space    used 5566K, committed 6016K, reserved 1048576K
}
Event: 9.779 GC heap after
{Heap after GC invocations=23 (full 2):
 PSYoungGen      total 21504K, used 1424K [0x00000000eab00000, 0x00000000ec380000, 0x0000000100000000)
  eden space 19968K, 0% used [0x00000000eab00000,0x00000000eab00000,0x00000000ebe80000)
  from space 1536K, 92% used [0x00000000ec180000,0x00000000ec2e4010,0x00000000ec300000)
  to   space 512K, 0% used [0x00000000ec300000,0x00000000ec300000,0x00000000ec380000)
 ParOldGen       total 68608K, used 33949K [0x00000000c0000000, 0x00000000c4300000, 0x00000000eab00000)
  object space 68608K, 49% used [0x00000000c0000000,0x00000000c2127440,0x00000000c4300000)
 Metaspace       used 52111K, committed 53184K, reserved 1114112K
  class space    used 5566K, committed 6016K, reserved 1048576K
}
Event: 9.986 GC heap before
{Heap before GC invocations=24 (full 2):
 PSYoungGen      total 21504K, used 21392K [0x00000000eab00000, 0x00000000ec380000, 0x0000000100000000)
  eden space 19968K, 100% used [0x00000000eab00000,0x00000000ebe80000,0x00000000ebe80000)
  from space 1536K, 92% used [0x00000000ec180000,0x00000000ec2e4010,0x00000000ec300000)
  to   space 512K, 0% used [0x00000000ec300000,0x00000000ec300000,0x00000000ec380000)
 ParOldGen       total 68608K, used 33949K [0x00000000c0000000, 0x00000000c4300000, 0x00000000eab00000)
  object space 68608K, 49% used [0x00000000c0000000,0x00000000c2127440,0x00000000c4300000)
 Metaspace       used 52612K, committed 53632K, reserved 1114112K
  class space    used 5640K, committed 6080K, reserved 1048576K
}
Event: 9.989 GC heap after
{Heap after GC invocations=24 (full 2):
 PSYoungGen      total 20480K, used 480K [0x00000000eab00000, 0x00000000ec480000, 0x0000000100000000)
  eden space 19968K, 0% used [0x00000000eab00000,0x00000000eab00000,0x00000000ebe80000)
  from space 512K, 93% used [0x00000000ec300000,0x00000000ec378010,0x00000000ec380000)
  to   space 3072K, 0% used [0x00000000ebe80000,0x00000000ebe80000,0x00000000ec180000)
 ParOldGen       total 68608K, used 36252K [0x00000000c0000000, 0x00000000c4300000, 0x00000000eab00000)
  object space 68608K, 52% used [0x00000000c0000000,0x00000000c2367098,0x00000000c4300000)
 Metaspace       used 52612K, committed 53632K, reserved 1114112K
  class space    used 5640K, committed 6080K, reserved 1048576K
}
Event: 10.201 GC heap before
{Heap before GC invocations=25 (full 2):
 PSYoungGen      total 20480K, used 20448K [0x00000000eab00000, 0x00000000ec480000, 0x0000000100000000)
  eden space 19968K, 100% used [0x00000000eab00000,0x00000000ebe80000,0x00000000ebe80000)
  from space 512K, 93% used [0x00000000ec300000,0x00000000ec378010,0x00000000ec380000)
  to   space 3072K, 0% used [0x00000000ebe80000,0x00000000ebe80000,0x00000000ec180000)
 ParOldGen       total 68608K, used 36252K [0x00000000c0000000, 0x00000000c4300000, 0x00000000eab00000)
  object space 68608K, 52% used [0x00000000c0000000,0x00000000c2367098,0x00000000c4300000)
 Metaspace       used 52693K, committed 53696K, reserved 1114112K
  class space    used 5644K, committed 6080K, reserved 1048576K
}
Event: 10.203 GC heap after
{Heap after GC invocations=25 (full 2):
 PSYoungGen      total 22016K, used 1760K [0x00000000eab00000, 0x00000000ec380000, 0x0000000100000000)
  eden space 19968K, 0% used [0x00000000eab00000,0x00000000eab00000,0x00000000ebe80000)
  from space 2048K, 85% used [0x00000000ebe80000,0x00000000ec038000,0x00000000ec080000)
  to   space 2560K, 0% used [0x00000000ec100000,0x00000000ec100000,0x00000000ec380000)
 ParOldGen       total 68608K, used 36772K [0x00000000c0000000, 0x00000000c4300000, 0x00000000eab00000)
  object space 68608K, 53% used [0x00000000c0000000,0x00000000c23e90a8,0x00000000c4300000)
 Metaspace       used 52693K, committed 53696K, reserved 1114112K
  class space    used 5644K, committed 6080K, reserved 1048576K
}
Event: 10.356 GC heap before
{Heap before GC invocations=26 (full 2):
 PSYoungGen      total 22016K, used 21728K [0x00000000eab00000, 0x00000000ec380000, 0x0000000100000000)
  eden space 19968K, 100% used [0x00000000eab00000,0x00000000ebe80000,0x00000000ebe80000)
  from space 2048K, 85% used [0x00000000ebe80000,0x00000000ec038000,0x00000000ec080000)
  to   space 2560K, 0% used [0x00000000ec100000,0x00000000ec100000,0x00000000ec380000)
 ParOldGen       total 68608K, used 36772K [0x00000000c0000000, 0x00000000c4300000, 0x00000000eab00000)
  object space 68608K, 53% used [0x00000000c0000000,0x00000000c23e90a8,0x00000000c4300000)
 Metaspace       used 52702K, committed 53696K, reserved 1114112K
  class space    used 5644K, committed 6080K, reserved 1048576K
}
Event: 10.358 GC heap after
{Heap after GC invocations=26 (full 2):
 PSYoungGen      total 22016K, used 1970K [0x00000000eab00000, 0x00000000ec300000, 0x0000000100000000)
  eden space 19968K, 0% used [0x00000000eab00000,0x00000000eab00000,0x00000000ebe80000)
  from space 2048K, 96% used [0x00000000ec100000,0x00000000ec2ecb28,0x00000000ec300000)
  to   space 2048K, 0% used [0x00000000ebe80000,0x00000000ebe80000,0x00000000ec080000)
 ParOldGen       total 68608K, used 38352K [0x00000000c0000000, 0x00000000c4300000, 0x00000000eab00000)
  object space 68608K, 55% used [0x00000000c0000000,0x00000000c25741a0,0x00000000c4300000)
 Metaspace       used 52702K, committed 53696K, reserved 1114112K
  class space    used 5644K, committed 6080K, reserved 1048576K
}
Event: 10.512 GC heap before
{Heap before GC invocations=27 (full 2):
 PSYoungGen      total 22016K, used 21938K [0x00000000eab00000, 0x00000000ec300000, 0x0000000100000000)
  eden space 19968K, 100% used [0x00000000eab00000,0x00000000ebe80000,0x00000000ebe80000)
  from space 2048K, 96% used [0x00000000ec100000,0x00000000ec2ecb28,0x00000000ec300000)
  to   space 2048K, 0% used [0x00000000ebe80000,0x00000000ebe80000,0x00000000ec080000)
 ParOldGen       total 68608K, used 38352K [0x00000000c0000000, 0x00000000c4300000, 0x00000000eab00000)
  object space 68608K, 55% used [0x00000000c0000000,0x00000000c25741a0,0x00000000c4300000)
 Metaspace       used 52852K, committed 53824K, reserved 1114112K
  class space    used 5660K, committed 6080K, reserved 1048576K
}
Event: 10.516 GC heap after
{Heap after GC invocations=27 (full 2):
 PSYoungGen      total 22016K, used 2016K [0x00000000eab00000, 0x00000000ec780000, 0x0000000100000000)
  eden space 19968K, 0% used [0x00000000eab00000,0x00000000eab00000,0x00000000ebe80000)
  from space 2048K, 98% used [0x00000000ebe80000,0x00000000ec078010,0x00000000ec080000)
  to   space 4608K, 0% used [0x00000000ec300000,0x00000000ec300000,0x00000000ec780000)
 ParOldGen       total 68608K, used 40203K [0x00000000c0000000, 0x00000000c4300000, 0x00000000eab00000)
  object space 68608K, 58% used [0x00000000c0000000,0x00000000c2742cc8,0x00000000c4300000)
 Metaspace       used 52852K, committed 53824K, reserved 1114112K
  class space    used 5660K, committed 6080K, reserved 1048576K
}
Event: 10.573 GC heap before
{Heap before GC invocations=28 (full 2):
 PSYoungGen      total 22016K, used 21984K [0x00000000eab00000, 0x00000000ec780000, 0x0000000100000000)
  eden space 19968K, 100% used [0x00000000eab00000,0x00000000ebe80000,0x00000000ebe80000)
  from space 2048K, 98% used [0x00000000ebe80000,0x00000000ec078010,0x00000000ec080000)
  to   space 4608K, 0% used [0x00000000ec300000,0x00000000ec300000,0x00000000ec780000)
 ParOldGen       total 68608K, used 40203K [0x00000000c0000000, 0x00000000c4300000, 0x00000000eab00000)
  object space 68608K, 58% used [0x00000000c0000000,0x00000000c2742cc8,0x00000000c4300000)
 Metaspace       used 52852K, committed 53824K, reserved 1114112K
  class space    used 5660K, committed 6080K, reserved 1048576K
}
Event: 10.576 GC heap after
{Heap after GC invocations=28 (full 2):
 PSYoungGen      total 22016K, used 1792K [0x00000000eab00000, 0x00000000ec500000, 0x0000000100000000)
  eden space 19968K, 0% used [0x00000000eab00000,0x00000000eab00000,0x00000000ebe80000)
  from space 2048K, 87% used [0x00000000ec300000,0x00000000ec4c0000,0x00000000ec500000)
  to   space 2560K, 0% used [0x00000000ec000000,0x00000000ec000000,0x00000000ec280000)
 ParOldGen       total 68608K, used 42155K [0x00000000c0000000, 0x00000000c4300000, 0x00000000eab00000)
  object space 68608K, 61% used [0x00000000c0000000,0x00000000c292adf8,0x00000000c4300000)
 Metaspace       used 52852K, committed 53824K, reserved 1114112K
  class space    used 5660K, committed 6080K, reserved 1048576K
}
Event: 10.652 GC heap before
{Heap before GC invocations=29 (full 2):
 PSYoungGen      total 22016K, used 21760K [0x00000000eab00000, 0x00000000ec500000, 0x0000000100000000)
  eden space 19968K, 100% used [0x00000000eab00000,0x00000000ebe80000,0x00000000ebe80000)
  from space 2048K, 87% used [0x00000000ec300000,0x00000000ec4c0000,0x00000000ec500000)
  to   space 2560K, 0% used [0x00000000ec000000,0x00000000ec000000,0x00000000ec280000)
 ParOldGen       total 68608K, used 42155K [0x00000000c0000000, 0x00000000c4300000, 0x00000000eab00000)
  object space 68608K, 61% used [0x00000000c0000000,0x00000000c292adf8,0x00000000c4300000)
 Metaspace       used 52852K, committed 53824K, reserved 1114112K
  class space    used 5660K, committed 6080K, reserved 1048576K
}
Event: 10.656 GC heap after
{Heap after GC invocations=29 (full 2):
 PSYoungGen      total 22528K, used 2176K [0x00000000eab00000, 0x00000000ec380000, 0x0000000100000000)
  eden space 19968K, 0% used [0x00000000eab00000,0x00000000eab00000,0x00000000ebe80000)
  from space 2560K, 85% used [0x00000000ec000000,0x00000000ec220010,0x00000000ec280000)
  to   space 1024K, 0% used [0x00000000ec280000,0x00000000ec280000,0x00000000ec380000)
 ParOldGen       total 68608K, used 43849K [0x00000000c0000000, 0x00000000c4300000, 0x00000000eab00000)
  object space 68608K, 63% used [0x00000000c0000000,0x00000000c2ad2678,0x00000000c4300000)
 Metaspace       used 52852K, committed 53824K, reserved 1114112K
  class space    used 5660K, committed 6080K, reserved 1048576K
}
Event: 10.720 GC heap before
{Heap before GC invocations=30 (full 2):
 PSYoungGen      total 22528K, used 22144K [0x00000000eab00000, 0x00000000ec380000, 0x0000000100000000)
  eden space 19968K, 100% used [0x00000000eab00000,0x00000000ebe80000,0x00000000ebe80000)
  from space 2560K, 85% used [0x00000000ec000000,0x00000000ec220010,0x00000000ec280000)
  to   space 1024K, 0% used [0x00000000ec280000,0x00000000ec280000,0x00000000ec380000)
 ParOldGen       total 68608K, used 43849K [0x00000000c0000000, 0x00000000c4300000, 0x00000000eab00000)
  object space 68608K, 63% used [0x00000000c0000000,0x00000000c2ad2678,0x00000000c4300000)
 Metaspace       used 52852K, committed 53824K, reserved 1114112K
  class space    used 5660K, committed 6080K, reserved 1048576K
}
Event: 10.723 GC heap after
{Heap after GC invocations=30 (full 2):
 PSYoungGen      total 20992K, used 1024K [0x00000000eab00000, 0x00000000ec680000, 0x0000000100000000)
  eden space 19968K, 0% used [0x00000000eab00000,0x00000000eab00000,0x00000000ebe80000)
  from space 1024K, 100% used [0x00000000ec280000,0x00000000ec380000,0x00000000ec380000)
  to   space 4096K, 0% used [0x00000000ebe80000,0x00000000ebe80000,0x00000000ec280000)
 ParOldGen       total 68608K, used 46497K [0x00000000c0000000, 0x00000000c4300000, 0x00000000eab00000)
  object space 68608K, 67% used [0x00000000c0000000,0x00000000c2d68688,0x00000000c4300000)
 Metaspace       used 52852K, committed 53824K, reserved 1114112K
  class space    used 5660K, committed 6080K, reserved 1048576K
}

