# JRE version: OpenJDK Runtime Environment Microsoft-8035250 (11.0.20+8) (build 11.0.20+8-LTS)
# Java VM: OpenJDK 64-Bit Server VM Microsoft-8035250 (11.0.20+8-LTS, mixed mode, tiered, compressed oops, g1 gc, windows-amd64)
Heap:
 garbage-first heap   total 186368K, used 46080K [0x000000008c000000, 0x0000000100000000)
  region size 1024K, 8 young (8192K), 8 survivors (8192K)
 Metaspace       used 44581K, capacity 45183K, committed 45440K, reserved 1089536K
  class space    used 5157K, capacity 5379K, committed 5504K, reserved 1048576K
GC Heap History (9 events):
Event: 0.515 GC heap before
{Heap before GC invocations=0 (full 0):
 garbage-first heap   total 118784K, used 28672K [0x000000008c000000, 0x0000000100000000)
  region size 1024K, 24 young (24576K), 0 survivors (0K)
 Metaspace       used 11994K, capacity 12114K, committed 12416K, reserved 1060864K
  class space    used 1052K, capacity 1077K, committed 1152K, reserved 1048576K
}
Event: 0.520 GC heap after
{Heap after GC invocations=1 (full 0):
 garbage-first heap   total 118784K, used 7377K [0x000000008c000000, 0x0000000100000000)
  region size 1024K, 3 young (3072K), 3 survivors (3072K)
 Metaspace       used 11994K, capacity 12114K, committed 12416K, reserved 1060864K
  class space    used 1052K, capacity 1077K, committed 1152K, reserved 1048576K
}
Event: 1.030 GC heap before
{Heap before GC invocations=1 (full 0):
 garbage-first heap   total 118784K, used 45265K [0x000000008c000000, 0x0000000100000000)
  region size 1024K, 41 young (41984K), 3 survivors (3072K)
 Metaspace       used 20874K, capacity 21149K, committed 21248K, reserved 1069056K
  class space    used 2158K, capacity 2263K, committed 2304K, reserved 1048576K
}
Event: 1.041 GC heap after
{Heap after GC invocations=2 (full 0):
 garbage-first heap   total 118784K, used 11277K [0x000000008c000000, 0x0000000100000000)
  region size 1024K, 7 young (7168K), 7 survivors (7168K)
 Metaspace       used 20874K, capacity 21149K, committed 21248K, reserved 1069056K
  class space    used 2158K, capacity 2263K, committed 2304K, reserved 1048576K
}
Event: 1.698 GC heap before
{Heap before GC invocations=3 (full 0):
 garbage-first heap   total 118784K, used 70669K [0x000000008c000000, 0x0000000100000000)
  region size 1024K, 56 young (57344K), 7 survivors (7168K)
 Metaspace       used 32097K, capacity 32669K, committed 33024K, reserved 1079296K
  class space    used 3752K, capacity 3973K, committed 4096K, reserved 1048576K
}
Event: 1.718 GC heap after
{Heap after GC invocations=4 (full 0):
 garbage-first heap   total 118784K, used 28169K [0x000000008c000000, 0x0000000100000000)
  region size 1024K, 7 young (7168K), 7 survivors (7168K)
 Metaspace       used 32097K, capacity 32669K, committed 33024K, reserved 1079296K
  class space    used 3752K, capacity 3973K, committed 4096K, reserved 1048576K
}
Event: 2.097 GC heap before
{Heap before GC invocations=4 (full 0):
 garbage-first heap   total 118784K, used 73225K [0x000000008c000000, 0x0000000100000000)
  region size 1024K, 52 young (53248K), 7 survivors (7168K)
 Metaspace       used 35097K, capacity 35658K, committed 35840K, reserved 1081344K
  class space    used 4207K, capacity 4429K, committed 4480K, reserved 1048576K
}
Event: 2.147 GC heap after
{Heap after GC invocations=5 (full 0):
 garbage-first heap   total 118784K, used 30720K [0x000000008c000000, 0x0000000100000000)
  region size 1024K, 8 young (8192K), 8 survivors (8192K)
 Metaspace       used 35097K, capacity 35658K, committed 35840K, reserved 1081344K
  class space    used 4207K, capacity 4429K, committed 4480K, reserved 1048576K
}
Event: 2.907 GC heap before
{Heap before GC invocations=6 (full 0):
 garbage-first heap   total 118784K, used 88064K [0x000000008c000000, 0x0000000100000000)
  region size 1024K, 57 young (58368K), 8 survivors (8192K)
 Metaspace       used 44581K, capacity 45183K, committed 45440K, reserved 1089536K
  class space    used 5157K, capacity 5379K, committed 5504K, reserved 1048576K
}

