# JRE version: OpenJDK Runtime Environment Microsoft-8035250 (11.0.20+8) (build 11.0.20+8-LTS)
# Java VM: OpenJDK 64-Bit Server VM Microsoft-8035250 (11.0.20+8-LTS, mixed mode, tiered, compressed oops, g1 gc, windows-amd64)
Heap:
 garbage-first heap   total 179200K, used 82758K [0x000000008c000000, 0x0000000100000000)
  region size 1024K, 29 young (29696K), 5 survivors (5120K)
 Metaspace       used 62675K, capacity 63504K, committed 63564K, reserved 1105920K
  class space    used 6965K, capacity 7286K, committed 7296K, reserved 1048576K
GC Heap History (16 events):
Event: 0.471 GC heap before
{Heap before GC invocations=0 (full 0):
 garbage-first heap   total 118784K, used 28672K [0x000000008c000000, 0x0000000100000000)
  region size 1024K, 24 young (24576K), 0 survivors (0K)
 Metaspace       used 12076K, capacity 12210K, committed 12416K, reserved 1060864K
  class space    used 1059K, capacity 1109K, committed 1152K, reserved 1048576K
}
Event: 0.477 GC heap after
{Heap after GC invocations=1 (full 0):
 garbage-first heap   total 118784K, used 7317K [0x000000008c000000, 0x0000000100000000)
  region size 1024K, 3 young (3072K), 3 survivors (3072K)
 Metaspace       used 12076K, capacity 12210K, committed 12416K, reserved 1060864K
  class space    used 1059K, capacity 1109K, committed 1152K, reserved 1048576K
}
Event: 0.921 GC heap before
{Heap before GC invocations=1 (full 0):
 garbage-first heap   total 118784K, used 45205K [0x000000008c000000, 0x0000000100000000)
  region size 1024K, 41 young (41984K), 3 survivors (3072K)
 Metaspace       used 20876K, capacity 21149K, committed 21248K, reserved 1069056K
  class space    used 2163K, capacity 2263K, committed 2304K, reserved 1048576K
}
Event: 0.930 GC heap after
{Heap after GC invocations=2 (full 0):
 garbage-first heap   total 118784K, used 11229K [0x000000008c000000, 0x0000000100000000)
  region size 1024K, 7 young (7168K), 7 survivors (7168K)
 Metaspace       used 20876K, capacity 21149K, committed 21248K, reserved 1069056K
  class space    used 2163K, capacity 2263K, committed 2304K, reserved 1048576K
}
Event: 1.499 GC heap before
{Heap before GC invocations=3 (full 0):
 garbage-first heap   total 118784K, used 71645K [0x000000008c000000, 0x0000000100000000)
  region size 1024K, 56 young (57344K), 7 survivors (7168K)
 Metaspace       used 32076K, capacity 32669K, committed 33024K, reserved 1079296K
  class space    used 3752K, capacity 3973K, committed 4096K, reserved 1048576K
}
Event: 1.516 GC heap after
{Heap after GC invocations=4 (full 0):
 garbage-first heap   total 118784K, used 27639K [0x000000008c000000, 0x0000000100000000)
  region size 1024K, 7 young (7168K), 7 survivors (7168K)
 Metaspace       used 32076K, capacity 32669K, committed 33024K, reserved 1079296K
  class space    used 3752K, capacity 3973K, committed 4096K, reserved 1048576K
}
Event: 1.851 GC heap before
{Heap before GC invocations=4 (full 0):
 garbage-first heap   total 118784K, used 71671K [0x000000008c000000, 0x0000000100000000)
  region size 1024K, 51 young (52224K), 7 survivors (7168K)
 Metaspace       used 35088K, capacity 35656K, committed 35840K, reserved 1081344K
  class space    used 4206K, capacity 4429K, committed 4480K, reserved 1048576K
}
Event: 1.889 GC heap after
{Heap after GC invocations=5 (full 0):
 garbage-first heap   total 118784K, used 30386K [0x000000008c000000, 0x0000000100000000)
  region size 1024K, 8 young (8192K), 8 survivors (8192K)
 Metaspace       used 35088K, capacity 35656K, committed 35840K, reserved 1081344K
  class space    used 4206K, capacity 4429K, committed 4480K, reserved 1048576K
}
Event: 2.319 GC heap before
{Heap before GC invocations=6 (full 0):
 garbage-first heap   total 118784K, used 66226K [0x000000008c000000, 0x0000000100000000)
  region size 1024K, 37 young (37888K), 8 survivors (8192K)
 Metaspace       used 40550K, capacity 41166K, committed 41472K, reserved 1085440K
  class space    used 4810K, capacity 5023K, committed 5120K, reserved 1048576K
}
Event: 2.347 GC heap after
{Heap after GC invocations=7 (full 0):
 garbage-first heap   total 179200K, used 43008K [0x000000008c000000, 0x0000000100000000)
  region size 1024K, 5 young (5120K), 5 survivors (5120K)
 Metaspace       used 40550K, capacity 41166K, committed 41472K, reserved 1085440K
  class space    used 4810K, capacity 5023K, committed 5120K, reserved 1048576K
}
Event: 3.114 GC heap before
{Heap before GC invocations=7 (full 0):
 garbage-first heap   total 179200K, used 100352K [0x000000008c000000, 0x0000000100000000)
  region size 1024K, 61 young (62464K), 5 survivors (5120K)
 Metaspace       used 50234K, capacity 50945K, committed 51200K, reserved 1093632K
  class space    used 5794K, capacity 6040K, committed 6144K, reserved 1048576K
}
Event: 3.124 GC heap after
{Heap after GC invocations=8 (full 0):
 garbage-first heap   total 179200K, used 50403K [0x000000008c000000, 0x0000000100000000)
  region size 1024K, 7 young (7168K), 7 survivors (7168K)
 Metaspace       used 50234K, capacity 50945K, committed 51200K, reserved 1093632K
  class space    used 5794K, capacity 6040K, committed 6144K, reserved 1048576K
}
Event: 4.124 GC heap before
{Heap before GC invocations=8 (full 0):
 garbage-first heap   total 179200K, used 110819K [0x000000008c000000, 0x0000000100000000)
  region size 1024K, 66 young (67584K), 7 survivors (7168K)
 Metaspace       used 57196K, capacity 57998K, committed 58112K, reserved 1099776K
  class space    used 6536K, capacity 6863K, committed 6912K, reserved 1048576K
}
Event: 4.142 GC heap after
{Heap after GC invocations=9 (full 0):
 garbage-first heap   total 179200K, used 54094K [0x000000008c000000, 0x0000000100000000)
  region size 1024K, 5 young (5120K), 5 survivors (5120K)
 Metaspace       used 57196K, capacity 57998K, committed 58112K, reserved 1099776K
  class space    used 6536K, capacity 6863K, committed 6912K, reserved 1048576K
}
Event: 4.890 GC heap before
{Heap before GC invocations=9 (full 0):
 garbage-first heap   total 179200K, used 88910K [0x000000008c000000, 0x0000000100000000)
  region size 1024K, 40 young (40960K), 5 survivors (5120K)
 Metaspace       used 59277K, capacity 60055K, committed 60160K, reserved 1101824K
  class space    used 6641K, capacity 6973K, committed 7040K, reserved 1048576K
}
Event: 4.907 GC heap after
{Heap after GC invocations=10 (full 0):
 garbage-first heap   total 179200K, used 59206K [0x000000008c000000, 0x0000000100000000)
  region size 1024K, 5 young (5120K), 5 survivors (5120K)
 Metaspace       used 59277K, capacity 60055K, committed 60160K, reserved 1101824K
  class space    used 6641K, capacity 6973K, committed 7040K, reserved 1048576K
}

