# JRE version: OpenJDK Runtime Environment Microsoft-8035250 (11.0.20+8) (build 11.0.20+8-LTS)
# Java VM: OpenJDK 64-Bit Server VM Microsoft-8035250 (11.0.20+8-LTS, mixed mode, tiered, compressed oops, g1 gc, windows-amd64)
Heap:
 garbage-first heap   total 143360K, used 106120K [0x0000000080000000, 0x0000000100000000)
  region size 1024K, 32 young (32768K), 4 survivors (4096K)
 Metaspace       used 86455K, capacity 88907K, committed 88968K, reserved 593920K
  class space    used 11090K, capacity 12155K, committed 12160K, reserved 516096K
GC Heap History (20 events):
Event: 14.191 GC heap before
{Heap before GC invocations=12 (full 0):
 garbage-first heap   total 143360K, used 98478K [0x0000000080000000, 0x0000000100000000)
  region size 1024K, 60 young (61440K), 7 survivors (7168K)
 Metaspace       used 58434K, capacity 60145K, committed 60296K, reserved 569344K
  class space    used 7541K, capacity 8260K, committed 8320K, reserved 516096K
}
Event: 14.206 GC heap after
{Heap after GC invocations=13 (full 0):
 garbage-first heap   total 143360K, used 47889K [0x0000000080000000, 0x0000000100000000)
  region size 1024K, 7 young (7168K), 7 survivors (7168K)
 Metaspace       used 58434K, capacity 60145K, committed 60296K, reserved 569344K
  class space    used 7541K, capacity 8260K, committed 8320K, reserved 516096K
}
Event: 15.403 GC heap before
{Heap before GC invocations=14 (full 0):
 garbage-first heap   total 143360K, used 107281K [0x0000000080000000, 0x0000000100000000)
  region size 1024K, 65 young (66560K), 7 survivors (7168K)
 Metaspace       used 63304K, capacity 65053K, committed 65288K, reserved 573440K
  class space    used 8183K, capacity 8914K, committed 8960K, reserved 516096K
}
Event: 15.410 GC heap after
{Heap after GC invocations=15 (full 0):
 garbage-first heap   total 143360K, used 50174K [0x0000000080000000, 0x0000000100000000)
  region size 1024K, 5 young (5120K), 5 survivors (5120K)
 Metaspace       used 63304K, capacity 65053K, committed 65288K, reserved 573440K
  class space    used 8183K, capacity 8914K, committed 8960K, reserved 516096K
}
Event: 16.223 GC heap before
{Heap before GC invocations=15 (full 0):
 garbage-first heap   total 143360K, used 108542K [0x0000000080000000, 0x0000000100000000)
  region size 1024K, 63 young (64512K), 5 survivors (5120K)
 Metaspace       used 66926K, capacity 68880K, committed 69000K, reserved 577536K
  class space    used 8651K, capacity 9496K, committed 9600K, reserved 516096K
}
Event: 16.229 GC heap after
{Heap after GC invocations=16 (full 0):
 garbage-first heap   total 143360K, used 53364K [0x0000000080000000, 0x0000000100000000)
  region size 1024K, 6 young (6144K), 6 survivors (6144K)
 Metaspace       used 66926K, capacity 68880K, committed 69000K, reserved 577536K
  class space    used 8651K, capacity 9496K, committed 9600K, reserved 516096K
}
Event: 17.449 GC heap before
{Heap before GC invocations=16 (full 0):
 garbage-first heap   total 143360K, used 110708K [0x0000000080000000, 0x0000000100000000)
  region size 1024K, 63 young (64512K), 6 survivors (6144K)
 Metaspace       used 70905K, capacity 73112K, committed 73224K, reserved 579584K
  class space    used 9219K, capacity 10136K, committed 10240K, reserved 516096K
}
Event: 17.460 GC heap after
{Heap after GC invocations=17 (full 0):
 garbage-first heap   total 143360K, used 57867K [0x0000000080000000, 0x0000000100000000)
  region size 1024K, 8 young (8192K), 8 survivors (8192K)
 Metaspace       used 70905K, capacity 73112K, committed 73224K, reserved 579584K
  class space    used 9219K, capacity 10136K, committed 10240K, reserved 516096K
}
Event: 18.683 GC heap before
{Heap before GC invocations=17 (full 0):
 garbage-first heap   total 143360K, used 113163K [0x0000000080000000, 0x0000000100000000)
  region size 1024K, 63 young (64512K), 8 survivors (8192K)
 Metaspace       used 74582K, capacity 76879K, committed 76936K, reserved 583680K
  class space    used 9629K, capacity 10577K, committed 10624K, reserved 516096K
}
Event: 18.694 GC heap after
{Heap after GC invocations=18 (full 0):
 garbage-first heap   total 143360K, used 61769K [0x0000000080000000, 0x0000000100000000)
  region size 1024K, 5 young (5120K), 5 survivors (5120K)
 Metaspace       used 74582K, capacity 76879K, committed 76936K, reserved 583680K
  class space    used 9629K, capacity 10577K, committed 10624K, reserved 516096K
}
Event: 19.988 GC heap before
{Heap before GC invocations=18 (full 0):
 garbage-first heap   total 143360K, used 117065K [0x0000000080000000, 0x0000000100000000)
  region size 1024K, 57 young (58368K), 5 survivors (5120K)
 Metaspace       used 81004K, capacity 83470K, committed 83592K, reserved 589824K
  class space    used 10349K, capacity 11360K, committed 11392K, reserved 516096K
}
Event: 19.995 GC heap after
{Heap after GC invocations=19 (full 0):
 garbage-first heap   total 143360K, used 69723K [0x0000000080000000, 0x0000000100000000)
  region size 1024K, 8 young (8192K), 8 survivors (8192K)
 Metaspace       used 81004K, capacity 83470K, committed 83592K, reserved 589824K
  class space    used 10349K, capacity 11360K, committed 11392K, reserved 516096K
}
Event: 20.008 GC heap before
{Heap before GC invocations=19 (full 0):
 garbage-first heap   total 143360K, used 75867K [0x0000000080000000, 0x0000000100000000)
  region size 1024K, 13 young (13312K), 8 survivors (8192K)
 Metaspace       used 81004K, capacity 83470K, committed 83592K, reserved 589824K
  class space    used 10349K, capacity 11360K, committed 11392K, reserved 516096K
}
Event: 20.015 GC heap after
{Heap after GC invocations=20 (full 0):
 garbage-first heap   total 143360K, used 74201K [0x0000000080000000, 0x0000000100000000)
  region size 1024K, 3 young (3072K), 3 survivors (3072K)
 Metaspace       used 81004K, capacity 83470K, committed 83592K, reserved 589824K
  class space    used 10349K, capacity 11360K, committed 11392K, reserved 516096K
}
Event: 20.421 GC heap before
{Heap before GC invocations=21 (full 0):
 garbage-first heap   total 143360K, used 104921K [0x0000000080000000, 0x0000000100000000)
  region size 1024K, 28 young (28672K), 3 survivors (3072K)
 Metaspace       used 82512K, capacity 84934K, committed 85128K, reserved 589824K
  class space    used 10550K, capacity 11544K, committed 11648K, reserved 516096K
}
Event: 20.425 GC heap after
{Heap after GC invocations=22 (full 0):
 garbage-first heap   total 143360K, used 75081K [0x0000000080000000, 0x0000000100000000)
  region size 1024K, 3 young (3072K), 3 survivors (3072K)
 Metaspace       used 82512K, capacity 84934K, committed 85128K, reserved 589824K
  class space    used 10550K, capacity 11544K, committed 11648K, reserved 516096K
}
Event: 20.925 GC heap before
{Heap before GC invocations=22 (full 0):
 garbage-first heap   total 143360K, used 102729K [0x0000000080000000, 0x0000000100000000)
  region size 1024K, 30 young (30720K), 3 survivors (3072K)
 Metaspace       used 84843K, capacity 87313K, committed 87432K, reserved 591872K
  class space    used 10850K, capacity 11842K, committed 11904K, reserved 516096K
}
Event: 20.932 GC heap after
{Heap after GC invocations=23 (full 0):
 garbage-first heap   total 143360K, used 76800K [0x0000000080000000, 0x0000000100000000)
  region size 1024K, 2 young (2048K), 2 survivors (2048K)
 Metaspace       used 84843K, capacity 87313K, committed 87432K, reserved 591872K
  class space    used 10850K, capacity 11842K, committed 11904K, reserved 516096K
}
Event: 21.405 GC heap before
{Heap before GC invocations=24 (full 0):
 garbage-first heap   total 143360K, used 105472K [0x0000000080000000, 0x0000000100000000)
  region size 1024K, 30 young (30720K), 2 survivors (2048K)
 Metaspace       used 86323K, capacity 88868K, committed 88968K, reserved 593920K
  class space    used 11078K, capacity 12122K, committed 12160K, reserved 516096K
}
Event: 21.409 GC heap after
{Heap after GC invocations=25 (full 0):
 garbage-first heap   total 143360K, used 78472K [0x0000000080000000, 0x0000000100000000)
  region size 1024K, 4 young (4096K), 4 survivors (4096K)
 Metaspace       used 86323K, capacity 88868K, committed 88968K, reserved 593920K
  class space    used 11078K, capacity 12122K, committed 12160K, reserved 516096K
}

