# JRE version: OpenJDK Runtime Environment Microsoft-8035250 (11.0.20+8) (build 11.0.20+8-LTS)
# Java VM: OpenJDK 64-Bit Server VM Microsoft-8035250 (11.0.20+8-LTS, mixed mode, tiered, compressed oops, g1 gc, windows-amd64)
Heap:
 garbage-first heap   total 118784K, used 12406K [0x000000008c000000, 0x0000000100000000)
  region size 1024K, 5 young (5120K), 5 survivors (5120K)
 Metaspace       used 24369K, capacity 24621K, committed 24704K, reserved 1103872K
  class space    used 2554K, capacity 2659K, committed 2688K, reserved 1048576K
GC Heap History (6 events):
Event: 0.362 GC heap before
{Heap before GC invocations=0 (full 0):
 garbage-first heap   total 118784K, used 28672K [0x000000008c000000, 0x0000000100000000)
  region size 1024K, 24 young (24576K), 0 survivors (0K)
 Metaspace       used 12073K, capacity 12210K, committed 12416K, reserved 1060864K
  class space    used 1059K, capacity 1109K, committed 1152K, reserved 1048576K
}
Event: 0.366 GC heap after
{Heap after GC invocations=1 (full 0):
 garbage-first heap   total 118784K, used 7321K [0x000000008c000000, 0x0000000100000000)
  region size 1024K, 3 young (3072K), 3 survivors (3072K)
 Metaspace       used 12073K, capacity 12210K, committed 12416K, reserved 1060864K
  class space    used 1059K, capacity 1109K, committed 1152K, reserved 1048576K
}
Event: 0.781 GC heap before
{Heap before GC invocations=1 (full 0):
 garbage-first heap   total 118784K, used 44185K [0x000000008c000000, 0x0000000100000000)
  region size 1024K, 40 young (40960K), 3 survivors (3072K)
 Metaspace       used 20862K, capacity 21117K, committed 21248K, reserved 1075200K
  class space    used 2152K, capacity 2231K, committed 2304K, reserved 1048576K
}
Event: 0.790 GC heap after
{Heap after GC invocations=2 (full 0):
 garbage-first heap   total 118784K, used 11225K [0x000000008c000000, 0x0000000100000000)
  region size 1024K, 7 young (7168K), 7 survivors (7168K)
 Metaspace       used 20862K, capacity 21117K, committed 21248K, reserved 1075200K
  class space    used 2152K, capacity 2231K, committed 2304K, reserved 1048576K
}
Event: 0.921 GC heap before
{Heap before GC invocations=3 (full 0):
 garbage-first heap   total 118784K, used 22489K [0x000000008c000000, 0x0000000100000000)
  region size 1024K, 19 young (19456K), 7 survivors (7168K)
 Metaspace       used 24369K, capacity 24621K, committed 24704K, reserved 1101824K
  class space    used 2554K, capacity 2659K, committed 2688K, reserved 1048576K
}
Event: 0.929 GC heap after
{Heap after GC invocations=4 (full 0):
 garbage-first heap   total 118784K, used 12406K [0x000000008c000000, 0x0000000100000000)
  region size 1024K, 5 young (5120K), 5 survivors (5120K)
 Metaspace       used 24369K, capacity 24621K, committed 24704K, reserved 1101824K
  class space    used 2554K, capacity 2659K, committed 2688K, reserved 1048576K
}

