# JRE version: OpenJDK Runtime Environment Microsoft-8035250 (11.0.20+8) (build 11.0.20+8-LTS)
# Java VM: OpenJDK 64-Bit Server VM Microsoft-8035250 (11.0.20+8-LTS, mixed mode, tiered, compressed oops, g1 gc, windows-amd64)
Heap:
 garbage-first heap   total 153600K, used 65360K [0x000000008c000000, 0x0000000100000000)
  region size 1024K, 36 young (36864K), 10 survivors (10240K)
 Metaspace       used 63158K, capacity 64023K, committed 64076K, reserved 1105920K
  class space    used 7150K, capacity 7503K, committed 7552K, reserved 1048576K
GC Heap History (14 events):
Event: 1.040 GC heap before
{Heap before GC invocations=0 (full 0):
 garbage-first heap   total 118784K, used 27648K [0x000000008c000000, 0x0000000100000000)
  region size 1024K, 24 young (24576K), 0 survivors (0K)
 Metaspace       used 12357K, capacity 12469K, committed 12800K, reserved 1060864K
  class space    used 1141K, capacity 1174K, committed 1280K, reserved 1048576K
}
Event: 1.049 GC heap after
{Heap after GC invocations=1 (full 0):
 garbage-first heap   total 118784K, used 5808K [0x000000008c000000, 0x0000000100000000)
  region size 1024K, 3 young (3072K), 3 survivors (3072K)
 Metaspace       used 12357K, capacity 12469K, committed 12800K, reserved 1060864K
  class space    used 1141K, capacity 1174K, committed 1280K, reserved 1048576K
}
Event: 2.248 GC heap before
{Heap before GC invocations=1 (full 0):
 garbage-first heap   total 118784K, used 41648K [0x000000008c000000, 0x0000000100000000)
  region size 1024K, 39 young (39936K), 3 survivors (3072K)
 Metaspace       used 20972K, capacity 21150K, committed 21248K, reserved 1069056K
  class space    used 2175K, capacity 2248K, committed 2304K, reserved 1048576K
}
Event: 2.269 GC heap after
{Heap after GC invocations=2 (full 0):
 garbage-first heap   total 118784K, used 9216K [0x000000008c000000, 0x0000000100000000)
  region size 1024K, 6 young (6144K), 6 survivors (6144K)
 Metaspace       used 20972K, capacity 21150K, committed 21248K, reserved 1069056K
  class space    used 2175K, capacity 2248K, committed 2304K, reserved 1048576K
}
Event: 3.911 GC heap before
{Heap before GC invocations=3 (full 0):
 garbage-first heap   total 118784K, used 60416K [0x000000008c000000, 0x0000000100000000)
  region size 1024K, 51 young (52224K), 6 survivors (6144K)
 Metaspace       used 31698K, capacity 32109K, committed 32256K, reserved 1077248K
  class space    used 3899K, capacity 4084K, committed 4096K, reserved 1048576K
}
Event: 3.950 GC heap after
{Heap after GC invocations=4 (full 0):
 garbage-first heap   total 118784K, used 20360K [0x000000008c000000, 0x0000000100000000)
  region size 1024K, 7 young (7168K), 7 survivors (7168K)
 Metaspace       used 31698K, capacity 32109K, committed 32256K, reserved 1077248K
  class space    used 3899K, capacity 4084K, committed 4096K, reserved 1048576K
}
Event: 4.468 GC heap before
{Heap before GC invocations=4 (full 0):
 garbage-first heap   total 118784K, used 36744K [0x000000008c000000, 0x0000000100000000)
  region size 1024K, 24 young (24576K), 7 survivors (7168K)
 Metaspace       used 35359K, capacity 35769K, committed 35840K, reserved 1081344K
  class space    used 4295K, capacity 4472K, committed 4480K, reserved 1048576K
}
Event: 4.510 GC heap after
{Heap after GC invocations=5 (full 0):
 garbage-first heap   total 118784K, used 20202K [0x000000008c000000, 0x0000000100000000)
  region size 1024K, 2 young (2048K), 2 survivors (2048K)
 Metaspace       used 35359K, capacity 35769K, committed 35840K, reserved 1081344K
  class space    used 4295K, capacity 4472K, committed 4480K, reserved 1048576K
}
Event: 6.128 GC heap before
{Heap before GC invocations=6 (full 0):
 garbage-first heap   total 118784K, used 64234K [0x000000008c000000, 0x0000000100000000)
  region size 1024K, 45 young (46080K), 2 survivors (2048K)
 Metaspace       used 44973K, capacity 45498K, committed 45696K, reserved 1089536K
  class space    used 5210K, capacity 5405K, committed 5504K, reserved 1048576K
}
Event: 6.148 GC heap after
{Heap after GC invocations=7 (full 0):
 garbage-first heap   total 153600K, used 23551K [0x000000008c000000, 0x0000000100000000)
  region size 1024K, 6 young (6144K), 6 survivors (6144K)
 Metaspace       used 44973K, capacity 45498K, committed 45696K, reserved 1089536K
  class space    used 5210K, capacity 5405K, committed 5504K, reserved 1048576K
}
Event: 7.618 GC heap before
{Heap before GC invocations=7 (full 0):
 garbage-first heap   total 153600K, used 81919K [0x000000008c000000, 0x0000000100000000)
  region size 1024K, 60 young (61440K), 6 survivors (6144K)
 Metaspace       used 51670K, capacity 52362K, committed 52608K, reserved 1095680K
  class space    used 5911K, capacity 6190K, committed 6272K, reserved 1048576K
}
Event: 7.644 GC heap after
{Heap after GC invocations=8 (full 0):
 garbage-first heap   total 153600K, used 30372K [0x000000008c000000, 0x0000000100000000)
  region size 1024K, 8 young (8192K), 8 survivors (8192K)
 Metaspace       used 51670K, capacity 52362K, committed 52608K, reserved 1095680K
  class space    used 5911K, capacity 6190K, committed 6272K, reserved 1048576K
}
Event: 10.866 GC heap before
{Heap before GC invocations=8 (full 0):
 garbage-first heap   total 153600K, used 103076K [0x000000008c000000, 0x0000000100000000)
  region size 1024K, 80 young (81920K), 8 survivors (8192K)
 Metaspace       used 59490K, capacity 60229K, committed 60288K, reserved 1101824K
  class space    used 6723K, capacity 7012K, committed 7040K, reserved 1048576K
}
Event: 10.972 GC heap after
{Heap after GC invocations=9 (full 0):
 garbage-first heap   total 153600K, used 39760K [0x000000008c000000, 0x0000000100000000)
  region size 1024K, 10 young (10240K), 10 survivors (10240K)
 Metaspace       used 59490K, capacity 60229K, committed 60288K, reserved 1101824K
  class space    used 6723K, capacity 7012K, committed 7040K, reserved 1048576K
}

