# JRE version: OpenJDK Runtime Environment Microsoft-8035250 (11.0.20+8) (build 11.0.20+8-LTS)
# Java VM: OpenJDK 64-Bit Server VM Microsoft-8035250 (11.0.20+8-LTS, mixed mode, tiered, compressed oops, g1 gc, windows-amd64)
Heap:
 garbage-first heap   total 182272K, used 58157K [0x000000008c000000, 0x0000000100000000)
  region size 1024K, 15 young (15360K), 7 survivors (7168K)
 Metaspace       used 61013K, capacity 61797K, committed 62080K, reserved 1103872K
  class space    used 6894K, capacity 7238K, committed 7296K, reserved 1048576K
GC Heap History (18 events):
Event: 1.123 GC heap before
{Heap before GC invocations=0 (full 0):
 garbage-first heap   total 118784K, used 27648K [0x000000008c000000, 0x0000000100000000)
  region size 1024K, 24 young (24576K), 0 survivors (0K)
 Metaspace       used 12262K, capacity 12408K, committed 12544K, reserved 1060864K
  class space    used 1134K, capacity 1175K, committed 1280K, reserved 1048576K
}
Event: 1.132 GC heap after
{Heap after GC invocations=1 (full 0):
 garbage-first heap   total 118784K, used 5723K [0x000000008c000000, 0x0000000100000000)
  region size 1024K, 3 young (3072K), 3 survivors (3072K)
 Metaspace       used 12262K, capacity 12408K, committed 12544K, reserved 1060864K
  class space    used 1134K, capacity 1175K, committed 1280K, reserved 1048576K
}
Event: 2.319 GC heap before
{Heap before GC invocations=1 (full 0):
 garbage-first heap   total 118784K, used 42587K [0x000000008c000000, 0x0000000100000000)
  region size 1024K, 40 young (40960K), 3 survivors (3072K)
 Metaspace       used 20966K, capacity 21182K, committed 21248K, reserved 1069056K
  class space    used 2188K, capacity 2280K, committed 2304K, reserved 1048576K
}
Event: 2.338 GC heap after
{Heap after GC invocations=2 (full 0):
 garbage-first heap   total 118784K, used 9387K [0x000000008c000000, 0x0000000100000000)
  region size 1024K, 7 young (7168K), 7 survivors (7168K)
 Metaspace       used 20966K, capacity 21182K, committed 21248K, reserved 1069056K
  class space    used 2188K, capacity 2280K, committed 2304K, reserved 1048576K
}
Event: 4.023 GC heap before
{Heap before GC invocations=3 (full 0):
 garbage-first heap   total 118784K, used 62635K [0x000000008c000000, 0x0000000100000000)
  region size 1024K, 54 young (55296K), 7 survivors (7168K)
 Metaspace       used 32029K, capacity 32474K, committed 32640K, reserved 1077248K
  class space    used 3923K, capacity 4116K, committed 4224K, reserved 1048576K
}
Event: 4.065 GC heap after
{Heap after GC invocations=4 (full 0):
 garbage-first heap   total 118784K, used 20601K [0x000000008c000000, 0x0000000100000000)
  region size 1024K, 7 young (7168K), 7 survivors (7168K)
 Metaspace       used 32029K, capacity 32474K, committed 32640K, reserved 1077248K
  class space    used 3923K, capacity 4116K, committed 4224K, reserved 1048576K
}
Event: 4.494 GC heap before
{Heap before GC invocations=4 (full 0):
 garbage-first heap   total 118784K, used 34937K [0x000000008c000000, 0x0000000100000000)
  region size 1024K, 22 young (22528K), 7 survivors (7168K)
 Metaspace       used 35363K, capacity 35786K, committed 35840K, reserved 1081344K
  class space    used 4294K, capacity 4474K, committed 4480K, reserved 1048576K
}
Event: 4.521 GC heap after
{Heap after GC invocations=5 (full 0):
 garbage-first heap   total 118784K, used 22528K [0x000000008c000000, 0x0000000100000000)
  region size 1024K, 6 young (6144K), 6 survivors (6144K)
 Metaspace       used 35363K, capacity 35786K, committed 35840K, reserved 1081344K
  class space    used 4294K, capacity 4474K, committed 4480K, reserved 1048576K
}
Event: 4.849 GC heap before
{Heap before GC invocations=6 (full 0):
 garbage-first heap   total 118784K, used 36864K [0x000000008c000000, 0x0000000100000000)
  region size 1024K, 20 young (20480K), 6 survivors (6144K)
 Metaspace       used 37780K, capacity 38243K, committed 38272K, reserved 1083392K
  class space    used 4562K, capacity 4736K, committed 4736K, reserved 1048576K
}
Event: 4.870 GC heap after
{Heap after GC invocations=7 (full 0):
 garbage-first heap   total 146432K, used 22288K [0x000000008c000000, 0x0000000100000000)
  region size 1024K, 3 young (3072K), 3 survivors (3072K)
 Metaspace       used 37780K, capacity 38243K, committed 38272K, reserved 1083392K
  class space    used 4562K, capacity 4736K, committed 4736K, reserved 1048576K
}
Event: 6.587 GC heap before
{Heap before GC invocations=7 (full 0):
 garbage-first heap   total 146432K, used 77584K [0x000000008c000000, 0x0000000100000000)
  region size 1024K, 55 young (56320K), 3 survivors (3072K)
 Metaspace       used 48159K, capacity 48643K, committed 48896K, reserved 1091584K
  class space    used 5578K, capacity 5789K, committed 5888K, reserved 1048576K
}
Event: 6.619 GC heap after
{Heap after GC invocations=8 (full 0):
 garbage-first heap   total 146432K, used 30991K [0x000000008c000000, 0x0000000100000000)
  region size 1024K, 7 young (7168K), 7 survivors (7168K)
 Metaspace       used 48159K, capacity 48643K, committed 48896K, reserved 1091584K
  class space    used 5578K, capacity 5789K, committed 5888K, reserved 1048576K
}
Event: 7.919 GC heap before
{Heap before GC invocations=8 (full 0):
 garbage-first heap   total 146432K, used 85263K [0x000000008c000000, 0x0000000100000000)
  region size 1024K, 59 young (60416K), 7 survivors (7168K)
 Metaspace       used 51003K, capacity 51562K, committed 51712K, reserved 1095680K
  class space    used 5797K, capacity 6039K, committed 6144K, reserved 1048576K
}
Event: 7.954 GC heap after
{Heap after GC invocations=9 (full 0):
 garbage-first heap   total 146432K, used 38125K [0x000000008c000000, 0x0000000100000000)
  region size 1024K, 7 young (7168K), 7 survivors (7168K)
 Metaspace       used 51003K, capacity 51562K, committed 51712K, reserved 1095680K
  class space    used 5797K, capacity 6039K, committed 6144K, reserved 1048576K
}
Event: 10.331 GC heap before
{Heap before GC invocations=9 (full 0):
 garbage-first heap   total 146432K, used 71917K [0x000000008c000000, 0x0000000100000000)
  region size 1024K, 41 young (41984K), 7 survivors (7168K)
 Metaspace       used 59301K, capacity 60071K, committed 60160K, reserved 1101824K
  class space    used 6762K, capacity 7094K, committed 7168K, reserved 1048576K
}
Event: 10.364 GC heap after
{Heap after GC invocations=10 (full 0):
 garbage-first heap   total 146432K, used 41727K [0x000000008c000000, 0x0000000100000000)
  region size 1024K, 4 young (4096K), 4 survivors (4096K)
 Metaspace       used 59301K, capacity 60071K, committed 60160K, reserved 1101824K
  class space    used 6762K, capacity 7094K, committed 7168K, reserved 1048576K
}
Event: 11.997 GC heap before
{Heap before GC invocations=11 (full 0):
 garbage-first heap   total 146432K, used 94975K [0x000000008c000000, 0x0000000100000000)
  region size 1024K, 56 young (57344K), 4 survivors (4096K)
 Metaspace       used 60508K, capacity 61330K, committed 61440K, reserved 1103872K
  class space    used 6822K, capacity 7167K, committed 7168K, reserved 1048576K
}
Event: 12.045 GC heap after
{Heap after GC invocations=12 (full 0):
 garbage-first heap   total 182272K, used 50989K [0x000000008c000000, 0x0000000100000000)
  region size 1024K, 7 young (7168K), 7 survivors (7168K)
 Metaspace       used 60508K, capacity 61330K, committed 61440K, reserved 1103872K
  class space    used 6822K, capacity 7167K, committed 7168K, reserved 1048576K
}

