# JRE version: OpenJDK Runtime Environment Microsoft-8035250 (11.0.20+8) (build 11.0.20+8-LTS)
# Java VM: OpenJDK 64-Bit Server VM Microsoft-8035250 (11.0.20+8-LTS, mixed mode, tiered, compressed oops, g1 gc, windows-amd64)
Heap:
 garbage-first heap   total 299008K, used 249298K [0x0000000080000000, 0x0000000100000000)
  region size 1024K, 19 young (19456K), 4 survivors (4096K)
 Metaspace       used 141936K, capacity 147692K, committed 147848K, reserved 645120K
  class space    used 17857K, capacity 19983K, committed 20096K, reserved 516096K
GC Heap History (20 events):
Event: 42.965 GC heap before
{Heap before GC invocations=103 (full 0):
 garbage-first heap   total 299008K, used 251972K [0x0000000080000000, 0x0000000100000000)
  region size 1024K, 6 young (6144K), 1 survivors (1024K)
 Metaspace       used 132812K, capacity 138148K, committed 138504K, reserved 636928K
  class space    used 16783K, capacity 18824K, committed 18944K, reserved 516096K
}
Event: 42.969 GC heap after
{Heap after GC invocations=104 (full 0):
 garbage-first heap   total 299008K, used 247972K [0x0000000080000000, 0x0000000100000000)
  region size 1024K, 1 young (1024K), 1 survivors (1024K)
 Metaspace       used 132812K, capacity 138148K, committed 138504K, reserved 636928K
  class space    used 16783K, capacity 18824K, committed 18944K, reserved 516096K
}
Event: 43.400 GC heap before
{Heap before GC invocations=105 (full 0):
 garbage-first heap   total 299008K, used 255715K [0x0000000080000000, 0x0000000100000000)
  region size 1024K, 14 young (14336K), 1 survivors (1024K)
 Metaspace       used 132781K, capacity 138096K, committed 138504K, reserved 636928K
  class space    used 16772K, capacity 18807K, committed 18944K, reserved 516096K
}
Event: 43.403 GC heap after
{Heap after GC invocations=106 (full 0):
 garbage-first heap   total 299008K, used 240141K [0x0000000080000000, 0x0000000100000000)
  region size 1024K, 2 young (2048K), 2 survivors (2048K)
 Metaspace       used 132781K, capacity 138096K, committed 138504K, reserved 636928K
  class space    used 16772K, capacity 18807K, committed 18944K, reserved 516096K
}
Event: 44.093 GC heap before
{Heap before GC invocations=106 (full 0):
 garbage-first heap   total 299008K, used 255501K [0x0000000080000000, 0x0000000100000000)
  region size 1024K, 14 young (14336K), 2 survivors (2048K)
 Metaspace       used 132791K, capacity 138096K, committed 138504K, reserved 636928K
  class space    used 16772K, capacity 18807K, committed 18944K, reserved 516096K
}
Event: 44.103 GC heap after
{Heap after GC invocations=107 (full 0):
 garbage-first heap   total 299008K, used 218621K [0x0000000080000000, 0x0000000100000000)
  region size 1024K, 2 young (2048K), 2 survivors (2048K)
 Metaspace       used 132791K, capacity 138096K, committed 138504K, reserved 636928K
  class space    used 16772K, capacity 18807K, committed 18944K, reserved 516096K
}
Event: 44.604 GC heap before
{Heap before GC invocations=107 (full 0):
 garbage-first heap   total 299008K, used 244221K [0x0000000080000000, 0x0000000100000000)
  region size 1024K, 28 young (28672K), 2 survivors (2048K)
 Metaspace       used 133088K, capacity 138457K, committed 138760K, reserved 636928K
  class space    used 16791K, capacity 18841K, committed 18944K, reserved 516096K
}
Event: 44.608 GC heap after
{Heap after GC invocations=108 (full 0):
 garbage-first heap   total 299008K, used 219775K [0x0000000080000000, 0x0000000100000000)
  region size 1024K, 3 young (3072K), 3 survivors (3072K)
 Metaspace       used 133088K, capacity 138457K, committed 138760K, reserved 636928K
  class space    used 16791K, capacity 18841K, committed 18944K, reserved 516096K
}
Event: 44.903 GC heap before
{Heap before GC invocations=108 (full 0):
 garbage-first heap   total 299008K, used 250495K [0x0000000080000000, 0x0000000100000000)
  region size 1024K, 30 young (30720K), 3 survivors (3072K)
 Metaspace       used 133973K, capacity 139301K, committed 139528K, reserved 636928K
  class space    used 16882K, capacity 18921K, committed 18944K, reserved 516096K
}
Event: 44.908 GC heap after
{Heap after GC invocations=109 (full 0):
 garbage-first heap   total 299008K, used 222681K [0x0000000080000000, 0x0000000100000000)
  region size 1024K, 4 young (4096K), 4 survivors (4096K)
 Metaspace       used 133973K, capacity 139301K, committed 139528K, reserved 636928K
  class space    used 16882K, capacity 18921K, committed 18944K, reserved 516096K
}
Event: 45.154 GC heap before
{Heap before GC invocations=109 (full 0):
 garbage-first heap   total 299008K, used 248281K [0x0000000080000000, 0x0000000100000000)
  region size 1024K, 30 young (30720K), 4 survivors (4096K)
 Metaspace       used 134160K, capacity 139487K, committed 139656K, reserved 636928K
  class space    used 16904K, capacity 18957K, committed 19072K, reserved 516096K
}
Event: 45.159 GC heap after
{Heap after GC invocations=110 (full 0):
 garbage-first heap   total 299008K, used 225891K [0x0000000080000000, 0x0000000100000000)
  region size 1024K, 4 young (4096K), 4 survivors (4096K)
 Metaspace       used 134160K, capacity 139487K, committed 139656K, reserved 636928K
  class space    used 16904K, capacity 18957K, committed 19072K, reserved 516096K
}
Event: 45.313 GC heap before
{Heap before GC invocations=110 (full 0):
 garbage-first heap   total 299008K, used 250467K [0x0000000080000000, 0x0000000100000000)
  region size 1024K, 29 young (29696K), 4 survivors (4096K)
 Metaspace       used 134533K, capacity 139839K, committed 140168K, reserved 638976K
  class space    used 16957K, capacity 18989K, committed 19072K, reserved 516096K
}
Event: 45.319 GC heap after
{Heap after GC invocations=111 (full 0):
 garbage-first heap   total 299008K, used 229122K [0x0000000080000000, 0x0000000100000000)
  region size 1024K, 4 young (4096K), 4 survivors (4096K)
 Metaspace       used 134533K, capacity 139839K, committed 140168K, reserved 638976K
  class space    used 16957K, capacity 18989K, committed 19072K, reserved 516096K
}
Event: 45.522 GC heap before
{Heap before GC invocations=111 (full 0):
 garbage-first heap   total 299008K, used 257794K [0x0000000080000000, 0x0000000100000000)
  region size 1024K, 29 young (29696K), 4 survivors (4096K)
 Metaspace       used 134849K, capacity 140304K, committed 140424K, reserved 638976K
  class space    used 16991K, capacity 19047K, committed 19072K, reserved 516096K
}
Event: 45.556 GC heap after
{Heap after GC invocations=112 (full 0):
 garbage-first heap   total 299008K, used 229327K [0x0000000080000000, 0x0000000100000000)
  region size 1024K, 2 young (2048K), 2 survivors (2048K)
 Metaspace       used 134849K, capacity 140304K, committed 140424K, reserved 638976K
  class space    used 16991K, capacity 19047K, committed 19072K, reserved 516096K
}
Event: 45.713 GC heap before
{Heap before GC invocations=112 (full 0):
 garbage-first heap   total 299008K, used 254927K [0x0000000080000000, 0x0000000100000000)
  region size 1024K, 28 young (28672K), 2 survivors (2048K)
 Metaspace       used 135079K, capacity 140499K, committed 140680K, reserved 638976K
  class space    used 17012K, capacity 19058K, committed 19072K, reserved 516096K
}
Event: 45.716 GC heap after
{Heap after GC invocations=113 (full 0):
 garbage-first heap   total 299008K, used 230276K [0x0000000080000000, 0x0000000100000000)
  region size 1024K, 3 young (3072K), 3 survivors (3072K)
 Metaspace       used 135079K, capacity 140499K, committed 140680K, reserved 638976K
  class space    used 17012K, capacity 19058K, committed 19072K, reserved 516096K
}
Event: 46.858 GC heap before
{Heap before GC invocations=113 (full 0):
 garbage-first heap   total 299008K, used 257924K [0x0000000080000000, 0x0000000100000000)
  region size 1024K, 29 young (29696K), 3 survivors (3072K)
 Metaspace       used 141750K, capacity 147439K, committed 147464K, reserved 645120K
  class space    used 17834K, capacity 19964K, committed 19968K, reserved 516096K
}
Event: 46.864 GC heap after
{Heap after GC invocations=114 (full 0):
 garbage-first heap   total 299008K, used 232914K [0x0000000080000000, 0x0000000100000000)
  region size 1024K, 4 young (4096K), 4 survivors (4096K)
 Metaspace       used 141750K, capacity 147439K, committed 147464K, reserved 645120K
  class space    used 17834K, capacity 19964K, committed 19968K, reserved 516096K
}

